Buildfile: /home/hessahalkaoud/github/Quality-of-Test-suites-for-TDD-applications/source_code/jfreechart-1.0.17/build.xml

test-offline:

get-deps:
      [get] Getting: https://oss.sonatype.org/content/repositories/snapshots/org/jfree/jcommon/1.0.17/jcommon-1.0.17.jar
      [get] To: /home/hessahalkaoud/.m2/repository/org/jfree/jcommon/1.0.17/jcommon-1.0.17.jar
      [get] Error opening connection java.io.FileNotFoundException: https://oss.sonatype.org/content/repositories/snapshots/org/jfree/jcommon/1.0.17/jcommon-1.0.17.jar
      [get] Error opening connection java.io.FileNotFoundException: https://oss.sonatype.org/content/repositories/snapshots/org/jfree/jcommon/1.0.17/jcommon-1.0.17.jar
      [get] Error opening connection java.io.FileNotFoundException: https://oss.sonatype.org/content/repositories/snapshots/org/jfree/jcommon/1.0.17/jcommon-1.0.17.jar
      [get] Can't get https://oss.sonatype.org/content/repositories/snapshots/org/jfree/jcommon/1.0.17/jcommon-1.0.17.jar to /home/hessahalkaoud/.m2/repository/org/jfree/jcommon/1.0.17/jcommon-1.0.17.jar
      [get] Getting: http://repo1.maven.org/maven2/org/jfree/jcommon/1.0.17/jcommon-1.0.17.jar
      [get] To: /home/hessahalkaoud/.m2/repository/org/jfree/jcommon/1.0.17/jcommon-1.0.17.jar
      [get] Getting: https://oss.sonatype.org/content/repositories/snapshots/xml-apis/xml-apis/1.3.04/xml-apis-1.3.04.jar
      [get] To: /home/hessahalkaoud/.m2/repository/xml-apis/xml-apis/1.3.04/xml-apis-1.3.04.jar
      [get] Error opening connection java.io.FileNotFoundException: https://oss.sonatype.org/content/repositories/snapshots/xml-apis/xml-apis/1.3.04/xml-apis-1.3.04.jar
      [get] Error opening connection java.io.FileNotFoundException: https://oss.sonatype.org/content/repositories/snapshots/xml-apis/xml-apis/1.3.04/xml-apis-1.3.04.jar
      [get] Error opening connection java.io.FileNotFoundException: https://oss.sonatype.org/content/repositories/snapshots/xml-apis/xml-apis/1.3.04/xml-apis-1.3.04.jar
      [get] Can't get https://oss.sonatype.org/content/repositories/snapshots/xml-apis/xml-apis/1.3.04/xml-apis-1.3.04.jar to /home/hessahalkaoud/.m2/repository/xml-apis/xml-apis/1.3.04/xml-apis-1.3.04.jar
      [get] Getting: http://repo1.maven.org/maven2/xml-apis/xml-apis/1.3.04/xml-apis-1.3.04.jar
      [get] To: /home/hessahalkaoud/.m2/repository/xml-apis/xml-apis/1.3.04/xml-apis-1.3.04.jar
      [get] Getting: https://oss.sonatype.org/content/repositories/snapshots/javax/servlet/servlet-api/2.5/servlet-api-2.5.jar
      [get] To: /home/hessahalkaoud/.m2/repository/javax/servlet/servlet-api/2.5/servlet-api-2.5.jar
      [get] Error opening connection java.io.FileNotFoundException: https://oss.sonatype.org/content/repositories/snapshots/javax/servlet/servlet-api/2.5/servlet-api-2.5.jar
      [get] Error opening connection java.io.FileNotFoundException: https://oss.sonatype.org/content/repositories/snapshots/javax/servlet/servlet-api/2.5/servlet-api-2.5.jar
      [get] Error opening connection java.io.FileNotFoundException: https://oss.sonatype.org/content/repositories/snapshots/javax/servlet/servlet-api/2.5/servlet-api-2.5.jar
      [get] Can't get https://oss.sonatype.org/content/repositories/snapshots/javax/servlet/servlet-api/2.5/servlet-api-2.5.jar to /home/hessahalkaoud/.m2/repository/javax/servlet/servlet-api/2.5/servlet-api-2.5.jar
      [get] Getting: http://repo1.maven.org/maven2/javax/servlet/servlet-api/2.5/servlet-api-2.5.jar
      [get] To: /home/hessahalkaoud/.m2/repository/javax/servlet/servlet-api/2.5/servlet-api-2.5.jar
      [get] Getting: https://oss.sonatype.org/content/repositories/snapshots/junit/junit/4.11/junit-4.11.jar
      [get] To: /home/hessahalkaoud/.m2/repository/junit/junit/4.11/junit-4.11.jar
      [get] Error opening connection java.io.FileNotFoundException: https://oss.sonatype.org/content/repositories/snapshots/junit/junit/4.11/junit-4.11.jar
      [get] Error opening connection java.io.FileNotFoundException: https://oss.sonatype.org/content/repositories/snapshots/junit/junit/4.11/junit-4.11.jar
      [get] Error opening connection java.io.FileNotFoundException: https://oss.sonatype.org/content/repositories/snapshots/junit/junit/4.11/junit-4.11.jar
      [get] Can't get https://oss.sonatype.org/content/repositories/snapshots/junit/junit/4.11/junit-4.11.jar to /home/hessahalkaoud/.m2/repository/junit/junit/4.11/junit-4.11.jar
      [get] Getting: http://repo1.maven.org/maven2/junit/junit/4.11/junit-4.11.jar
      [get] To: /home/hessahalkaoud/.m2/repository/junit/junit/4.11/junit-4.11.jar
      [get] Getting: https://oss.sonatype.org/content/repositories/snapshots/org/hamcrest/hamcrest-core/1.3/hamcrest-core-1.3.jar
      [get] To: /home/hessahalkaoud/.m2/repository/org/hamcrest/hamcrest-core/1.3/hamcrest-core-1.3.jar
      [get] Error opening connection java.io.FileNotFoundException: https://oss.sonatype.org/content/repositories/snapshots/org/hamcrest/hamcrest-core/1.3/hamcrest-core-1.3.jar
      [get] Error opening connection java.io.FileNotFoundException: https://oss.sonatype.org/content/repositories/snapshots/org/hamcrest/hamcrest-core/1.3/hamcrest-core-1.3.jar
      [get] Error opening connection java.io.FileNotFoundException: https://oss.sonatype.org/content/repositories/snapshots/org/hamcrest/hamcrest-core/1.3/hamcrest-core-1.3.jar
      [get] Can't get https://oss.sonatype.org/content/repositories/snapshots/org/hamcrest/hamcrest-core/1.3/hamcrest-core-1.3.jar to /home/hessahalkaoud/.m2/repository/org/hamcrest/hamcrest-core/1.3/hamcrest-core-1.3.jar
      [get] Getting: http://repo1.maven.org/maven2/org/hamcrest/hamcrest-core/1.3/hamcrest-core-1.3.jar
      [get] To: /home/hessahalkaoud/.m2/repository/org/hamcrest/hamcrest-core/1.3/hamcrest-core-1.3.jar

compile:

compile-tests:
    [javac] /home/hessahalkaoud/github/Quality-of-Test-suites-for-TDD-applications/source_code/jfreechart-1.0.17/build.xml:124: warning: 'includeantruntime' was not set, defaulting to build.sysclasspath=last; set to false for repeatable builds

test-junit-present:

test-junit-status:

junit-missing:

test:
[jacoco:coverage] Enhancing junit with coverage
    [junit] Running org.jfree.chart.AreaChartTest
    [junit] Tests run: 4, Failures: 0, Errors: 0, Time elapsed: 1.919 sec
    [junit] Running org.jfree.chart.BarChart3DTest
    [junit] Tests run: 4, Failures: 0, Errors: 0, Time elapsed: 2.173 sec
    [junit] Running org.jfree.chart.BarChartTest
    [junit] Tests run: 4, Failures: 0, Errors: 0, Time elapsed: 1.86 sec
    [junit] Running org.jfree.chart.ChartPanelTest
    [junit] Tests run: 14, Failures: 0, Errors: 0, Time elapsed: 1.078 sec
    [junit] Running org.jfree.chart.ChartRenderingInfoTest
    [junit] Tests run: 4, Failures: 0, Errors: 0, Time elapsed: 0.107 sec
    [junit] Running org.jfree.chart.GanttChartTest
    [junit] Tests run: 5, Failures: 0, Errors: 0, Time elapsed: 2.07 sec
    [junit] Running org.jfree.chart.HashUtilitiesTest
    [junit] Tests run: 1, Failures: 0, Errors: 0, Time elapsed: 0.065 sec
    [junit] Running org.jfree.chart.JFreeChartTest
    [junit] Tests run: 12, Failures: 0, Errors: 0, Time elapsed: 1.522 sec
    [junit] Running org.jfree.chart.LegendItemCollectionTest
    [junit] Tests run: 3, Failures: 0, Errors: 0, Time elapsed: 0.128 sec
    [junit] Running org.jfree.chart.LegendItemTest
    [junit] Tests run: 4, Failures: 0, Errors: 0, Time elapsed: 0.143 sec
    [junit] Running org.jfree.chart.LineChart3DTest
    [junit] Tests run: 4, Failures: 0, Errors: 0, Time elapsed: 1.92 sec
    [junit] Running org.jfree.chart.LineChartTest
    [junit] Tests run: 4, Failures: 0, Errors: 0, Time elapsed: 1.771 sec
    [junit] Running org.jfree.chart.MeterChartTest
    [junit] Tests run: 1, Failures: 0, Errors: 0, Time elapsed: 0.905 sec
    [junit] Running org.jfree.chart.PaintMapTest
    [junit] Tests run: 7, Failures: 0, Errors: 0, Time elapsed: 0.078 sec
    [junit] Running org.jfree.chart.PieChart3DTest
    [junit] Tests run: 2, Failures: 0, Errors: 0, Time elapsed: 1.946 sec
    [junit] Running org.jfree.chart.PieChartTest
    [junit] Tests run: 1, Failures: 0, Errors: 0, Time elapsed: 1.511 sec
    [junit] Running org.jfree.chart.ScatterPlotTest
    [junit] Tests run: 3, Failures: 0, Errors: 0, Time elapsed: 1.978 sec
    [junit] Running org.jfree.chart.StackedAreaChartTest
    [junit] Tests run: 4, Failures: 0, Errors: 0, Time elapsed: 2.004 sec
    [junit] Running org.jfree.chart.StackedBarChart3DTest
    [junit] Tests run: 4, Failures: 0, Errors: 0, Time elapsed: 1.956 sec
    [junit] Running org.jfree.chart.StackedBarChartTest
    [junit] Tests run: 4, Failures: 0, Errors: 0, Time elapsed: 1.721 sec
    [junit] Running org.jfree.chart.StandardChartThemeTest
    [junit] Tests run: 3, Failures: 0, Errors: 0, Time elapsed: 1.684 sec
    [junit] Running org.jfree.chart.StrokeMapTest
    [junit] Tests run: 6, Failures: 0, Errors: 0, Time elapsed: 0.101 sec
    [junit] Running org.jfree.chart.TimeSeriesChartTest
    [junit] Tests run: 3, Failures: 0, Errors: 0, Time elapsed: 2.375 sec
    [junit] Running org.jfree.chart.WaterfallChartTest
    [junit] Tests run: 3, Failures: 0, Errors: 0, Time elapsed: 1.923 sec
    [junit] Running org.jfree.chart.XYAreaChartTest
    [junit] Tests run: 3, Failures: 0, Errors: 0, Time elapsed: 1.992 sec
    [junit] Running org.jfree.chart.XYBarChartTest
    [junit] Tests run: 3, Failures: 0, Errors: 0, Time elapsed: 2.274 sec
    [junit] Running org.jfree.chart.XYLineChartTest
    [junit] Tests run: 3, Failures: 0, Errors: 0, Time elapsed: 1.865 sec
    [junit] Running org.jfree.chart.XYStepAreaChartTest
    [junit] Tests run: 3, Failures: 0, Errors: 0, Time elapsed: 1.935 sec
    [junit] Running org.jfree.chart.XYStepChartTest
    [junit] Tests run: 3, Failures: 0, Errors: 0, Time elapsed: 2.186 sec
    [junit] Running org.jfree.chart.annotations.CategoryLineAnnotationTest
    [junit] Tests run: 5, Failures: 0, Errors: 0, Time elapsed: 0.795 sec
    [junit] Running org.jfree.chart.annotations.CategoryPointerAnnotationTest
    [junit] Tests run: 5, Failures: 0, Errors: 0, Time elapsed: 0.82 sec
    [junit] Running org.jfree.chart.annotations.CategoryTextAnnotationTest
    [junit] Tests run: 5, Failures: 0, Errors: 0, Time elapsed: 0.743 sec
    [junit] Running org.jfree.chart.annotations.TextAnnotationTest
    [junit] Tests run: 4, Failures: 0, Errors: 0, Time elapsed: 0.097 sec
    [junit] Running org.jfree.chart.annotations.XYBoxAnnotationTest
    [junit] Tests run: 1, Failures: 0, Errors: 0, Time elapsed: 0.082 sec
    [junit] Running org.jfree.chart.annotations.XYDrawableAnnotationTest
    [junit] Tests run: 5, Failures: 0, Errors: 0, Time elapsed: 0.754 sec
    [junit] Running org.jfree.chart.annotations.XYImageAnnotationTest
    [junit] Tests run: 4, Failures: 0, Errors: 0, Time elapsed: 0.524 sec
    [junit] Running org.jfree.chart.annotations.XYLineAnnotationTest
    [junit] Tests run: 5, Failures: 0, Errors: 0, Time elapsed: 0.79 sec
    [junit] Running org.jfree.chart.annotations.XYPointerAnnotationTest
    [junit] Tests run: 5, Failures: 0, Errors: 0, Time elapsed: 0.908 sec
    [junit] Running org.jfree.chart.annotations.XYPolygonAnnotationTest
    [junit] Tests run: 5, Failures: 0, Errors: 0, Time elapsed: 0.754 sec
    [junit] Running org.jfree.chart.annotations.XYShapeAnnotationTest
    [junit] Tests run: 5, Failures: 0, Errors: 0, Time elapsed: 0.741 sec
    [junit] Running org.jfree.chart.annotations.XYTextAnnotationTest
    [junit] Tests run: 5, Failures: 0, Errors: 0, Time elapsed: 0.776 sec
    [junit] Running org.jfree.chart.annotations.XYTitleAnnotationTest
    [junit] Tests run: 5, Failures: 0, Errors: 0, Time elapsed: 0.844 sec
    [junit] Running org.jfree.chart.axis.AxisLocationTest
    [junit] Tests run: 3, Failures: 0, Errors: 0, Time elapsed: 0.049 sec
    [junit] Running org.jfree.chart.axis.AxisSpaceTest
    [junit] Tests run: 3, Failures: 0, Errors: 0, Time elapsed: 0.067 sec
    [junit] Running org.jfree.chart.axis.AxisTest
    [junit] Tests run: 4, Failures: 0, Errors: 0, Time elapsed: 0.263 sec
    [junit] Running org.jfree.chart.axis.CategoryAnchorTest
    [junit] Tests run: 3, Failures: 0, Errors: 0, Time elapsed: 0.04 sec
    [junit] Running org.jfree.chart.axis.CategoryAxis3DTest
    [junit] Tests run: 2, Failures: 0, Errors: 0, Time elapsed: 0.597 sec
    [junit] Running org.jfree.chart.axis.CategoryAxisTest
    [junit] Tests run: 5, Failures: 0, Errors: 0, Time elapsed: 0.672 sec
    [junit] Running org.jfree.chart.axis.CategoryLabelPositionTest
    [junit] Tests run: 3, Failures: 0, Errors: 0, Time elapsed: 0.067 sec
    [junit] Running org.jfree.chart.axis.CategoryLabelPositionsTest
    [junit] Tests run: 3, Failures: 0, Errors: 0, Time elapsed: 0.099 sec
    [junit] Running org.jfree.chart.axis.CategoryLabelWidthTypeTest
    [junit] Tests run: 3, Failures: 0, Errors: 0, Time elapsed: 0.044 sec
    [junit] Running org.jfree.chart.axis.CategoryTickTest
    [junit] Tests run: 4, Failures: 0, Errors: 0, Time elapsed: 0.14 sec
    [junit] Running org.jfree.chart.axis.ColorBarTest
    [junit] Tests run: 4, Failures: 0, Errors: 0, Time elapsed: 0.559 sec
    [junit] Running org.jfree.chart.axis.CyclicNumberAxisTest
    [junit] Tests run: 4, Failures: 0, Errors: 0, Time elapsed: 0.956 sec
    [junit] Running org.jfree.chart.axis.DateAxisTest
    [junit] Tests run: 23, Failures: 0, Errors: 0, Time elapsed: 1.178 sec
    [junit] Running org.jfree.chart.axis.DateTickMarkPositionTest
    [junit] Tests run: 3, Failures: 0, Errors: 0, Time elapsed: 0.051 sec
    [junit] Running org.jfree.chart.axis.DateTickTest
    [junit] Tests run: 4, Failures: 0, Errors: 0, Time elapsed: 0.08 sec
    [junit] Running org.jfree.chart.axis.DateTickUnitTest
    [junit] Tests run: 3, Failures: 0, Errors: 0, Time elapsed: 0.202 sec
    [junit] Running org.jfree.chart.axis.ExtendedCategoryAxisTest
    [junit] Tests run: 5, Failures: 0, Errors: 0, Time elapsed: 0.506 sec
    [junit] Running org.jfree.chart.axis.LogAxisTest
    [junit] Tests run: 12, Failures: 0, Errors: 0, Time elapsed: 1.297 sec
    [junit] Running org.jfree.chart.axis.LogarithmicAxisTest
    [junit] Tests run: 5, Failures: 0, Errors: 0, Time elapsed: 0.273 sec
    [junit] Running org.jfree.chart.axis.MarkerAxisBandTest
    [junit] Tests run: 3, Failures: 0, Errors: 0, Time elapsed: 0.544 sec
    [junit] Running org.jfree.chart.axis.ModuloAxisTest
    [junit] Tests run: 4, Failures: 0, Errors: 0, Time elapsed: 1.018 sec
    [junit] Running org.jfree.chart.axis.MonthDateFormatTest
    [junit] Tests run: 4, Failures: 0, Errors: 0, Time elapsed: 0.283 sec
    [junit] Running org.jfree.chart.axis.NumberAxis3DTest
    [junit] Tests run: 1, Failures: 0, Errors: 0, Time elapsed: 0.932 sec
    [junit] Running org.jfree.chart.axis.NumberAxisTest
    [junit] Tests run: 12, Failures: 0, Errors: 0, Time elapsed: 1.682 sec
    [junit] Running org.jfree.chart.axis.NumberTickUnitTest
    [junit] Tests run: 4, Failures: 0, Errors: 0, Time elapsed: 0.061 sec
    [junit] Running org.jfree.chart.axis.PeriodAxisLabelInfoTest
    [junit] Tests run: 5, Failures: 0, Errors: 0, Time elapsed: 0.418 sec
    [junit] Running org.jfree.chart.axis.PeriodAxisTest
    [junit] Tests run: 7, Failures: 0, Errors: 0, Time elapsed: 0.981 sec
    [junit] Running org.jfree.chart.axis.QuarterDateFormatTest
    [junit] Tests run: 4, Failures: 0, Errors: 0, Time elapsed: 0.096 sec
    [junit] Running org.jfree.chart.axis.SegmentedTimelineAdditionalTest
    [junit] Tests run: 8, Failures: 0, Errors: 0, Time elapsed: 0.107 sec
    [junit] Running org.jfree.chart.axis.SegmentedTimelineTest
    [junit] Tests run: 31, Failures: 0, Errors: 0, Time elapsed: 7.728 sec
    [junit] Running org.jfree.chart.axis.StandardTickUnitSourceTest
    [junit] Tests run: 2, Failures: 0, Errors: 0, Time elapsed: 0.075 sec
    [junit] Running org.jfree.chart.axis.SubCategoryAxisTest
    [junit] Tests run: 5, Failures: 0, Errors: 0, Time elapsed: 1.853 sec
    [junit] Running org.jfree.chart.axis.SymbolAxisTest
    [junit] Tests run: 3, Failures: 0, Errors: 0, Time elapsed: 0.873 sec
    [junit] Running org.jfree.chart.axis.TickUnitsTest
    [junit] Tests run: 3, Failures: 0, Errors: 0, Time elapsed: 0.709 sec
    [junit] Running org.jfree.chart.axis.ValueAxisTest
    [junit] Tests run: 4, Failures: 0, Errors: 0, Time elapsed: 1.92 sec
    [junit] Running org.jfree.chart.block.AbstractBlockTest
    [junit] Tests run: 3, Failures: 0, Errors: 0, Time elapsed: 0.205 sec
    [junit] Running org.jfree.chart.block.BlockBorderTest
    [junit] Tests run: 3, Failures: 0, Errors: 0, Time elapsed: 0.089 sec
    [junit] Running org.jfree.chart.block.BlockContainerTest
    [junit] Tests run: 3, Failures: 0, Errors: 0, Time elapsed: 0.442 sec
    [junit] Running org.jfree.chart.block.BorderArrangementTest
    [junit] Tests run: 5, Failures: 0, Errors: 0, Time elapsed: 0.556 sec
    [junit] Running org.jfree.chart.block.ColorBlockTest
    [junit] Tests run: 3, Failures: 0, Errors: 0, Time elapsed: 0.277 sec
    [junit] Running org.jfree.chart.block.ColumnArrangementTest
    [junit] Tests run: 3, Failures: 0, Errors: 0, Time elapsed: 0.19 sec
    [junit] Running org.jfree.chart.block.EmptyBlockTest
    [junit] Tests run: 3, Failures: 0, Errors: 0, Time elapsed: 0.162 sec
    [junit] Running org.jfree.chart.block.FlowArrangementTest
    [junit] Tests run: 3, Failures: 0, Errors: 0, Time elapsed: 0.143 sec
    [junit] Running org.jfree.chart.block.GridArrangementTest
    [junit] Tests run: 18, Failures: 0, Errors: 0, Time elapsed: 0.186 sec
    [junit] Running org.jfree.chart.block.LabelBlockTest
    [junit] Tests run: 3, Failures: 0, Errors: 0, Time elapsed: 0.289 sec
    [junit] Running org.jfree.chart.block.LineBorderTest
    [junit] Tests run: 3, Failures: 0, Errors: 0, Time elapsed: 0.105 sec
    [junit] Running org.jfree.chart.block.RectangleConstraintTest
    [junit] Tests run: 1, Failures: 0, Errors: 0, Time elapsed: 0.159 sec
    [junit] Running org.jfree.chart.entity.CategoryItemEntityTest
    [junit] Tests run: 3, Failures: 0, Errors: 0, Time elapsed: 0.265 sec
    [junit] Running org.jfree.chart.entity.CategoryLabelEntityTest
    [junit] Tests run: 3, Failures: 0, Errors: 0, Time elapsed: 0.091 sec
    [junit] Running org.jfree.chart.entity.ContourEntityTest
    [junit] Tests run: 3, Failures: 0, Errors: 0, Time elapsed: 0.098 sec
    [junit] Running org.jfree.chart.entity.LegendItemEntityTest
    [junit] Tests run: 3, Failures: 0, Errors: 0, Time elapsed: 0.133 sec
    [junit] Running org.jfree.chart.entity.PieSectionEntityTest
    [junit] Tests run: 3, Failures: 0, Errors: 0, Time elapsed: 0.143 sec
    [junit] Running org.jfree.chart.entity.StandardEntityCollectionTest
    [junit] Tests run: 3, Failures: 0, Errors: 0, Time elapsed: 0.13 sec
    [junit] Running org.jfree.chart.entity.TickLabelEntityTest
    [junit] Tests run: 3, Failures: 0, Errors: 0, Time elapsed: 0.081 sec
    [junit] Running org.jfree.chart.entity.XYItemEntityTest
    [junit] Tests run: 3, Failures: 0, Errors: 0, Time elapsed: 0.16 sec
    [junit] Running org.jfree.chart.imagemap.DynamicDriveToolTipTagFragmentGeneratorTest
    [junit] Tests run: 1, Failures: 0, Errors: 0, Time elapsed: 0.049 sec
    [junit] Running org.jfree.chart.imagemap.ImageMapUtilitiesTest
    [junit] Tests run: 2, Failures: 0, Errors: 0, Time elapsed: 0.046 sec
    [junit] Running org.jfree.chart.imagemap.OverLIBToolTipTagFragmentGeneratorTest
    [junit] Tests run: 1, Failures: 0, Errors: 0, Time elapsed: 0.048 sec
    [junit] Running org.jfree.chart.imagemap.StandardToolTipTagFragmentGeneratorTest
    [junit] Tests run: 1, Failures: 0, Errors: 0, Time elapsed: 0.064 sec
    [junit] Running org.jfree.chart.imagemap.StandardURLTagFragmentGeneratorTest
    [junit] Tests run: 1, Failures: 0, Errors: 0, Time elapsed: 0.026 sec
    [junit] Running org.jfree.chart.labels.BoxAndWhiskerToolTipGeneratorTest
    [junit] Tests run: 5, Failures: 0, Errors: 0, Time elapsed: 0.121 sec
    [junit] Running org.jfree.chart.labels.BoxAndWhiskerXYToolTipGeneratorTest
    [junit] Tests run: 5, Failures: 0, Errors: 0, Time elapsed: 0.25 sec
    [junit] Running org.jfree.chart.labels.BubbleXYItemLabelGeneratorTest
    [junit] Tests run: 6, Failures: 0, Errors: 0, Time elapsed: 0.368 sec
    [junit] Running org.jfree.chart.labels.CustomXYItemLabelGeneratorTest
    [junit] Tests run: 3, Failures: 0, Errors: 0, Time elapsed: 0.047 sec
    [junit] Running org.jfree.chart.labels.HighLowItemLabelGeneratorTest
    [junit] Tests run: 5, Failures: 0, Errors: 0, Time elapsed: 0.306 sec
    [junit] Running org.jfree.chart.labels.IntervalCategoryItemLabelGeneratorTest
    [junit] Tests run: 5, Failures: 0, Errors: 0, Time elapsed: 0.232 sec
    [junit] Running org.jfree.chart.labels.IntervalCategoryToolTipGeneratorTest
    [junit] Tests run: 6, Failures: 0, Errors: 0, Time elapsed: 0.307 sec
    [junit] Running org.jfree.chart.labels.ItemLabelAnchorTest
    [junit] Tests run: 2, Failures: 0, Errors: 0, Time elapsed: 0.052 sec
    [junit] Running org.jfree.chart.labels.ItemLabelPositionTest
    [junit] Tests run: 2, Failures: 0, Errors: 0, Time elapsed: 0.058 sec
    [junit] Running org.jfree.chart.labels.MultipleXYSeriesLabelGeneratorTest
    [junit] Tests run: 5, Failures: 0, Errors: 0, Time elapsed: 0.106 sec
    [junit] Running org.jfree.chart.labels.StandardCategoryItemLabelGeneratorTest
    [junit] Tests run: 7, Failures: 0, Errors: 0, Time elapsed: 0.319 sec
    [junit] Running org.jfree.chart.labels.StandardCategorySeriesLabelGeneratorTest
    [junit] Tests run: 6, Failures: 0, Errors: 0, Time elapsed: 0.178 sec
    [junit] Running org.jfree.chart.labels.StandardCategoryToolTipGeneratorTest
    [junit] Tests run: 6, Failures: 0, Errors: 0, Time elapsed: 0.4 sec
    [junit] Running org.jfree.chart.labels.StandardContourToolTipGeneratorTest
    [junit] Tests run: 1, Failures: 0, Errors: 0, Time elapsed: 0.052 sec
    [junit] Running org.jfree.chart.labels.StandardPieSectionLabelGeneratorTest
    [junit] Tests run: 5, Failures: 0, Errors: 0, Time elapsed: 0.124 sec
    [junit] Running org.jfree.chart.labels.StandardPieToolTipGeneratorTest
    [junit] Tests run: 5, Failures: 0, Errors: 0, Time elapsed: 0.12 sec
    [junit] Running org.jfree.chart.labels.StandardXYItemLabelGeneratorTest
    [junit] Tests run: 5, Failures: 0, Errors: 0, Time elapsed: 0.129 sec
    [junit] Running org.jfree.chart.labels.StandardXYSeriesLabelGeneratorTest
    [junit] Tests run: 6, Failures: 0, Errors: 0, Time elapsed: 0.35 sec
    [junit] Running org.jfree.chart.labels.StandardXYToolTipGeneratorTest
    [junit] Tests run: 5, Failures: 0, Errors: 0, Time elapsed: 0.121 sec
    [junit] Running org.jfree.chart.labels.StandardXYZToolTipGeneratorTest
    [junit] Tests run: 5, Failures: 0, Errors: 0, Time elapsed: 0.131 sec
    [junit] Running org.jfree.chart.labels.SymbolicXYItemLabelGeneratorTest
    [junit] Tests run: 5, Failures: 0, Errors: 0, Time elapsed: 0.066 sec
    [junit] Running org.jfree.chart.needle.ArrowNeedleTest
    [junit] Tests run: 3, Failures: 0, Errors: 0, Time elapsed: 0.1 sec
    [junit] Running org.jfree.chart.needle.LineNeedleTest
    [junit] Tests run: 3, Failures: 0, Errors: 0, Time elapsed: 0.1 sec
    [junit] Running org.jfree.chart.needle.LongNeedleTest
    [junit] Tests run: 3, Failures: 0, Errors: 0, Time elapsed: 0.093 sec
    [junit] Running org.jfree.chart.needle.MeterNeedleTest
    [junit] Tests run: 1, Failures: 0, Errors: 0, Time elapsed: 0.045 sec
    [junit] Running org.jfree.chart.needle.MiddlePinNeedleTest
    [junit] Tests run: 3, Failures: 0, Errors: 0, Time elapsed: 0.1 sec
    [junit] Running org.jfree.chart.needle.PinNeedleTest
    [junit] Tests run: 3, Failures: 0, Errors: 0, Time elapsed: 0.109 sec
    [junit] Running org.jfree.chart.needle.PlumNeedleTest
    [junit] Tests run: 3, Failures: 0, Errors: 0, Time elapsed: 0.129 sec
    [junit] Running org.jfree.chart.needle.PointerNeedleTest
    [junit] Tests run: 3, Failures: 0, Errors: 0, Time elapsed: 0.095 sec
    [junit] Running org.jfree.chart.needle.ShipNeedleTest
    [junit] Tests run: 3, Failures: 0, Errors: 0, Time elapsed: 0.098 sec
    [junit] Running org.jfree.chart.needle.WindNeedleTest
    [junit] Tests run: 3, Failures: 0, Errors: 0, Time elapsed: 0.122 sec
    [junit] Running org.jfree.chart.panel.CrosshairOverlayTest
    [junit] Tests run: 3, Failures: 0, Errors: 0, Time elapsed: 0.51 sec
    [junit] Running org.jfree.chart.plot.CategoryMarkerTest
    [junit] Tests run: 5, Failures: 0, Errors: 0, Time elapsed: 0.208 sec
    [junit] Running org.jfree.chart.plot.CategoryPlotTest
    [junit] Tests run: 23, Failures: 0, Errors: 0, Time elapsed: 2.092 sec
    [junit] Running org.jfree.chart.plot.ColorPaletteTest
    [junit] Tests run: 2, Failures: 0, Errors: 0, Time elapsed: 0.028 sec
    [junit] Running org.jfree.chart.plot.CombinedDomainCategoryPlotTest
    [junit] Tests run: 5, Failures: 0, Errors: 0, Time elapsed: 1.015 sec
    [junit] Running org.jfree.chart.plot.CombinedDomainXYPlotTest
    [junit] Tests run: 6, Failures: 0, Errors: 0, Time elapsed: 0.921 sec
    [junit] Running org.jfree.chart.plot.CombinedRangeCategoryPlotTest
    [junit] Tests run: 5, Failures: 0, Errors: 0, Time elapsed: 1.007 sec
    [junit] Running org.jfree.chart.plot.CombinedRangeXYPlotTest
    [junit] Tests run: 5, Failures: 0, Errors: 0, Time elapsed: 1.184 sec
    [junit] Running org.jfree.chart.plot.CompassPlotTest
    [junit] Tests run: 3, Failures: 0, Errors: 0, Time elapsed: 0.837 sec
    [junit] Running org.jfree.chart.plot.ContourPlotTest
    [junit] Tests run: 1, Failures: 0, Errors: 0, Time elapsed: 0.926 sec
    [junit] Running org.jfree.chart.plot.CrosshairTest
    [junit] Tests run: 5, Failures: 0, Errors: 0, Time elapsed: 0.278 sec
    [junit] Running org.jfree.chart.plot.DefaultDrawingSupplierTest
    [junit] Tests run: 3, Failures: 0, Errors: 0, Time elapsed: 0.381 sec
    [junit] Running org.jfree.chart.plot.FastScatterPlotTest
    [junit] Tests run: 5, Failures: 0, Errors: 0, Time elapsed: 0.799 sec
    [junit] Running org.jfree.chart.plot.IntervalMarkerTest
    [junit] Tests run: 5, Failures: 0, Errors: 0, Time elapsed: 0.156 sec
    [junit] Running org.jfree.chart.plot.MarkerTest
    [junit] Tests run: 14, Failures: 0, Errors: 0, Time elapsed: 0.863 sec
    [junit] Running org.jfree.chart.plot.MeterIntervalTest
    [junit] Tests run: 3, Failures: 0, Errors: 0, Time elapsed: 0.112 sec
    [junit] Running org.jfree.chart.plot.MeterPlotTest
    [junit] Tests run: 4, Failures: 0, Errors: 0, Time elapsed: 0.62 sec
    [junit] Running org.jfree.chart.plot.MultiplePiePlotTest
    [junit] Tests run: 5, Failures: 0, Errors: 0, Time elapsed: 1.136 sec
    [junit] Running org.jfree.chart.plot.PieLabelRecordTest
    [junit] Tests run: 3, Failures: 0, Errors: 0, Time elapsed: 0.147 sec
    [junit] Running org.jfree.chart.plot.PiePlot3DTest
    [junit] Tests run: 3, Failures: 0, Errors: 0, Time elapsed: 2.001 sec
    [junit] Running org.jfree.chart.plot.PiePlotTest
    [junit] Tests run: 11, Failures: 0, Errors: 0, Time elapsed: 1.93 sec
    [junit] Running org.jfree.chart.plot.PlotOrientationTest
    [junit] Tests run: 2, Failures: 0, Errors: 0, Time elapsed: 0.058 sec
    [junit] Running org.jfree.chart.plot.PlotRenderingInfoTest
    [junit] Tests run: 3, Failures: 0, Errors: 0, Time elapsed: 0.103 sec
    [junit] Running org.jfree.chart.plot.PlotTest
    [junit] Tests run: 1, Failures: 0, Errors: 0, Time elapsed: 0.85 sec
    [junit] Running org.jfree.chart.plot.PolarPlotTest
    [junit] Tests run: 8, Failures: 0, Errors: 0, Time elapsed: 0.691 sec
    [junit] Running org.jfree.chart.plot.RingPlotTest
    [junit] Tests run: 3, Failures: 0, Errors: 0, Time elapsed: 0.732 sec
    [junit] Running org.jfree.chart.plot.SpiderWebPlotTest
    [junit] Tests run: 5, Failures: 0, Errors: 0, Time elapsed: 0.998 sec
    [junit] Running org.jfree.chart.plot.ThermometerPlotTest
    [junit] Tests run: 5, Failures: 0, Errors: 0, Time elapsed: 0.937 sec
    [junit] Running org.jfree.chart.plot.ValueMarkerTest
    [junit] Tests run: 6, Failures: 0, Errors: 0, Time elapsed: 0.122 sec
    [junit] Running org.jfree.chart.plot.XYPlotTest
    [junit] Tests run: 28, Failures: 0, Errors: 0, Time elapsed: 1.778 sec
    [junit] Running org.jfree.chart.plot.dial.AbstractDialLayerTest
    [junit] Tests run: 3, Failures: 0, Errors: 0, Time elapsed: 0.204 sec
    [junit] Running org.jfree.chart.plot.dial.ArcDialFrameTest
    [junit] Tests run: 4, Failures: 0, Errors: 0, Time elapsed: 0.376 sec
    [junit] Running org.jfree.chart.plot.dial.DialBackgroundTest
    [junit] Tests run: 4, Failures: 0, Errors: 0, Time elapsed: 0.309 sec
    [junit] Running org.jfree.chart.plot.dial.DialCapTest
    [junit] Tests run: 4, Failures: 0, Errors: 0, Time elapsed: 0.3 sec
    [junit] Running org.jfree.chart.plot.dial.DialPlotTest
    [junit] Tests run: 9, Failures: 0, Errors: 0, Time elapsed: 0.717 sec
    [junit] Running org.jfree.chart.plot.dial.DialPointerTest
    [junit] Tests run: 7, Failures: 0, Errors: 0, Time elapsed: 0.305 sec
    [junit] Running org.jfree.chart.plot.dial.DialTextAnnotationTest
    [junit] Tests run: 4, Failures: 0, Errors: 0, Time elapsed: 0.38 sec
    [junit] Running org.jfree.chart.plot.dial.DialValueIndicatorTest
    [junit] Tests run: 4, Failures: 0, Errors: 0, Time elapsed: 0.358 sec
    [junit] Running org.jfree.chart.plot.dial.StandardDialFrameTest
    [junit] Tests run: 4, Failures: 0, Errors: 0, Time elapsed: 0.331 sec
    [junit] Running org.jfree.chart.plot.dial.StandardDialRangeTest
    [junit] Tests run: 4, Failures: 0, Errors: 0, Time elapsed: 0.288 sec
    [junit] Running org.jfree.chart.plot.dial.StandardDialScaleTest
    [junit] Tests run: 6, Failures: 0, Errors: 0, Time elapsed: 0.33 sec
    [junit] Running org.jfree.chart.renderer.AbstractRendererTest
    [junit] Tests run: 21, Failures: 0, Errors: 0, Time elapsed: 0.943 sec
    [junit] Running org.jfree.chart.renderer.AreaRendererEndTypeTest
    [junit] Tests run: 2, Failures: 0, Errors: 0, Time elapsed: 0.039 sec
    [junit] Running org.jfree.chart.renderer.DefaultPolarItemRendererTest
    [junit] Tests run: 4, Failures: 0, Errors: 0, Time elapsed: 0.924 sec
    [junit] Running org.jfree.chart.renderer.GrayPaintScaleTest
    [junit] Tests run: 5, Failures: 0, Errors: 0, Time elapsed: 0.066 sec
    [junit] Running org.jfree.chart.renderer.LookupPaintScaleTest
    [junit] Tests run: 6, Failures: 0, Errors: 0, Time elapsed: 0.127 sec
    [junit] Running org.jfree.chart.renderer.OutlierTest
    [junit] Tests run: 4, Failures: 0, Errors: 0, Time elapsed: 0.047 sec
    [junit] Running org.jfree.chart.renderer.RendererUtilitiesTest
    [junit] Tests run: 7, Failures: 0, Errors: 0, Time elapsed: 0.289 sec
    [junit] Running org.jfree.chart.renderer.category.AbstractCategoryItemRendererTest
    [junit] Tests run: 8, Failures: 0, Errors: 0, Time elapsed: 0.701 sec
    [junit] Running org.jfree.chart.renderer.category.AreaRendererTest
    [junit] Tests run: 6, Failures: 0, Errors: 0, Time elapsed: 0.681 sec
    [junit] Running org.jfree.chart.renderer.category.BarRenderer3DTest
    [junit] Tests run: 5, Failures: 0, Errors: 0, Time elapsed: 1.039 sec
    [junit] Running org.jfree.chart.renderer.category.BarRendererTest
    [junit] Tests run: 9, Failures: 0, Errors: 0, Time elapsed: 0.788 sec
    [junit] Running org.jfree.chart.renderer.category.BoxAndWhiskerRendererTest
    [junit] Tests run: 18, Failures: 0, Errors: 0, Time elapsed: 1.129 sec
    [junit] Running org.jfree.chart.renderer.category.CategoryStepRendererTest
    [junit] Tests run: 5, Failures: 0, Errors: 0, Time elapsed: 0.694 sec
    [junit] Running org.jfree.chart.renderer.category.DefaultCategoryItemRendererTest
    [junit] Tests run: 5, Failures: 0, Errors: 0, Time elapsed: 1.091 sec
    [junit] Running org.jfree.chart.renderer.category.GanttRendererTest
    [junit] Tests run: 5, Failures: 0, Errors: 0, Time elapsed: 1.219 sec
    [junit] Running org.jfree.chart.renderer.category.GradientBarPainterTest
    [junit] Tests run: 4, Failures: 0, Errors: 0, Time elapsed: 0.496 sec
    [junit] Running org.jfree.chart.renderer.category.GroupedStackedBarRendererTest
    [junit] Tests run: 6, Failures: 0, Errors: 0, Time elapsed: 1.078 sec
    [junit] Running org.jfree.chart.renderer.category.IntervalBarRendererTest
    [junit] Tests run: 7, Failures: 0, Errors: 0, Time elapsed: 0.668 sec
    [junit] Running org.jfree.chart.renderer.category.LayeredBarRendererTest
    [junit] Tests run: 6, Failures: 0, Errors: 0, Time elapsed: 0.975 sec
    [junit] Running org.jfree.chart.renderer.category.LevelRendererTest
    [junit] Tests run: 7, Failures: 0, Errors: 0, Time elapsed: 0.775 sec
    [junit] Running org.jfree.chart.renderer.category.LineAndShapeRendererTest
    [junit] Tests run: 7, Failures: 0, Errors: 0, Time elapsed: 0.623 sec
    [junit] Running org.jfree.chart.renderer.category.LineRenderer3DTest
    [junit] Tests run: 5, Failures: 0, Errors: 0, Time elapsed: 0.568 sec
    [junit] Running org.jfree.chart.renderer.category.MinMaxCategoryRendererTest
    [junit] Tests run: 6, Failures: 0, Errors: 0, Time elapsed: 0.976 sec
    [junit] Running org.jfree.chart.renderer.category.ScatterRendererTest
    [junit] Tests run: 6, Failures: 0, Errors: 0, Time elapsed: 0.778 sec
    [junit] Running org.jfree.chart.renderer.category.StackedAreaRendererTest
    [junit] Tests run: 6, Failures: 0, Errors: 0, Time elapsed: 1.148 sec
    [junit] Running org.jfree.chart.renderer.category.StackedBarRenderer3DTest
    [junit] Tests run: 23, Failures: 0, Errors: 0, Time elapsed: 1.167 sec
    [junit] Running org.jfree.chart.renderer.category.StackedBarRendererTest
    [junit] Tests run: 6, Failures: 0, Errors: 0, Time elapsed: 1.228 sec
    [junit] Running org.jfree.chart.renderer.category.StandardBarPainterTest
    [junit] Tests run: 4, Failures: 0, Errors: 0, Time elapsed: 0.568 sec
    [junit] Running org.jfree.chart.renderer.category.StatisticalBarRendererTest
    [junit] Tests run: 11, Failures: 0, Errors: 0, Time elapsed: 1.027 sec
    [junit] Running org.jfree.chart.renderer.category.StatisticalLineAndShapeRendererTest
    [junit] Tests run: 8, Failures: 0, Errors: 0, Time elapsed: 0.948 sec
    [junit] Running org.jfree.chart.renderer.category.WaterfallBarRendererTest
    [junit] Tests run: 6, Failures: 0, Errors: 0, Time elapsed: 1.015 sec
    [junit] Running org.jfree.chart.renderer.xy.AbstractXYItemRendererTest
    [junit] Tests run: 5, Failures: 0, Errors: 0, Time elapsed: 0.533 sec
    [junit] Running org.jfree.chart.renderer.xy.CandlestickRendererTest
    [junit] Tests run: 7, Failures: 0, Errors: 0, Time elapsed: 1.173 sec
    [junit] Running org.jfree.chart.renderer.xy.ClusteredXYBarRendererTest
    [junit] Tests run: 6, Failures: 0, Errors: 0, Time elapsed: 0.803 sec
    [junit] Running org.jfree.chart.renderer.xy.DeviationRendererTest
    [junit] Tests run: 5, Failures: 0, Errors: 0, Time elapsed: 1.246 sec
    [junit] Running org.jfree.chart.renderer.xy.GradientXYBarPainterTest
    [junit] Tests run: 4, Failures: 0, Errors: 0, Time elapsed: 0.673 sec
    [junit] Running org.jfree.chart.renderer.xy.HighLowRendererTest
    [junit] Tests run: 6, Failures: 0, Errors: 0, Time elapsed: 1.015 sec
    [junit] Running org.jfree.chart.renderer.xy.StackedXYAreaRenderer2Test
    [junit] Tests run: 7, Failures: 0, Errors: 0, Time elapsed: 1.983 sec
    [junit] Running org.jfree.chart.renderer.xy.StackedXYAreaRendererTest
    [junit] Tests run: 8, Failures: 0, Errors: 0, Time elapsed: 1.289 sec
    [junit] Running org.jfree.chart.renderer.xy.StackedXYBarRendererTest
    [junit] Tests run: 7, Failures: 0, Errors: 0, Time elapsed: 1.908 sec
    [junit] Running org.jfree.chart.renderer.xy.StandardXYBarPainterTest
    [junit] Tests run: 4, Failures: 0, Errors: 0, Time elapsed: 0.428 sec
    [junit] Running org.jfree.chart.renderer.xy.StandardXYItemRendererTest
    [junit] Tests run: 7, Failures: 0, Errors: 0, Time elapsed: 1.442 sec
    [junit] Running org.jfree.chart.renderer.xy.VectorRendererTest
    [junit] Tests run: 5, Failures: 0, Errors: 0, Time elapsed: 0.99 sec
    [junit] Running org.jfree.chart.renderer.xy.WindItemRendererTest
    [junit] Tests run: 5, Failures: 0, Errors: 0, Time elapsed: 0.834 sec
    [junit] Running org.jfree.chart.renderer.xy.XYAreaRenderer2Test
    [junit] Tests run: 7, Failures: 0, Errors: 0, Time elapsed: 0.781 sec
    [junit] Running org.jfree.chart.renderer.xy.XYAreaRendererTest
    [junit] Tests run: 7, Failures: 0, Errors: 0, Time elapsed: 1.085 sec
    [junit] Running org.jfree.chart.renderer.xy.XYBarRendererTest
    [junit] Tests run: 11, Failures: 0, Errors: 0, Time elapsed: 1.189 sec
    [junit] Running org.jfree.chart.renderer.xy.XYBlockRendererTest
    [junit] Tests run: 9, Failures: 0, Errors: 0, Time elapsed: 1.241 sec
    [junit] Running org.jfree.chart.renderer.xy.XYBoxAndWhiskerRendererTest
    [junit] Tests run: 6, Failures: 0, Errors: 0, Time elapsed: 2.34 sec
    [junit] Running org.jfree.chart.renderer.xy.XYBubbleRendererTest
    [junit] Tests run: 6, Failures: 0, Errors: 0, Time elapsed: 0.75 sec
    [junit] Running org.jfree.chart.renderer.xy.XYDifferenceRendererTest
    [junit] Tests run: 6, Failures: 0, Errors: 0, Time elapsed: 0.865 sec
    [junit] Running org.jfree.chart.renderer.xy.XYDotRendererTest
    [junit] Tests run: 6, Failures: 0, Errors: 0, Time elapsed: 0.55 sec
    [junit] Running org.jfree.chart.renderer.xy.XYErrorRendererTest
    [junit] Tests run: 9, Failures: 0, Errors: 0, Time elapsed: 0.952 sec
    [junit] Running org.jfree.chart.renderer.xy.XYLine3DRendererTest
    [junit] Tests run: 5, Failures: 0, Errors: 0, Time elapsed: 0.881 sec
    [junit] Running org.jfree.chart.renderer.xy.XYLineAndShapeRendererTest
    [junit] Tests run: 9, Failures: 0, Errors: 0, Time elapsed: 1.061 sec
    [junit] Running org.jfree.chart.renderer.xy.XYShapeRendererTest
    [junit] Tests run: 1, Failures: 0, Errors: 0, Time elapsed: 0.657 sec
    [junit] Running org.jfree.chart.renderer.xy.XYSplineRendererTest
    [junit] Tests run: 5, Failures: 0, Errors: 0, Time elapsed: 0.839 sec
    [junit] Running org.jfree.chart.renderer.xy.XYStepAreaRendererTest
    [junit] Tests run: 6, Failures: 0, Errors: 0, Time elapsed: 0.984 sec
    [junit] Running org.jfree.chart.renderer.xy.XYStepRendererTest
    [junit] Tests run: 7, Failures: 0, Errors: 0, Time elapsed: 1.118 sec
    [junit] Running org.jfree.chart.renderer.xy.YIntervalRendererTest
    [junit] Tests run: 6, Failures: 0, Errors: 0, Time elapsed: 0.685 sec
    [junit] Running org.jfree.chart.title.CompositeTitleTest
    [junit] Tests run: 5, Failures: 0, Errors: 0, Time elapsed: 0.49 sec
    [junit] Running org.jfree.chart.title.DateTitleTest
    [junit] Tests run: 4, Failures: 0, Errors: 0, Time elapsed: 0.422 sec
    [junit] Running org.jfree.chart.title.ImageTitleTest
    [junit] Tests run: 5, Failures: 0, Errors: 0, Time elapsed: 0.649 sec
    [junit] Running org.jfree.chart.title.LegendGraphicTest
    [junit] Tests run: 5, Failures: 0, Errors: 0, Time elapsed: 0.224 sec
    [junit] Running org.jfree.chart.title.LegendTitleTest
    [junit] Tests run: 4, Failures: 0, Errors: 0, Time elapsed: 0.943 sec
    [junit] Running org.jfree.chart.title.PaintScaleLegendTest
    [junit] Tests run: 4, Failures: 0, Errors: 0, Time elapsed: 0.513 sec
    [junit] Running org.jfree.chart.title.ShortTextTitleTest
    [junit] Tests run: 4, Failures: 0, Errors: 0, Time elapsed: 0.306 sec
    [junit] Running org.jfree.chart.title.TextTitleTest
    [junit] Tests run: 4, Failures: 0, Errors: 0, Time elapsed: 0.302 sec
    [junit] Running org.jfree.chart.title.TitleTest
    [junit] Tests run: 2, Failures: 0, Errors: 0, Time elapsed: 0.137 sec
    [junit] Running org.jfree.chart.urls.CustomCategoryURLGeneratorTest
    [junit] Tests run: 5, Failures: 0, Errors: 0, Time elapsed: 0.062 sec
    [junit] Running org.jfree.chart.urls.CustomPieURLGeneratorTest
    [junit] Tests run: 4, Failures: 0, Errors: 0, Time elapsed: 0.049 sec
    [junit] Running org.jfree.chart.urls.CustomXYURLGeneratorTest
    [junit] Tests run: 5, Failures: 0, Errors: 0, Time elapsed: 0.123 sec
    [junit] Running org.jfree.chart.urls.StandardCategoryURLGeneratorTest
    [junit] Tests run: 4, Failures: 0, Errors: 0, Time elapsed: 0.234 sec
    [junit] Running org.jfree.chart.urls.StandardPieURLGeneratorTest
    [junit] Tests run: 4, Failures: 0, Errors: 0, Time elapsed: 0.15 sec
    [junit] Running org.jfree.chart.urls.StandardXYURLGeneratorTest
    [junit] Tests run: 2, Failures: 0, Errors: 0, Time elapsed: 0.082 sec
    [junit] Running org.jfree.chart.urls.TimeSeriesURLGeneratorTest
    [junit] Tests run: 4, Failures: 0, Errors: 0, Time elapsed: 0.299 sec
    [junit] Running org.jfree.chart.util.HMSNumberFormatTest
    [junit] Tests run: 1, Failures: 0, Errors: 0, Time elapsed: 0.083 sec
    [junit] Running org.jfree.chart.util.LineUtilitiesTest
    [junit] Tests run: 1, Failures: 0, Errors: 0, Time elapsed: 0.073 sec
    [junit] Running org.jfree.chart.util.LogFormatTest
    [junit] Tests run: 1, Failures: 0, Errors: 0, Time elapsed: 0.053 sec
    [junit] Running org.jfree.chart.util.RelativeDateFormatTest
    [junit] Tests run: 1, Failures: 0, Errors: 0, Time elapsed: 0.079 sec
    [junit] Running org.jfree.data.ComparableObjectItemTest
    [junit] Tests run: 5, Failures: 0, Errors: 0, Time elapsed: 0.066 sec
    [junit] Running org.jfree.data.ComparableObjectSeriesTest
    [junit] Tests run: 5, Failures: 0, Errors: 0, Time elapsed: 0.13 sec
    [junit] Running org.jfree.data.DataUtilitiesTest
    [junit] Tests run: 7, Failures: 0, Errors: 0, Time elapsed: 0.118 sec
    [junit] Running org.jfree.data.DefaultKeyedValueTest
    [junit] Tests run: 4, Failures: 0, Errors: 0, Time elapsed: 0.052 sec
    [junit] Running org.jfree.data.DefaultKeyedValues2DTest
    [junit] Tests run: 14, Failures: 0, Errors: 0, Time elapsed: 0.112 sec
    [junit] Running org.jfree.data.DefaultKeyedValuesTest
    [junit] Tests run: 18, Failures: 0, Errors: 0, Time elapsed: 0.111 sec
    [junit] Running org.jfree.data.DomainOrderTest
    [junit] Tests run: 3, Failures: 0, Errors: 0, Time elapsed: 0.048 sec
    [junit] Running org.jfree.data.KeyToGroupMapTest
    [junit] Tests run: 8, Failures: 0, Errors: 0, Time elapsed: 0.059 sec
    [junit] Running org.jfree.data.KeyedObjectTest
    [junit] Tests run: 4, Failures: 0, Errors: 0, Time elapsed: 0.103 sec
    [junit] Running org.jfree.data.KeyedObjects2DTest
    [junit] Tests run: 11, Failures: 0, Errors: 0, Time elapsed: 0.098 sec
    [junit] Running org.jfree.data.KeyedObjectsTest
    [junit] Tests run: 10, Failures: 0, Errors: 0, Time elapsed: 0.114 sec
    [junit] Running org.jfree.data.RangeTest
    [junit] Tests run: 12, Failures: 0, Errors: 0, Time elapsed: 0.088 sec
    [junit] Running org.jfree.data.RangeTypeTest
    [junit] Tests run: 3, Failures: 0, Errors: 0, Time elapsed: 0.044 sec
    [junit] Running org.jfree.data.category.CategoryToPieDatasetTest
    [junit] Tests run: 6, Failures: 0, Errors: 0, Time elapsed: 0.19 sec
    [junit] Running org.jfree.data.category.DefaultCategoryDatasetTest
    [junit] Tests run: 1, Failures: 0, Errors: 0, Time elapsed: 0.107 sec
    [junit] Running org.jfree.data.category.DefaultIntervalCategoryDatasetTest
    [junit] Tests run: 20, Failures: 0, Errors: 0, Time elapsed: 0.179 sec
    [junit] Running org.jfree.data.category.SlidingCategoryDatasetTest
    [junit] Tests run: 9, Failures: 0, Errors: 0, Time elapsed: 0.163 sec
    [junit] Running org.jfree.data.function.LineFunction2DTest
    [junit] Tests run: 4, Failures: 0, Errors: 0, Time elapsed: 0.126 sec
    [junit] Running org.jfree.data.function.NormalDistributionFunction2DTest
    [junit] Tests run: 4, Failures: 0, Errors: 0, Time elapsed: 0.094 sec
    [junit] Running org.jfree.data.function.PolynomialFunction2DTest
    [junit] Tests run: 6, Failures: 0, Errors: 0, Time elapsed: 0.091 sec
    [junit] Running org.jfree.data.function.PowerFunction2DTest
    [junit] Tests run: 4, Failures: 0, Errors: 0, Time elapsed: 0.099 sec
    [junit] Running org.jfree.data.gantt.SlidingGanttCategoryDatasetTest
    [junit] Tests run: 3, Failures: 0, Errors: 0, Time elapsed: 0.285 sec
    [junit] Running org.jfree.data.gantt.TaskSeriesCollectionTest
    [junit] Tests run: 23, Failures: 0, Errors: 0, Time elapsed: 0.146 sec
    [junit] Running org.jfree.data.gantt.TaskSeriesTest
    [junit] Tests run: 4, Failures: 0, Errors: 0, Time elapsed: 0.123 sec
    [junit] Running org.jfree.data.gantt.TaskTest
    [junit] Tests run: 4, Failures: 0, Errors: 0, Time elapsed: 0.078 sec
    [junit] Running org.jfree.data.gantt.XYTaskDatasetTest
    [junit] Tests run: 3, Failures: 0, Errors: 0, Time elapsed: 0.186 sec
    [junit] Running org.jfree.data.general.DatasetGroupTest
    [junit] Tests run: 1, Failures: 0, Errors: 0, Time elapsed: 0.041 sec
    [junit] Running org.jfree.data.general.DatasetUtilitiesTest
    [junit] Tests run: 57, Failures: 0, Errors: 0, Time elapsed: 0.874 sec
    [junit] Running org.jfree.data.general.DefaultHeatMapDatasetTest
    [junit] Tests run: 4, Failures: 0, Errors: 0, Time elapsed: 0.102 sec
    [junit] Running org.jfree.data.general.DefaultKeyedValueDatasetTest
    [junit] Tests run: 4, Failures: 0, Errors: 0, Time elapsed: 0.08 sec
    [junit] Running org.jfree.data.general.DefaultKeyedValues2DDatasetTest
    [junit] Tests run: 1, Failures: 0, Errors: 0, Time elapsed: 0.14 sec
    [junit] Running org.jfree.data.general.DefaultKeyedValuesDatasetTest
    [junit] Tests run: 1, Failures: 0, Errors: 0, Time elapsed: 0.073 sec
    [junit] Running org.jfree.data.general.DefaultPieDatasetTest
    [junit] Tests run: 1, Failures: 0, Errors: 0, Time elapsed: 0.086 sec
    [junit] Running org.jfree.data.statistics.BoxAndWhiskerCalculatorTest
    [junit] Tests run: 4, Failures: 0, Errors: 0, Time elapsed: 0.176 sec
    [junit] Running org.jfree.data.statistics.BoxAndWhiskerItemTest
    [junit] Tests run: 2, Failures: 0, Errors: 0, Time elapsed: 0.057 sec
    [junit] Running org.jfree.data.statistics.DefaultBoxAndWhiskerCategoryDatasetTest
    [junit] Tests run: 9, Failures: 0, Errors: 0, Time elapsed: 0.207 sec
    [junit] Running org.jfree.data.statistics.DefaultBoxAndWhiskerXYDatasetTest
    [junit] Tests run: 6, Failures: 0, Errors: 0, Time elapsed: 0.156 sec
    [junit] Running org.jfree.data.statistics.DefaultMultiValueCategoryDatasetTest
    [junit] Tests run: 8, Failures: 0, Errors: 0, Time elapsed: 0.181 sec
    [junit] Running org.jfree.data.statistics.DefaultStatisticalCategoryDatasetTest
    [junit] Tests run: 11, Failures: 0, Errors: 0, Time elapsed: 0.376 sec
    [junit] Running org.jfree.data.statistics.HistogramBinTest
    [junit] Tests run: 3, Failures: 0, Errors: 0, Time elapsed: 0.045 sec
    [junit] Running org.jfree.data.statistics.HistogramDatasetTest
    [junit] Tests run: 10, Failures: 0, Errors: 0, Time elapsed: 0.162 sec
    [junit] Running org.jfree.data.statistics.MeanAndStandardDeviationTest
    [junit] Tests run: 3, Failures: 0, Errors: 0, Time elapsed: 0.045 sec
    [junit] Running org.jfree.data.statistics.RegressionTest
    [junit] Tests run: 8, Failures: 0, Errors: 0, Time elapsed: 0.398 sec
    [junit] Running org.jfree.data.statistics.SimpleHistogramBinTest
    [junit] Tests run: 5, Failures: 0, Errors: 0, Time elapsed: 0.055 sec
    [junit] Running org.jfree.data.statistics.SimpleHistogramDatasetTest
    [junit] Tests run: 5, Failures: 0, Errors: 0, Time elapsed: 0.248 sec
    [junit] Running org.jfree.data.statistics.StatisticsTest
    [junit] Tests run: 12, Failures: 0, Errors: 0, Time elapsed: 0.124 sec
    [junit] Running org.jfree.data.time.DateRangeTest
    [junit] Tests run: 4, Failures: 0, Errors: 0, Time elapsed: 0.069 sec
    [junit] Running org.jfree.data.time.DayTest
    [junit] Tests run: 22, Failures: 0, Errors: 0, Time elapsed: 0.135 sec
    [junit] Running org.jfree.data.time.FixedMillisecondTest
    [junit] Tests run: 4, Failures: 0, Errors: 0, Time elapsed: 0.106 sec
    [junit] Running org.jfree.data.time.HourTest
    [junit] Tests run: 22, Failures: 0, Errors: 0, Time elapsed: 0.142 sec
    [junit] Running org.jfree.data.time.MillisecondTest
    [junit] Tests run: 18, Failures: 0, Errors: 0, Time elapsed: 0.291 sec
    [junit] Running org.jfree.data.time.MinuteTest
    [junit] Tests run: 18, Failures: 0, Errors: 0, Time elapsed: 0.189 sec
    [junit] Running org.jfree.data.time.MonthTest
    [junit] Tests run: 22, Failures: 0, Errors: 0, Time elapsed: 0.136 sec
    [junit] Running org.jfree.data.time.MovingAverageTest
    [junit] Tests run: 1, Failures: 0, Errors: 0, Time elapsed: 0.119 sec
    [junit] Running org.jfree.data.time.QuarterTest
    [junit] Tests run: 23, Failures: 0, Errors: 0, Time elapsed: 0.095 sec
    [junit] Running org.jfree.data.time.SecondTest
    [junit] Tests run: 17, Failures: 0, Errors: 0, Time elapsed: 0.258 sec
    [junit] Running org.jfree.data.time.SimpleTimePeriodTest
    [junit] Tests run: 7, Failures: 0, Errors: 0, Time elapsed: 0.059 sec
    [junit] Running org.jfree.data.time.TimePeriodAnchorTest
    [junit] Tests run: 2, Failures: 0, Errors: 0, Time elapsed: 0.045 sec
    [junit] Running org.jfree.data.time.TimePeriodValueTest
    [junit] Tests run: 3, Failures: 0, Errors: 0, Time elapsed: 0.107 sec
    [junit] Running org.jfree.data.time.TimePeriodValuesCollectionTest
    [junit] Tests run: 6, Failures: 0, Errors: 0, Time elapsed: 0.292 sec
    [junit] Running org.jfree.data.time.TimePeriodValuesTest
    [junit] Tests run: 12, Failures: 0, Errors: 0, Time elapsed: 0.182 sec
    [junit] Running org.jfree.data.time.TimeSeriesCollectionTest
    [junit] Tests run: 11, Failures: 0, Errors: 0, Time elapsed: 0.353 sec
    [junit] Running org.jfree.data.time.TimeSeriesDataItemTest
    [junit] Tests run: 3, Failures: 0, Errors: 0, Time elapsed: 0.078 sec
    [junit] Running org.jfree.data.time.TimeSeriesTest
    [junit] Tests run: 40, Failures: 0, Errors: 0, Time elapsed: 0.436 sec
    [junit] Running org.jfree.data.time.TimeTableXYDatasetTest
    [junit] Tests run: 6, Failures: 0, Errors: 0, Time elapsed: 0.409 sec
    [junit] Running org.jfree.data.time.WeekTest
    [junit] Tests run: 23, Failures: 0, Errors: 0, Time elapsed: 0.101 sec
    [junit] Running org.jfree.data.time.YearTest
    [junit] Tests run: 22, Failures: 0, Errors: 0, Time elapsed: 0.102 sec
    [junit] Running org.jfree.data.time.ohlc.OHLCItemTest
    [junit] Tests run: 5, Failures: 0, Errors: 0, Time elapsed: 0.123 sec
    [junit] Running org.jfree.data.time.ohlc.OHLCSeriesCollectionTest
    [junit] Tests run: 8, Failures: 0, Errors: 0, Time elapsed: 0.265 sec
    [junit] Running org.jfree.data.time.ohlc.OHLCSeriesTest
    [junit] Tests run: 11, Failures: 0, Errors: 0, Time elapsed: 0.313 sec
    [junit] Running org.jfree.data.time.ohlc.OHLCTest
    [junit] Tests run: 4, Failures: 0, Errors: 0, Time elapsed: 0.117 sec
    [junit] Running org.jfree.data.xy.CategoryTableXYDatasetTest
    [junit] Tests run: 6, Failures: 0, Errors: 0, Time elapsed: 0.222 sec
    [junit] Running org.jfree.data.xy.DefaultHighLowDatasetTest
    [junit] Tests run: 4, Failures: 0, Errors: 0, Time elapsed: 0.192 sec
    [junit] Running org.jfree.data.xy.DefaultIntervalXYDatasetTest
    [junit] Tests run: 16, Failures: 0, Errors: 0, Time elapsed: 0.239 sec
    [junit] Running org.jfree.data.xy.DefaultOHLCDatasetTest
    [junit] Tests run: 6, Failures: 0, Errors: 0, Time elapsed: 0.46 sec
    [junit] Running org.jfree.data.xy.DefaultTableXYDatasetTest
    [junit] Tests run: 6, Failures: 0, Errors: 0, Time elapsed: 0.36 sec
    [junit] Running org.jfree.data.xy.DefaultWindDatasetTest
    [junit] Tests run: 6, Failures: 0, Errors: 0, Time elapsed: 0.217 sec
    [junit] Running org.jfree.data.xy.DefaultXYDatasetTest
    [junit] Tests run: 1, Failures: 0, Errors: 1, Time elapsed: 0 sec
    [junit] #
    [junit] # A fatal error has been detected by the Java Runtime Environment:
    [junit] #
    [junit] #  SIGBUS (0x7) at pc=0x00007f25798ca02d, pid=20028, tid=139798986819328
    [junit] #
    [junit] # JRE version: OpenJDK Runtime Environment (7.0_51) (build 1.7.0_51-b00)
    [junit] # Java VM: OpenJDK 64-Bit Server VM (24.45-b08 mixed mode linux-amd64 compressed oops)
    [junit] # Problematic frame:
    [junit] # C  [libzip.so+0x502d]  Java_java_util_zip_ZipFile_getZipMessage+0x114d
    [junit] #
    [junit] # Failed to write core dump. Core dumps have been disabled. To enable core dumping, try "ulimit -c unlimited" before starting Java again
    [junit] #
    [junit] # An error report file with more information is saved as:
    [junit] # /home/hessahalkaoud/github/Quality-of-Test-suites-for-TDD-applications/source_code/jfreechart-1.0.17/hs_err_pid20028.log
    [junit] #
    [junit] # If you would like to submit a bug report, please include
    [junit] # instructions on how to reproduce the bug and visit:
    [junit] #   http://icedtea.classpath.org/bugzilla
    [junit] # The crash happened outside the Java Virtual Machine in native code.
    [junit] # See problematic frame for where to report the bug.
    [junit] #
    [junit] Running org.jfree.data.xy.DefaultXYZDatasetTest
    [junit] Tests run: 1, Failures: 0, Errors: 1, Time elapsed: 0 sec
    [junit] Running org.jfree.data.xy.IntervalXYDelegateTest
    [junit] Tests run: 3, Failures: 0, Errors: 0, Time elapsed: 0.609 sec
    [junit] Running org.jfree.data.xy.MatrixSeriesCollectionTest
    [junit] Tests run: 4, Failures: 0, Errors: 0, Time elapsed: 0.13 sec
    [junit] Running org.jfree.data.xy.MatrixSeriesTest
    [junit] Tests run: 6, Failures: 0, Errors: 0, Time elapsed: 0.094 sec
    [junit] Running org.jfree.data.xy.OHLCDataItemTest
    [junit] Tests run: 3, Failures: 0, Errors: 0, Time elapsed: 0.048 sec
    [junit] Running org.jfree.data.xy.TableXYDatasetTest
    [junit] Tests run: 9, Failures: 0, Errors: 0, Time elapsed: 0.698 sec
    [junit] Running org.jfree.data.xy.VectorDataItemTest
    [junit] Tests run: 4, Failures: 0, Errors: 0, Time elapsed: 0.1 sec
    [junit] Running org.jfree.data.xy.VectorSeriesCollectionTest
    [junit] Tests run: 5, Failures: 0, Errors: 0, Time elapsed: 0.215 sec
    [junit] Running org.jfree.data.xy.VectorSeriesTest
    [junit] Tests run: 11, Failures: 0, Errors: 0, Time elapsed: 0.251 sec
    [junit] Running org.jfree.data.xy.VectorTest
    [junit] Tests run: 4, Failures: 0, Errors: 0, Time elapsed: 0.059 sec
    [junit] Running org.jfree.data.xy.XIntervalDataItemTest
    [junit] Tests run: 4, Failures: 0, Errors: 0, Time elapsed: 0.114 sec
    [junit] Running org.jfree.data.xy.XIntervalSeriesCollectionTest
    [junit] Tests run: 6, Failures: 0, Errors: 0, Time elapsed: 0.202 sec
    [junit] Running org.jfree.data.xy.XIntervalSeriesTest
    [junit] Tests run: 13, Failures: 0, Errors: 0, Time elapsed: 0.193 sec
    [junit] Running org.jfree.data.xy.XYBarDatasetTest
    [junit] Tests run: 4, Failures: 0, Errors: 0, Time elapsed: 0.248 sec
    [junit] Running org.jfree.data.xy.XYCoordinateTest
    [junit] Tests run: 4, Failures: 0, Errors: 0, Time elapsed: 0.139 sec
    [junit] Running org.jfree.data.xy.XYDataItemTest
    [junit] Tests run: 3, Failures: 0, Errors: 0, Time elapsed: 0.074 sec
    [junit] Running org.jfree.data.xy.XYIntervalDataItemTest
    [junit] Tests run: 4, Failures: 0, Errors: 0, Time elapsed: 0.084 sec
    [junit] Running org.jfree.data.xy.XYIntervalSeriesCollectionTest
    [junit] Tests run: 6, Failures: 0, Errors: 0, Time elapsed: 0.173 sec
    [junit] Running org.jfree.data.xy.XYIntervalSeriesTest
    [junit] Tests run: 12, Failures: 0, Errors: 0, Time elapsed: 0.216 sec
    [junit] Running org.jfree.data.xy.XYIntervalTest
    [junit] Tests run: 3, Failures: 0, Errors: 0, Time elapsed: 0.051 sec
    [junit] Running org.jfree.data.xy.XYSeriesCollectionTest
    [junit] Tests run: 16, Failures: 0, Errors: 0, Time elapsed: 0.663 sec
    [junit] Running org.jfree.data.xy.XYSeriesTest
    [junit] Tests run: 37, Failures: 0, Errors: 0, Time elapsed: 0.4 sec
    [junit] Running org.jfree.data.xy.YIntervalDataItemTest
    [junit] Tests run: 4, Failures: 0, Errors: 0, Time elapsed: 0.081 sec
    [junit] Running org.jfree.data.xy.YIntervalSeriesCollectionTest
    [junit] Tests run: 6, Failures: 0, Errors: 0, Time elapsed: 0.18 sec
    [junit] Running org.jfree.data.xy.YIntervalSeriesTest
    [junit] Tests run: 11, Failures: 0, Errors: 0, Time elapsed: 0.349 sec
    [junit] Running org.jfree.data.xy.YIntervalTest
    [junit] Tests run: 3, Failures: 0, Errors: 0, Time elapsed: 0.23 sec
    [junit] Running org.jfree.data.xy.YWithXIntervalTest
    [junit] Tests run: 3, Failures: 0, Errors: 0, Time elapsed: 0.097 sec

BUILD SUCCESSFUL
Total time: 10 minutes 39 seconds
