Buildfile: /home/hessahalkaoud/github/Quality-of-Test-suites-for-TDD-applications/source_code/TDD/jacoco-core-0.6.5/build.xml

test:
    [junit] dir attribute ignored if running in the same VM
    [junit] Running org.jacoco.core.JaCoCoTest
    [junit] Testsuite: org.jacoco.core.JaCoCoTest
    [junit] Tests run: 3, Failures: 0, Errors: 0, Time elapsed: 0.012 sec
    [junit] Tests run: 3, Failures: 0, Errors: 0, Time elapsed: 0.012 sec
    [junit] 
    [junit] dir attribute ignored if running in the same VM
    [junit] Running org.jacoco.core.analysis.AnalyzerTest
    [junit] Testsuite: org.jacoco.core.analysis.AnalyzerTest
    [junit] Tests run: 14, Failures: 0, Errors: 0, Time elapsed: 0.228 sec
    [junit] Tests run: 14, Failures: 0, Errors: 0, Time elapsed: 0.228 sec
    [junit] 
    [junit] dir attribute ignored if running in the same VM
    [junit] Running org.jacoco.core.analysis.CounterComparatorTest
    [junit] Testsuite: org.jacoco.core.analysis.CounterComparatorTest
    [junit] Tests run: 9, Failures: 0, Errors: 0, Time elapsed: 0.007 sec
    [junit] Tests run: 9, Failures: 0, Errors: 0, Time elapsed: 0.007 sec
    [junit] 
    [junit] dir attribute ignored if running in the same VM
    [junit] Running org.jacoco.core.analysis.CoverageBuilderTest
    [junit] Testsuite: org.jacoco.core.analysis.CoverageBuilderTest
    [junit] Tests run: 8, Failures: 0, Errors: 0, Time elapsed: 0.01 sec
    [junit] Tests run: 8, Failures: 0, Errors: 0, Time elapsed: 0.01 sec
    [junit] 
    [junit] dir attribute ignored if running in the same VM
    [junit] Running org.jacoco.core.analysis.CoverageNodeImplTest
    [junit] Testsuite: org.jacoco.core.analysis.CoverageNodeImplTest
    [junit] Tests run: 6, Failures: 0, Errors: 0, Time elapsed: 0.007 sec
    [junit] Tests run: 6, Failures: 0, Errors: 0, Time elapsed: 0.007 sec
    [junit] 
    [junit] dir attribute ignored if running in the same VM
    [junit] Running org.jacoco.core.analysis.NodeComparatorTest
    [junit] Testsuite: org.jacoco.core.analysis.NodeComparatorTest
    [junit] Tests run: 3, Failures: 0, Errors: 0, Time elapsed: 0.003 sec
    [junit] Tests run: 3, Failures: 0, Errors: 0, Time elapsed: 0.003 sec
    [junit] 
    [junit] dir attribute ignored if running in the same VM
    [junit] Running org.jacoco.core.data.ExecutionDataReaderWriterTest
    [junit] Testsuite: org.jacoco.core.data.ExecutionDataReaderWriterTest
    [junit] Tests run: 21, Failures: 0, Errors: 0, Time elapsed: 0.021 sec
    [junit] Tests run: 21, Failures: 0, Errors: 0, Time elapsed: 0.021 sec
    [junit] 
    [junit] dir attribute ignored if running in the same VM
    [junit] Running org.jacoco.core.data.ExecutionDataStoreTest
    [junit] Testsuite: org.jacoco.core.data.ExecutionDataStoreTest
    [junit] Tests run: 14, Failures: 0, Errors: 0, Time elapsed: 0.008 sec
    [junit] Tests run: 14, Failures: 0, Errors: 0, Time elapsed: 0.008 sec
    [junit] 
    [junit] dir attribute ignored if running in the same VM
    [junit] Running org.jacoco.core.data.ExecutionDataTest
    [junit] Testsuite: org.jacoco.core.data.ExecutionDataTest
    [junit] Tests run: 10, Failures: 0, Errors: 0, Time elapsed: 0.007 sec
    [junit] Tests run: 10, Failures: 0, Errors: 0, Time elapsed: 0.007 sec
    [junit] 
    [junit] dir attribute ignored if running in the same VM
    [junit] Running org.jacoco.core.data.SessionInfoStoreTest
    [junit] Testsuite: org.jacoco.core.data.SessionInfoStoreTest
    [junit] Tests run: 6, Failures: 0, Errors: 0, Time elapsed: 0.004 sec
    [junit] Tests run: 6, Failures: 0, Errors: 0, Time elapsed: 0.004 sec
    [junit] 
    [junit] dir attribute ignored if running in the same VM
    [junit] Running org.jacoco.core.data.SessionInfoTest
    [junit] Testsuite: org.jacoco.core.data.SessionInfoTest
    [junit] Tests run: 4, Failures: 0, Errors: 0, Time elapsed: 0.002 sec
    [junit] Tests run: 4, Failures: 0, Errors: 0, Time elapsed: 0.002 sec
    [junit] 
    [junit] dir attribute ignored if running in the same VM
    [junit] Running org.jacoco.core.instr.InstrumenterTest
    [junit] Testsuite: org.jacoco.core.instr.InstrumenterTest
    [junit] Tests run: 11, Failures: 0, Errors: 5, Time elapsed: 0.095 sec
    [junit] Tests run: 11, Failures: 0, Errors: 5, Time elapsed: 0.095 sec
    [junit] 
    [junit] Testcase: testInstrumentClass(org.jacoco.core.instr.InstrumenterTest):	Caused an ERROR
    [junit] org.jacoco.core.runtime.SystemPropertiesRuntime.generateDataAccessor(JLjava/lang/String;ILorg/jacoco/asm/MethodVisitor;)I
    [junit] java.lang.AbstractMethodError: org.jacoco.core.runtime.SystemPropertiesRuntime.generateDataAccessor(JLjava/lang/String;ILorg/jacoco/asm/MethodVisitor;)I
    [junit] 	at org.jacoco.core.internal.instr.ClassInstrumenter$ClassTypeStrategy.genInitializeDataField(ClassInstrumenter.java:183)
    [junit] 	at org.jacoco.core.internal.instr.ClassInstrumenter$ClassTypeStrategy.createInitMethod(ClassInstrumenter.java:157)
    [junit] 	at org.jacoco.core.internal.instr.ClassInstrumenter$ClassTypeStrategy.addMembers(ClassInstrumenter.java:127)
    [junit] 	at org.jacoco.core.internal.instr.ClassInstrumenter.visitEnd(ClassInstrumenter.java:109)
    [junit] 	at org.jacoco.asm.ClassVisitor.visitEnd(ClassVisitor.java:317)
    [junit] 	at org.jacoco.core.internal.flow.ClassProbesAdapter.visitEnd(ClassProbesAdapter.java:156)
    [junit] 	at org.jacoco.asm.ClassReader.accept(ClassReader.java:697)
    [junit] 	at org.jacoco.asm.ClassReader.accept(ClassReader.java:506)
    [junit] 	at org.jacoco.core.instr.Instrumenter.instrument(Instrumenter.java:95)
    [junit] 	at org.jacoco.core.instr.Instrumenter.instrument(Instrumenter.java:113)
    [junit] 	at org.jacoco.core.instr.InstrumenterTest.testInstrumentClass(InstrumenterTest.java:86)
    [junit] 
    [junit] 
    [junit] Testcase: testSerialization(org.jacoco.core.instr.InstrumenterTest):	Caused an ERROR
    [junit] org.jacoco.core.runtime.SystemPropertiesRuntime.generateDataAccessor(JLjava/lang/String;ILorg/jacoco/asm/MethodVisitor;)I
    [junit] java.lang.AbstractMethodError: org.jacoco.core.runtime.SystemPropertiesRuntime.generateDataAccessor(JLjava/lang/String;ILorg/jacoco/asm/MethodVisitor;)I
    [junit] 	at org.jacoco.core.internal.instr.ClassInstrumenter$ClassTypeStrategy.genInitializeDataField(ClassInstrumenter.java:183)
    [junit] 	at org.jacoco.core.internal.instr.ClassInstrumenter$ClassTypeStrategy.createInitMethod(ClassInstrumenter.java:157)
    [junit] 	at org.jacoco.core.internal.instr.ClassInstrumenter$ClassTypeStrategy.addMembers(ClassInstrumenter.java:127)
    [junit] 	at org.jacoco.core.internal.instr.ClassInstrumenter.visitEnd(ClassInstrumenter.java:109)
    [junit] 	at org.jacoco.asm.ClassVisitor.visitEnd(ClassVisitor.java:317)
    [junit] 	at org.jacoco.core.internal.flow.ClassProbesAdapter.visitEnd(ClassProbesAdapter.java:156)
    [junit] 	at org.jacoco.asm.ClassReader.accept(ClassReader.java:697)
    [junit] 	at org.jacoco.asm.ClassReader.accept(ClassReader.java:506)
    [junit] 	at org.jacoco.core.instr.Instrumenter.instrument(Instrumenter.java:95)
    [junit] 	at org.jacoco.core.instr.Instrumenter.instrument(Instrumenter.java:134)
    [junit] 	at org.jacoco.core.instr.InstrumenterTest.testSerialization(InstrumenterTest.java:126)
    [junit] 
    [junit] 
    [junit] Testcase: testInstrumentAll_Class(org.jacoco.core.instr.InstrumenterTest):	Caused an ERROR
    [junit] org.jacoco.core.runtime.SystemPropertiesRuntime.generateDataAccessor(JLjava/lang/String;ILorg/jacoco/asm/MethodVisitor;)I
    [junit] java.lang.AbstractMethodError: org.jacoco.core.runtime.SystemPropertiesRuntime.generateDataAccessor(JLjava/lang/String;ILorg/jacoco/asm/MethodVisitor;)I
    [junit] 	at org.jacoco.core.internal.instr.ClassInstrumenter$ClassTypeStrategy.genInitializeDataField(ClassInstrumenter.java:183)
    [junit] 	at org.jacoco.core.internal.instr.ClassInstrumenter$ClassTypeStrategy.createInitMethod(ClassInstrumenter.java:157)
    [junit] 	at org.jacoco.core.internal.instr.ClassInstrumenter$ClassTypeStrategy.addMembers(ClassInstrumenter.java:127)
    [junit] 	at org.jacoco.core.internal.instr.ClassInstrumenter.visitEnd(ClassInstrumenter.java:109)
    [junit] 	at org.jacoco.asm.ClassVisitor.visitEnd(ClassVisitor.java:317)
    [junit] 	at org.jacoco.core.internal.flow.ClassProbesAdapter.visitEnd(ClassProbesAdapter.java:156)
    [junit] 	at org.jacoco.asm.ClassReader.accept(ClassReader.java:697)
    [junit] 	at org.jacoco.asm.ClassReader.accept(ClassReader.java:506)
    [junit] 	at org.jacoco.core.instr.Instrumenter.instrument(Instrumenter.java:95)
    [junit] 	at org.jacoco.core.instr.Instrumenter.instrument(Instrumenter.java:156)
    [junit] 	at org.jacoco.core.instr.Instrumenter.instrumentAll(Instrumenter.java:191)
    [junit] 	at org.jacoco.core.instr.InstrumenterTest.testInstrumentAll_Class(InstrumenterTest.java:148)
    [junit] 
    [junit] 
    [junit] Testcase: testInstrumentAll_Zip(org.jacoco.core.instr.InstrumenterTest):	Caused an ERROR
    [junit] org.jacoco.core.runtime.SystemPropertiesRuntime.generateDataAccessor(JLjava/lang/String;ILorg/jacoco/asm/MethodVisitor;)I
    [junit] java.lang.AbstractMethodError: org.jacoco.core.runtime.SystemPropertiesRuntime.generateDataAccessor(JLjava/lang/String;ILorg/jacoco/asm/MethodVisitor;)I
    [junit] 	at org.jacoco.core.internal.instr.ClassInstrumenter$ClassTypeStrategy.genInitializeDataField(ClassInstrumenter.java:183)
    [junit] 	at org.jacoco.core.internal.instr.ClassInstrumenter$ClassTypeStrategy.createInitMethod(ClassInstrumenter.java:157)
    [junit] 	at org.jacoco.core.internal.instr.ClassInstrumenter$ClassTypeStrategy.addMembers(ClassInstrumenter.java:127)
    [junit] 	at org.jacoco.core.internal.instr.ClassInstrumenter.visitEnd(ClassInstrumenter.java:109)
    [junit] 	at org.jacoco.asm.ClassVisitor.visitEnd(ClassVisitor.java:317)
    [junit] 	at org.jacoco.core.internal.flow.ClassProbesAdapter.visitEnd(ClassProbesAdapter.java:156)
    [junit] 	at org.jacoco.asm.ClassReader.accept(ClassReader.java:697)
    [junit] 	at org.jacoco.asm.ClassReader.accept(ClassReader.java:506)
    [junit] 	at org.jacoco.core.instr.Instrumenter.instrument(Instrumenter.java:95)
    [junit] 	at org.jacoco.core.instr.Instrumenter.instrument(Instrumenter.java:156)
    [junit] 	at org.jacoco.core.instr.Instrumenter.instrumentAll(Instrumenter.java:191)
    [junit] 	at org.jacoco.core.instr.Instrumenter.instrumentZip(Instrumenter.java:219)
    [junit] 	at org.jacoco.core.instr.Instrumenter.instrumentAll(Instrumenter.java:194)
    [junit] 	at org.jacoco.core.instr.InstrumenterTest.testInstrumentAll_Zip(InstrumenterTest.java:162)
    [junit] 
    [junit] 
    [junit] Testcase: testInstrumentAll_Pack200(org.jacoco.core.instr.InstrumenterTest):	Caused an ERROR
    [junit] org.jacoco.core.runtime.SystemPropertiesRuntime.generateDataAccessor(JLjava/lang/String;ILorg/jacoco/asm/MethodVisitor;)I
    [junit] java.lang.AbstractMethodError: org.jacoco.core.runtime.SystemPropertiesRuntime.generateDataAccessor(JLjava/lang/String;ILorg/jacoco/asm/MethodVisitor;)I
    [junit] 	at org.jacoco.core.internal.instr.ClassInstrumenter$ClassTypeStrategy.genInitializeDataField(ClassInstrumenter.java:183)
    [junit] 	at org.jacoco.core.internal.instr.ClassInstrumenter$ClassTypeStrategy.createInitMethod(ClassInstrumenter.java:157)
    [junit] 	at org.jacoco.core.internal.instr.ClassInstrumenter$ClassTypeStrategy.addMembers(ClassInstrumenter.java:127)
    [junit] 	at org.jacoco.core.internal.instr.ClassInstrumenter.visitEnd(ClassInstrumenter.java:109)
    [junit] 	at org.jacoco.asm.ClassVisitor.visitEnd(ClassVisitor.java:317)
    [junit] 	at org.jacoco.core.internal.flow.ClassProbesAdapter.visitEnd(ClassProbesAdapter.java:156)
    [junit] 	at org.jacoco.asm.ClassReader.accept(ClassReader.java:697)
    [junit] 	at org.jacoco.asm.ClassReader.accept(ClassReader.java:506)
    [junit] 	at org.jacoco.core.instr.Instrumenter.instrument(Instrumenter.java:95)
    [junit] 	at org.jacoco.core.instr.Instrumenter.instrument(Instrumenter.java:156)
    [junit] 	at org.jacoco.core.instr.Instrumenter.instrumentAll(Instrumenter.java:191)
    [junit] 	at org.jacoco.core.instr.Instrumenter.instrumentZip(Instrumenter.java:219)
    [junit] 	at org.jacoco.core.instr.Instrumenter.instrumentAll(Instrumenter.java:194)
    [junit] 	at org.jacoco.core.instr.Instrumenter.instrumentPack200(Instrumenter.java:238)
    [junit] 	at org.jacoco.core.instr.Instrumenter.instrumentAll(Instrumenter.java:198)
    [junit] 	at org.jacoco.core.instr.Instrumenter.instrumentGzip(Instrumenter.java:230)
    [junit] 	at org.jacoco.core.instr.Instrumenter.instrumentAll(Instrumenter.java:196)
    [junit] 	at org.jacoco.core.instr.InstrumenterTest.testInstrumentAll_Pack200(InstrumenterTest.java:211)
    [junit] 
    [junit] 
    [junit] dir attribute ignored if running in the same VM
    [junit] Running org.jacoco.core.internal.ContentTypeDetectorTest
    [junit] Testsuite: org.jacoco.core.internal.ContentTypeDetectorTest
    [junit] Tests run: 14, Failures: 0, Errors: 0, Time elapsed: 0.017 sec
    [junit] Tests run: 14, Failures: 0, Errors: 0, Time elapsed: 0.017 sec
    [junit] 
    [junit] dir attribute ignored if running in the same VM
    [junit] Running org.jacoco.core.internal.Pack200StreamsTest
    [junit] Testsuite: org.jacoco.core.internal.Pack200StreamsTest
    [junit] Tests run: 2, Failures: 0, Errors: 0, Time elapsed: 0.031 sec
    [junit] Tests run: 2, Failures: 0, Errors: 0, Time elapsed: 0.031 sec
    [junit] 
    [junit] dir attribute ignored if running in the same VM
    [junit] Running org.jacoco.core.internal.analysis.BundleCoverageImplTest
    [junit] Testsuite: org.jacoco.core.internal.analysis.BundleCoverageImplTest
    [junit] Tests run: 3, Failures: 0, Errors: 0, Time elapsed: 0.003 sec
    [junit] Tests run: 3, Failures: 0, Errors: 0, Time elapsed: 0.003 sec
    [junit] 
    [junit] dir attribute ignored if running in the same VM
    [junit] Running org.jacoco.core.internal.analysis.ClassAnalyzerTest
    [junit] Testsuite: org.jacoco.core.internal.analysis.ClassAnalyzerTest
    [junit] Tests run: 2, Failures: 0, Errors: 1, Time elapsed: 0.002 sec
    [junit] Tests run: 2, Failures: 0, Errors: 1, Time elapsed: 0.002 sec
    [junit] 
    [junit] Testcase: testAnalyzeInstrumentedClass1(org.jacoco.core.internal.analysis.ClassAnalyzerTest):	Caused an ERROR
    [junit] Unexpected exception, expected<java.lang.IllegalStateException> but was<java.lang.NoSuchMethodError>
    [junit] java.lang.Exception: Unexpected exception, expected<java.lang.IllegalStateException> but was<java.lang.NoSuchMethodError>
    [junit] Caused by: java.lang.NoSuchMethodError: org.jacoco.core.internal.analysis.ClassAnalyzer.visitField(ILjava/lang/String;Ljava/lang/String;Ljava/lang/String;Ljava/lang/Object;)Lorg/objectweb/asm/FieldVisitor;
    [junit] 	at org.jacoco.core.internal.analysis.ClassAnalyzerTest.testAnalyzeInstrumentedClass1(ClassAnalyzerTest.java:35)
    [junit] 
    [junit] 
    [junit] dir attribute ignored if running in the same VM
    [junit] Running org.jacoco.core.internal.analysis.ClassCoverageImplTest
    [junit] Testsuite: org.jacoco.core.internal.analysis.ClassCoverageImplTest
    [junit] Tests run: 7, Failures: 0, Errors: 0, Time elapsed: 0.004 sec
    [junit] Tests run: 7, Failures: 0, Errors: 0, Time elapsed: 0.004 sec
    [junit] 
    [junit] dir attribute ignored if running in the same VM
    [junit] Running org.jacoco.core.internal.analysis.CounterImplTest
    [junit] Testsuite: org.jacoco.core.internal.analysis.CounterImplTest
    [junit] Tests run: 25, Failures: 0, Errors: 0, Time elapsed: 0.011 sec
    [junit] Tests run: 25, Failures: 0, Errors: 0, Time elapsed: 0.011 sec
    [junit] 
    [junit] dir attribute ignored if running in the same VM
    [junit] Running org.jacoco.core.internal.analysis.LineImplTest
    [junit] Testsuite: org.jacoco.core.internal.analysis.LineImplTest
    [junit] Tests run: 17, Failures: 0, Errors: 0, Time elapsed: 0.009 sec
    [junit] Tests run: 17, Failures: 0, Errors: 0, Time elapsed: 0.009 sec
    [junit] 
    [junit] dir attribute ignored if running in the same VM
    [junit] Running org.jacoco.core.internal.analysis.MethodAnalyzerTest
    [junit] Testsuite: org.jacoco.core.internal.analysis.MethodAnalyzerTest
    [junit] Tests run: 1, Failures: 0, Errors: 1, Time elapsed: 0 sec
    [junit] Tests run: 1, Failures: 0, Errors: 1, Time elapsed: 0 sec
    [junit] 
    [junit] Null Test: 	Caused an ERROR
    [junit] (class: org/jacoco/core/internal/analysis/MethodAnalyzerTest, method: runMethodAnalzer signature: ()V) Incompatible argument to function
    [junit] java.lang.VerifyError: (class: org/jacoco/core/internal/analysis/MethodAnalyzerTest, method: runMethodAnalzer signature: ()V) Incompatible argument to function
    [junit] 	at java.lang.Class.forName0(Native Method)
    [junit] 	at java.lang.Class.forName(Class.java:270)
    [junit] 
    [junit] 
    [junit] dir attribute ignored if running in the same VM
    [junit] Running org.jacoco.core.internal.analysis.MethodCoverageImplTest
    [junit] Testsuite: org.jacoco.core.internal.analysis.MethodCoverageImplTest
    [junit] Tests run: 12, Failures: 0, Errors: 0, Time elapsed: 0.006 sec
    [junit] Tests run: 12, Failures: 0, Errors: 0, Time elapsed: 0.006 sec
    [junit] 
    [junit] dir attribute ignored if running in the same VM
    [junit] Running org.jacoco.core.internal.analysis.PackageCoverageTest
    [junit] Testsuite: org.jacoco.core.internal.analysis.PackageCoverageTest
    [junit] Tests run: 3, Failures: 0, Errors: 0, Time elapsed: 0.003 sec
    [junit] Tests run: 3, Failures: 0, Errors: 0, Time elapsed: 0.003 sec
    [junit] 
    [junit] dir attribute ignored if running in the same VM
    [junit] Running org.jacoco.core.internal.analysis.SourceFileCoverageImplTest
    [junit] Testsuite: org.jacoco.core.internal.analysis.SourceFileCoverageImplTest
    [junit] Tests run: 1, Failures: 0, Errors: 0, Time elapsed: 0 sec
    [junit] Tests run: 1, Failures: 0, Errors: 0, Time elapsed: 0 sec
    [junit] 
    [junit] dir attribute ignored if running in the same VM
    [junit] Running org.jacoco.core.internal.analysis.SourceNodeImplTest
    [junit] Testsuite: org.jacoco.core.internal.analysis.SourceNodeImplTest
    [junit] Tests run: 24, Failures: 0, Errors: 0, Time elapsed: 0.012 sec
    [junit] Tests run: 24, Failures: 0, Errors: 0, Time elapsed: 0.012 sec
    [junit] 
    [junit] dir attribute ignored if running in the same VM
    [junit] Running org.jacoco.core.internal.analysis.StringPoolTest
    [junit] Testsuite: org.jacoco.core.internal.analysis.StringPoolTest
    [junit] Tests run: 5, Failures: 0, Errors: 0, Time elapsed: 0.003 sec
    [junit] Tests run: 5, Failures: 0, Errors: 0, Time elapsed: 0.003 sec
    [junit] 
    [junit] dir attribute ignored if running in the same VM
    [junit] Running org.jacoco.core.internal.data.CRC64Test
    [junit] Testsuite: org.jacoco.core.internal.data.CRC64Test
    [junit] Tests run: 4, Failures: 0, Errors: 0, Time elapsed: 0.004 sec
    [junit] Tests run: 4, Failures: 0, Errors: 0, Time elapsed: 0.004 sec
    [junit] 
    [junit] dir attribute ignored if running in the same VM
    [junit] Running org.jacoco.core.internal.data.CompactDataInputOutputTest
    [junit] Testsuite: org.jacoco.core.internal.data.CompactDataInputOutputTest
    [junit] Tests run: 12, Failures: 0, Errors: 0, Time elapsed: 0.004 sec
    [junit] Tests run: 12, Failures: 0, Errors: 0, Time elapsed: 0.004 sec
    [junit] 
    [junit] dir attribute ignored if running in the same VM
    [junit] Running org.jacoco.core.internal.flow.ClassProbesAdapterTest
    [junit] Testsuite: org.jacoco.core.internal.flow.ClassProbesAdapterTest
    [junit] Tests run: 1, Failures: 0, Errors: 1, Time elapsed: 0 sec
    [junit] Tests run: 1, Failures: 0, Errors: 1, Time elapsed: 0 sec
    [junit] 
    [junit] Null Test: 	Caused an ERROR
    [junit] (class: org/jacoco/core/internal/flow/ClassProbesAdapterTest, method: testVisitWithoutFrames signature: ()V) Incompatible argument to function
    [junit] java.lang.VerifyError: (class: org/jacoco/core/internal/flow/ClassProbesAdapterTest, method: testVisitWithoutFrames signature: ()V) Incompatible argument to function
    [junit] 	at java.lang.Class.forName0(Native Method)
    [junit] 	at java.lang.Class.forName(Class.java:270)
    [junit] 
    [junit] 
    [junit] dir attribute ignored if running in the same VM
    [junit] Running org.jacoco.core.internal.flow.FrameSnapshotTest
    [junit] Testsuite: org.jacoco.core.internal.flow.FrameSnapshotTest
    [junit] Tests run: 5, Failures: 0, Errors: 10, Time elapsed: 0.022 sec
    [junit] Tests run: 5, Failures: 0, Errors: 10, Time elapsed: 0.022 sec
    [junit] 
    [junit] Testcase: testFrame(org.jacoco.core.internal.flow.FrameSnapshotTest):	Caused an ERROR
    [junit] tried to access class org.jacoco.core.internal.flow.FrameSnapshot from class org.jacoco.core.internal.flow.FrameSnapshotTest
    [junit] java.lang.IllegalAccessError: tried to access class org.jacoco.core.internal.flow.FrameSnapshot from class org.jacoco.core.internal.flow.FrameSnapshotTest
    [junit] 	at org.jacoco.core.internal.flow.FrameSnapshotTest.testFrame(FrameSnapshotTest.java:65)
    [junit] 
    [junit] 
    [junit] Testcase: testFrame(org.jacoco.core.internal.flow.FrameSnapshotTest):	Caused an ERROR
    [junit] org.jacoco.core.internal.flow.IFrame.accept(Lorg/objectweb/asm/MethodVisitor;)V
    [junit] java.lang.NoSuchMethodError: org.jacoco.core.internal.flow.IFrame.accept(Lorg/objectweb/asm/MethodVisitor;)V
    [junit] 	at org.jacoco.core.internal.flow.FrameSnapshotTest.teardown(FrameSnapshotTest.java:47)
    [junit] 
    [junit] 
    [junit] Testcase: testNullAnalyzer(org.jacoco.core.internal.flow.FrameSnapshotTest):	Caused an ERROR
    [junit] org/jacoco/core/internal/flow/FrameSnapshot
    [junit] java.lang.IllegalAccessError: org/jacoco/core/internal/flow/FrameSnapshot
    [junit] 	at org.jacoco.core.internal.flow.FrameSnapshotTest.testNullAnalyzer(FrameSnapshotTest.java:53)
    [junit] 
    [junit] 
    [junit] Testcase: testNullAnalyzer(org.jacoco.core.internal.flow.FrameSnapshotTest):	Caused an ERROR
    [junit] org.jacoco.core.internal.flow.IFrame.accept(Lorg/objectweb/asm/MethodVisitor;)V
    [junit] java.lang.NoSuchMethodError: org.jacoco.core.internal.flow.IFrame.accept(Lorg/objectweb/asm/MethodVisitor;)V
    [junit] 	at org.jacoco.core.internal.flow.FrameSnapshotTest.teardown(FrameSnapshotTest.java:47)
    [junit] 
    [junit] 
    [junit] Testcase: testNoFrame(org.jacoco.core.internal.flow.FrameSnapshotTest):	Caused an ERROR
    [junit] org/jacoco/core/internal/flow/FrameSnapshot
    [junit] java.lang.IllegalAccessError: org/jacoco/core/internal/flow/FrameSnapshot
    [junit] 	at org.jacoco.core.internal.flow.FrameSnapshotTest.testNoFrame(FrameSnapshotTest.java:59)
    [junit] 
    [junit] 
    [junit] Testcase: testNoFrame(org.jacoco.core.internal.flow.FrameSnapshotTest):	Caused an ERROR
    [junit] org.jacoco.core.internal.flow.IFrame.accept(Lorg/objectweb/asm/MethodVisitor;)V
    [junit] java.lang.NoSuchMethodError: org.jacoco.core.internal.flow.IFrame.accept(Lorg/objectweb/asm/MethodVisitor;)V
    [junit] 	at org.jacoco.core.internal.flow.FrameSnapshotTest.teardown(FrameSnapshotTest.java:47)
    [junit] 
    [junit] 
    [junit] Testcase: testReduce(org.jacoco.core.internal.flow.FrameSnapshotTest):	Caused an ERROR
    [junit] org/jacoco/core/internal/flow/FrameSnapshot
    [junit] java.lang.IllegalAccessError: org/jacoco/core/internal/flow/FrameSnapshot
    [junit] 	at org.jacoco.core.internal.flow.FrameSnapshotTest.testReduce(FrameSnapshotTest.java:77)
    [junit] 
    [junit] 
    [junit] Testcase: testReduce(org.jacoco.core.internal.flow.FrameSnapshotTest):	Caused an ERROR
    [junit] org.jacoco.core.internal.flow.IFrame.accept(Lorg/objectweb/asm/MethodVisitor;)V
    [junit] java.lang.NoSuchMethodError: org.jacoco.core.internal.flow.IFrame.accept(Lorg/objectweb/asm/MethodVisitor;)V
    [junit] 	at org.jacoco.core.internal.flow.FrameSnapshotTest.teardown(FrameSnapshotTest.java:47)
    [junit] 
    [junit] 
    [junit] Testcase: testPop(org.jacoco.core.internal.flow.FrameSnapshotTest):	Caused an ERROR
    [junit] org/jacoco/core/internal/flow/FrameSnapshot
    [junit] java.lang.IllegalAccessError: org/jacoco/core/internal/flow/FrameSnapshot
    [junit] 	at org.jacoco.core.internal.flow.FrameSnapshotTest.testPop(FrameSnapshotTest.java:90)
    [junit] 
    [junit] 
    [junit] Testcase: testPop(org.jacoco.core.internal.flow.FrameSnapshotTest):	Caused an ERROR
    [junit] org.jacoco.core.internal.flow.IFrame.accept(Lorg/objectweb/asm/MethodVisitor;)V
    [junit] java.lang.NoSuchMethodError: org.jacoco.core.internal.flow.IFrame.accept(Lorg/objectweb/asm/MethodVisitor;)V
    [junit] 	at org.jacoco.core.internal.flow.FrameSnapshotTest.teardown(FrameSnapshotTest.java:47)
    [junit] 
    [junit] 
    [junit] dir attribute ignored if running in the same VM
    [junit] Running org.jacoco.core.internal.flow.InstructionTest
    [junit] Testsuite: org.jacoco.core.internal.flow.InstructionTest
    [junit] Tests run: 5, Failures: 0, Errors: 0, Time elapsed: 0.007 sec
    [junit] Tests run: 5, Failures: 0, Errors: 0, Time elapsed: 0.007 sec
    [junit] 
    [junit] dir attribute ignored if running in the same VM
    [junit] Running org.jacoco.core.internal.flow.LabelFlowAnalyzerTest
    [junit] Testsuite: org.jacoco.core.internal.flow.LabelFlowAnalyzerTest
    [junit] Tests run: 28, Failures: 0, Errors: 27, Time elapsed: 0.015 sec
    [junit] Tests run: 28, Failures: 0, Errors: 27, Time elapsed: 0.015 sec
    [junit] 
    [junit] Testcase: testInit(org.jacoco.core.internal.flow.LabelFlowAnalyzerTest):	Caused an ERROR
    [junit] tried to access field org.jacoco.core.internal.flow.LabelFlowAnalyzer.successor from class org.jacoco.core.internal.flow.LabelFlowAnalyzerTest
    [junit] java.lang.IllegalAccessError: tried to access field org.jacoco.core.internal.flow.LabelFlowAnalyzer.successor from class org.jacoco.core.internal.flow.LabelFlowAnalyzerTest
    [junit] 	at org.jacoco.core.internal.flow.LabelFlowAnalyzerTest.testInit(LabelFlowAnalyzerTest.java:138)
    [junit] 
    [junit] 
    [junit] Testcase: testVisitJumpInsnNegative(org.jacoco.core.internal.flow.LabelFlowAnalyzerTest):	Caused an ERROR
    [junit] Unexpected exception, expected<java.lang.AssertionError> but was<java.lang.NoSuchMethodError>
    [junit] java.lang.Exception: Unexpected exception, expected<java.lang.AssertionError> but was<java.lang.NoSuchMethodError>
    [junit] Caused by: java.lang.NoSuchMethodError: org.jacoco.core.internal.flow.LabelFlowAnalyzer.visitJumpInsn(ILorg/objectweb/asm/Label;)V
    [junit] 	at org.jacoco.core.internal.flow.LabelFlowAnalyzerTest.testVisitJumpInsnNegative(LabelFlowAnalyzerTest.java:342)
    [junit] 
    [junit] 
    [junit] Testcase: testIincInsn(org.jacoco.core.internal.flow.LabelFlowAnalyzerTest):	Caused an ERROR
    [junit] tried to access field org.jacoco.core.internal.flow.LabelFlowAnalyzer.successor from class org.jacoco.core.internal.flow.LabelFlowAnalyzerTest
    [junit] java.lang.IllegalAccessError: tried to access field org.jacoco.core.internal.flow.LabelFlowAnalyzer.successor from class org.jacoco.core.internal.flow.LabelFlowAnalyzerTest
    [junit] 	at org.jacoco.core.internal.flow.LabelFlowAnalyzerTest.testIincInsn(LabelFlowAnalyzerTest.java:355)
    [junit] 
    [junit] 
    [junit] Testcase: testTableSwitchInsn(org.jacoco.core.internal.flow.LabelFlowAnalyzerTest):	Caused an ERROR
    [junit] org.jacoco.core.internal.flow.LabelFlowAnalyzer.visitTableSwitchInsn(IILorg/objectweb/asm/Label;[Lorg/objectweb/asm/Label;)V
    [junit] java.lang.NoSuchMethodError: org.jacoco.core.internal.flow.LabelFlowAnalyzer.visitTableSwitchInsn(IILorg/objectweb/asm/Label;[Lorg/objectweb/asm/Label;)V
    [junit] 	at org.jacoco.core.internal.flow.LabelFlowAnalyzerTest.testTableSwitchInsn(LabelFlowAnalyzerTest.java:361)
    [junit] 
    [junit] 
    [junit] Testcase: testLookupSwitchInsn(org.jacoco.core.internal.flow.LabelFlowAnalyzerTest):	Caused an ERROR
    [junit] org.jacoco.core.internal.flow.LabelFlowAnalyzer.visitLookupSwitchInsn(Lorg/objectweb/asm/Label;[I[Lorg/objectweb/asm/Label;)V
    [junit] java.lang.NoSuchMethodError: org.jacoco.core.internal.flow.LabelFlowAnalyzer.visitLookupSwitchInsn(Lorg/objectweb/asm/Label;[I[Lorg/objectweb/asm/Label;)V
    [junit] 	at org.jacoco.core.internal.flow.LabelFlowAnalyzerTest.testLookupSwitchInsn(LabelFlowAnalyzerTest.java:368)
    [junit] 
    [junit] 
    [junit] Testcase: testFlowScenario07(org.jacoco.core.internal.flow.LabelFlowAnalyzerTest):	Caused an ERROR
    [junit] org.jacoco.core.internal.flow.LabelFlowAnalyzer.visitJumpInsn(ILorg/objectweb/asm/Label;)V
    [junit] java.lang.NoSuchMethodError: org.jacoco.core.internal.flow.LabelFlowAnalyzer.visitJumpInsn(ILorg/objectweb/asm/Label;)V
    [junit] 	at org.jacoco.core.internal.flow.LabelFlowAnalyzerTest.testFlowScenario07(LabelFlowAnalyzerTest.java:84)
    [junit] 
    [junit] 
    [junit] Testcase: testFlowScenario08(org.jacoco.core.internal.flow.LabelFlowAnalyzerTest):	Caused an ERROR
    [junit] org.jacoco.core.internal.flow.LabelFlowAnalyzer.visitJumpInsn(ILorg/objectweb/asm/Label;)V
    [junit] java.lang.NoSuchMethodError: org.jacoco.core.internal.flow.LabelFlowAnalyzer.visitJumpInsn(ILorg/objectweb/asm/Label;)V
    [junit] 	at org.jacoco.core.internal.flow.LabelFlowAnalyzerTest.testFlowScenario08(LabelFlowAnalyzerTest.java:92)
    [junit] 
    [junit] 
    [junit] Testcase: testFlowScenario09(org.jacoco.core.internal.flow.LabelFlowAnalyzerTest):	Caused an ERROR
    [junit] org.jacoco.core.internal.flow.LabelFlowAnalyzer.visitLabel(Lorg/objectweb/asm/Label;)V
    [junit] java.lang.NoSuchMethodError: org.jacoco.core.internal.flow.LabelFlowAnalyzer.visitLabel(Lorg/objectweb/asm/Label;)V
    [junit] 	at org.jacoco.core.internal.flow.LabelFlowAnalyzerTest.testFlowScenario09(LabelFlowAnalyzerTest.java:102)
    [junit] 
    [junit] 
    [junit] Testcase: testFlowScenario01(org.jacoco.core.internal.flow.LabelFlowAnalyzerTest):	Caused an ERROR
    [junit] org.jacoco.core.internal.flow.LabelInfo.isMultiTarget(Lorg/objectweb/asm/Label;)Z
    [junit] java.lang.NoSuchMethodError: org.jacoco.core.internal.flow.LabelInfo.isMultiTarget(Lorg/objectweb/asm/Label;)Z
    [junit] 	at org.jacoco.core.internal.flow.LabelFlowAnalyzerTest.testFlowScenario01(LabelFlowAnalyzerTest.java:40)
    [junit] 
    [junit] 
    [junit] Testcase: testFlowScenario02(org.jacoco.core.internal.flow.LabelFlowAnalyzerTest):	Caused an ERROR
    [junit] org.jacoco.core.internal.flow.LabelFlowAnalyzer.visitJumpInsn(ILorg/objectweb/asm/Label;)V
    [junit] java.lang.NoSuchMethodError: org.jacoco.core.internal.flow.LabelFlowAnalyzer.visitJumpInsn(ILorg/objectweb/asm/Label;)V
    [junit] 	at org.jacoco.core.internal.flow.LabelFlowAnalyzerTest.testFlowScenario02(LabelFlowAnalyzerTest.java:46)
    [junit] 
    [junit] 
    [junit] Testcase: testFlowScenario05(org.jacoco.core.internal.flow.LabelFlowAnalyzerTest):	Caused an ERROR
    [junit] org.jacoco.core.internal.flow.LabelFlowAnalyzer.visitLabel(Lorg/objectweb/asm/Label;)V
    [junit] java.lang.NoSuchMethodError: org.jacoco.core.internal.flow.LabelFlowAnalyzer.visitLabel(Lorg/objectweb/asm/Label;)V
    [junit] 	at org.jacoco.core.internal.flow.LabelFlowAnalyzerTest.testFlowScenario05(LabelFlowAnalyzerTest.java:68)
    [junit] 
    [junit] 
    [junit] Testcase: testFlowScenario06(org.jacoco.core.internal.flow.LabelFlowAnalyzerTest):	Caused an ERROR
    [junit] org.jacoco.core.internal.flow.LabelFlowAnalyzer.visitJumpInsn(ILorg/objectweb/asm/Label;)V
    [junit] java.lang.NoSuchMethodError: org.jacoco.core.internal.flow.LabelFlowAnalyzer.visitJumpInsn(ILorg/objectweb/asm/Label;)V
    [junit] 	at org.jacoco.core.internal.flow.LabelFlowAnalyzerTest.testFlowScenario06(LabelFlowAnalyzerTest.java:76)
    [junit] 
    [junit] 
    [junit] Testcase: testMultiANewArrayInsn(org.jacoco.core.internal.flow.LabelFlowAnalyzerTest):	Caused an ERROR
    [junit] tried to access field org.jacoco.core.internal.flow.LabelFlowAnalyzer.successor from class org.jacoco.core.internal.flow.LabelFlowAnalyzerTest
    [junit] java.lang.IllegalAccessError: tried to access field org.jacoco.core.internal.flow.LabelFlowAnalyzer.successor from class org.jacoco.core.internal.flow.LabelFlowAnalyzerTest
    [junit] 	at org.jacoco.core.internal.flow.LabelFlowAnalyzerTest.testMultiANewArrayInsn(LabelFlowAnalyzerTest.java:377)
    [junit] 
    [junit] 
    [junit] Testcase: testFlowScenario03(org.jacoco.core.internal.flow.LabelFlowAnalyzerTest):	Caused an ERROR
    [junit] org.jacoco.core.internal.flow.LabelFlowAnalyzer.visitLabel(Lorg/objectweb/asm/Label;)V
    [junit] java.lang.NoSuchMethodError: org.jacoco.core.internal.flow.LabelFlowAnalyzer.visitLabel(Lorg/objectweb/asm/Label;)V
    [junit] 	at org.jacoco.core.internal.flow.LabelFlowAnalyzerTest.testFlowScenario03(LabelFlowAnalyzerTest.java:54)
    [junit] 
    [junit] 
    [junit] Testcase: testFlowScenario04(org.jacoco.core.internal.flow.LabelFlowAnalyzerTest):	Caused an ERROR
    [junit] org.jacoco.core.internal.flow.LabelFlowAnalyzer.visitLabel(Lorg/objectweb/asm/Label;)V
    [junit] java.lang.NoSuchMethodError: org.jacoco.core.internal.flow.LabelFlowAnalyzer.visitLabel(Lorg/objectweb/asm/Label;)V
    [junit] 	at org.jacoco.core.internal.flow.LabelFlowAnalyzerTest.testFlowScenario04(LabelFlowAnalyzerTest.java:61)
    [junit] 
    [junit] 
    [junit] Testcase: testFlowScenario10(org.jacoco.core.internal.flow.LabelFlowAnalyzerTest):	Caused an ERROR
    [junit] org.jacoco.core.internal.flow.LabelFlowAnalyzer.visitTryCatchBlock(Lorg/objectweb/asm/Label;Lorg/objectweb/asm/Label;Lorg/objectweb/asm/Label;Ljava/lang/String;)V
    [junit] java.lang.NoSuchMethodError: org.jacoco.core.internal.flow.LabelFlowAnalyzer.visitTryCatchBlock(Lorg/objectweb/asm/Label;Lorg/objectweb/asm/Label;Lorg/objectweb/asm/Label;Ljava/lang/String;)V
    [junit] 	at org.jacoco.core.internal.flow.LabelFlowAnalyzerTest.testFlowScenario10(LabelFlowAnalyzerTest.java:110)
    [junit] 
    [junit] 
    [junit] Testcase: testFlowScenario11(org.jacoco.core.internal.flow.LabelFlowAnalyzerTest):	Caused an ERROR
    [junit] org.jacoco.core.internal.flow.LabelFlowAnalyzer.visitLookupSwitchInsn(Lorg/objectweb/asm/Label;[I[Lorg/objectweb/asm/Label;)V
    [junit] java.lang.NoSuchMethodError: org.jacoco.core.internal.flow.LabelFlowAnalyzer.visitLookupSwitchInsn(Lorg/objectweb/asm/Label;[I[Lorg/objectweb/asm/Label;)V
    [junit] 	at org.jacoco.core.internal.flow.LabelFlowAnalyzerTest.testFlowScenario11(LabelFlowAnalyzerTest.java:121)
    [junit] 
    [junit] 
    [junit] Testcase: testFlowScenario12(org.jacoco.core.internal.flow.LabelFlowAnalyzerTest):	Caused an ERROR
    [junit] org.jacoco.core.internal.flow.LabelFlowAnalyzer.visitTableSwitchInsn(IILorg/objectweb/asm/Label;[Lorg/objectweb/asm/Label;)V
    [junit] java.lang.NoSuchMethodError: org.jacoco.core.internal.flow.LabelFlowAnalyzer.visitTableSwitchInsn(IILorg/objectweb/asm/Label;[Lorg/objectweb/asm/Label;)V
    [junit] 	at org.jacoco.core.internal.flow.LabelFlowAnalyzerTest.testFlowScenario12(LabelFlowAnalyzerTest.java:131)
    [junit] 
    [junit] 
    [junit] Testcase: testIntInsn(org.jacoco.core.internal.flow.LabelFlowAnalyzerTest):	Caused an ERROR
    [junit] tried to access field org.jacoco.core.internal.flow.LabelFlowAnalyzer.successor from class org.jacoco.core.internal.flow.LabelFlowAnalyzerTest
    [junit] java.lang.IllegalAccessError: tried to access field org.jacoco.core.internal.flow.LabelFlowAnalyzer.successor from class org.jacoco.core.internal.flow.LabelFlowAnalyzerTest
    [junit] 	at org.jacoco.core.internal.flow.LabelFlowAnalyzerTest.testIntInsn(LabelFlowAnalyzerTest.java:270)
    [junit] 
    [junit] 
    [junit] Testcase: testVarInsn(org.jacoco.core.internal.flow.LabelFlowAnalyzerTest):	Caused an ERROR
    [junit] tried to access field org.jacoco.core.internal.flow.LabelFlowAnalyzer.successor from class org.jacoco.core.internal.flow.LabelFlowAnalyzerTest
    [junit] java.lang.IllegalAccessError: tried to access field org.jacoco.core.internal.flow.LabelFlowAnalyzer.successor from class org.jacoco.core.internal.flow.LabelFlowAnalyzerTest
    [junit] 	at org.jacoco.core.internal.flow.LabelFlowAnalyzerTest.testVarInsn(LabelFlowAnalyzerTest.java:277)
    [junit] 
    [junit] 
    [junit] Testcase: testTypeInsn(org.jacoco.core.internal.flow.LabelFlowAnalyzerTest):	Caused an ERROR
    [junit] tried to access field org.jacoco.core.internal.flow.LabelFlowAnalyzer.successor from class org.jacoco.core.internal.flow.LabelFlowAnalyzerTest
    [junit] java.lang.IllegalAccessError: tried to access field org.jacoco.core.internal.flow.LabelFlowAnalyzer.successor from class org.jacoco.core.internal.flow.LabelFlowAnalyzerTest
    [junit] 	at org.jacoco.core.internal.flow.LabelFlowAnalyzerTest.testTypeInsn(LabelFlowAnalyzerTest.java:284)
    [junit] 
    [junit] 
    [junit] Testcase: testInsn(org.jacoco.core.internal.flow.LabelFlowAnalyzerTest):	Caused an ERROR
    [junit] tried to access field org.jacoco.core.internal.flow.LabelFlowAnalyzer.successor from class org.jacoco.core.internal.flow.LabelFlowAnalyzerTest
    [junit] java.lang.IllegalAccessError: tried to access field org.jacoco.core.internal.flow.LabelFlowAnalyzer.successor from class org.jacoco.core.internal.flow.LabelFlowAnalyzerTest
    [junit] 	at org.jacoco.core.internal.flow.LabelFlowAnalyzerTest.testInsn(LabelFlowAnalyzerTest.java:255)
    [junit] 	at org.jacoco.core.internal.flow.LabelFlowAnalyzerTest.testInsn(LabelFlowAnalyzerTest.java:144)
    [junit] 
    [junit] 
    [junit] Testcase: testFieldInsn(org.jacoco.core.internal.flow.LabelFlowAnalyzerTest):	Caused an ERROR
    [junit] tried to access field org.jacoco.core.internal.flow.LabelFlowAnalyzer.successor from class org.jacoco.core.internal.flow.LabelFlowAnalyzerTest
    [junit] java.lang.IllegalAccessError: tried to access field org.jacoco.core.internal.flow.LabelFlowAnalyzer.successor from class org.jacoco.core.internal.flow.LabelFlowAnalyzerTest
    [junit] 	at org.jacoco.core.internal.flow.LabelFlowAnalyzerTest.testFieldInsn(LabelFlowAnalyzerTest.java:290)
    [junit] 
    [junit] 
    [junit] Testcase: testMethodInsn(org.jacoco.core.internal.flow.LabelFlowAnalyzerTest):	Caused an ERROR
    [junit] tried to access field org.jacoco.core.internal.flow.LabelFlowAnalyzer.successor from class org.jacoco.core.internal.flow.LabelFlowAnalyzerTest
    [junit] java.lang.IllegalAccessError: tried to access field org.jacoco.core.internal.flow.LabelFlowAnalyzer.successor from class org.jacoco.core.internal.flow.LabelFlowAnalyzerTest
    [junit] 	at org.jacoco.core.internal.flow.LabelFlowAnalyzerTest.testMethodInsn(LabelFlowAnalyzerTest.java:299)
    [junit] 
    [junit] 
    [junit] Testcase: testInvokeDynamicInsn(org.jacoco.core.internal.flow.LabelFlowAnalyzerTest):	Caused an ERROR
    [junit] org.jacoco.core.internal.flow.LabelFlowAnalyzer.visitInvokeDynamicInsn(Ljava/lang/String;Ljava/lang/String;Lorg/objectweb/asm/Handle;[Ljava/lang/Object;)V
    [junit] java.lang.NoSuchMethodError: org.jacoco.core.internal.flow.LabelFlowAnalyzer.visitInvokeDynamicInsn(Ljava/lang/String;Ljava/lang/String;Lorg/objectweb/asm/Handle;[Ljava/lang/Object;)V
    [junit] 	at org.jacoco.core.internal.flow.LabelFlowAnalyzerTest.testInvokeDynamicInsn(LabelFlowAnalyzerTest.java:305)
    [junit] 
    [junit] 
    [junit] Testcase: testJumpInsn(org.jacoco.core.internal.flow.LabelFlowAnalyzerTest):	Caused an ERROR
    [junit] tried to access field org.jacoco.core.internal.flow.LabelFlowAnalyzer.successor from class org.jacoco.core.internal.flow.LabelFlowAnalyzerTest
    [junit] java.lang.IllegalAccessError: tried to access field org.jacoco.core.internal.flow.LabelFlowAnalyzer.successor from class org.jacoco.core.internal.flow.LabelFlowAnalyzerTest
    [junit] 	at org.jacoco.core.internal.flow.LabelFlowAnalyzerTest.testJumpInsn(LabelFlowAnalyzerTest.java:333)
    [junit] 	at org.jacoco.core.internal.flow.LabelFlowAnalyzerTest.testJumpInsn(LabelFlowAnalyzerTest.java:312)
    [junit] 
    [junit] 
    [junit] Testcase: testLdcInsn(org.jacoco.core.internal.flow.LabelFlowAnalyzerTest):	Caused an ERROR
    [junit] tried to access field org.jacoco.core.internal.flow.LabelFlowAnalyzer.successor from class org.jacoco.core.internal.flow.LabelFlowAnalyzerTest
    [junit] java.lang.IllegalAccessError: tried to access field org.jacoco.core.internal.flow.LabelFlowAnalyzer.successor from class org.jacoco.core.internal.flow.LabelFlowAnalyzerTest
    [junit] 	at org.jacoco.core.internal.flow.LabelFlowAnalyzerTest.testLdcInsn(LabelFlowAnalyzerTest.java:348)
    [junit] 
    [junit] 
    [junit] dir attribute ignored if running in the same VM
    [junit] Running org.jacoco.core.internal.flow.LabelInfoTest
    [junit] Testsuite: org.jacoco.core.internal.flow.LabelInfoTest
    [junit] Tests run: 11, Failures: 0, Errors: 11, Time elapsed: 0.004 sec
    [junit] Tests run: 11, Failures: 0, Errors: 11, Time elapsed: 0.004 sec
    [junit] 
    [junit] Testcase: testOtherInfoObject(org.jacoco.core.internal.flow.LabelInfoTest):	Caused an ERROR
    [junit] org.jacoco.core.internal.flow.LabelInfo.isSuccessor(Lorg/objectweb/asm/Label;)Z
    [junit] java.lang.NoSuchMethodError: org.jacoco.core.internal.flow.LabelInfo.isSuccessor(Lorg/objectweb/asm/Label;)Z
    [junit] 	at org.jacoco.core.internal.flow.LabelInfoTest.testOtherInfoObject(LabelInfoTest.java:49)
    [junit] 
    [junit] 
    [junit] Testcase: testDefaults(org.jacoco.core.internal.flow.LabelInfoTest):	Caused an ERROR
    [junit] org.jacoco.core.internal.flow.LabelInfo.isMultiTarget(Lorg/objectweb/asm/Label;)Z
    [junit] java.lang.NoSuchMethodError: org.jacoco.core.internal.flow.LabelInfo.isMultiTarget(Lorg/objectweb/asm/Label;)Z
    [junit] 	at org.jacoco.core.internal.flow.LabelInfoTest.testDefaults(LabelInfoTest.java:38)
    [junit] 
    [junit] 
    [junit] Testcase: testSuccessor(org.jacoco.core.internal.flow.LabelInfoTest):	Caused an ERROR
    [junit] org.jacoco.core.internal.flow.LabelInfo.setSuccessor(Lorg/objectweb/asm/Label;)V
    [junit] java.lang.NoSuchMethodError: org.jacoco.core.internal.flow.LabelInfo.setSuccessor(Lorg/objectweb/asm/Label;)V
    [junit] 	at org.jacoco.core.internal.flow.LabelInfoTest.testSuccessor(LabelInfoTest.java:54)
    [junit] 
    [junit] 
    [junit] Testcase: testSetProbeId(org.jacoco.core.internal.flow.LabelInfoTest):	Caused an ERROR
    [junit] org.jacoco.core.internal.flow.LabelInfo.setProbeId(Lorg/objectweb/asm/Label;I)V
    [junit] java.lang.NoSuchMethodError: org.jacoco.core.internal.flow.LabelInfo.setProbeId(Lorg/objectweb/asm/Label;I)V
    [junit] 	at org.jacoco.core.internal.flow.LabelInfoTest.testSetProbeId(LabelInfoTest.java:112)
    [junit] 
    [junit] 
    [junit] Testcase: testSetIntermediateLabel(org.jacoco.core.internal.flow.LabelInfoTest):	Caused an ERROR
    [junit] org.jacoco.core.internal.flow.LabelInfo.setIntermediateLabel(Lorg/objectweb/asm/Label;Lorg/objectweb/asm/Label;)V
    [junit] java.lang.NoSuchMethodError: org.jacoco.core.internal.flow.LabelInfo.setIntermediateLabel(Lorg/objectweb/asm/Label;Lorg/objectweb/asm/Label;)V
    [junit] 	at org.jacoco.core.internal.flow.LabelInfoTest.testSetIntermediateLabel(LabelInfoTest.java:119)
    [junit] 
    [junit] 
    [junit] Testcase: testSetInstruction(org.jacoco.core.internal.flow.LabelInfoTest):	Caused an ERROR
    [junit] org.jacoco.core.internal.flow.LabelInfo.setInstruction(Lorg/objectweb/asm/Label;Lorg/jacoco/core/internal/flow/Instruction;)V
    [junit] java.lang.NoSuchMethodError: org.jacoco.core.internal.flow.LabelInfo.setInstruction(Lorg/objectweb/asm/Label;Lorg/jacoco/core/internal/flow/Instruction;)V
    [junit] 	at org.jacoco.core.internal.flow.LabelInfoTest.testSetInstruction(LabelInfoTest.java:126)
    [junit] 
    [junit] 
    [junit] Testcase: testMultiTarget1(org.jacoco.core.internal.flow.LabelInfoTest):	Caused an ERROR
    [junit] org.jacoco.core.internal.flow.LabelInfo.setTarget(Lorg/objectweb/asm/Label;)V
    [junit] java.lang.NoSuchMethodError: org.jacoco.core.internal.flow.LabelInfo.setTarget(Lorg/objectweb/asm/Label;)V
    [junit] 	at org.jacoco.core.internal.flow.LabelInfoTest.testMultiTarget1(LabelInfoTest.java:61)
    [junit] 
    [junit] 
    [junit] Testcase: testMultiTarget2(org.jacoco.core.internal.flow.LabelInfoTest):	Caused an ERROR
    [junit] org.jacoco.core.internal.flow.LabelInfo.setSuccessor(Lorg/objectweb/asm/Label;)V
    [junit] java.lang.NoSuchMethodError: org.jacoco.core.internal.flow.LabelInfo.setSuccessor(Lorg/objectweb/asm/Label;)V
    [junit] 	at org.jacoco.core.internal.flow.LabelInfoTest.testMultiTarget2(LabelInfoTest.java:72)
    [junit] 
    [junit] 
    [junit] Testcase: testMultiTarget3(org.jacoco.core.internal.flow.LabelInfoTest):	Caused an ERROR
    [junit] org.jacoco.core.internal.flow.LabelInfo.setTarget(Lorg/objectweb/asm/Label;)V
    [junit] java.lang.NoSuchMethodError: org.jacoco.core.internal.flow.LabelInfo.setTarget(Lorg/objectweb/asm/Label;)V
    [junit] 	at org.jacoco.core.internal.flow.LabelInfoTest.testMultiTarget3(LabelInfoTest.java:83)
    [junit] 
    [junit] 
    [junit] Testcase: testSetResetDone1(org.jacoco.core.internal.flow.LabelInfoTest):	Caused an ERROR
    [junit] org.jacoco.core.internal.flow.LabelInfo.setDone(Lorg/objectweb/asm/Label;)V
    [junit] java.lang.NoSuchMethodError: org.jacoco.core.internal.flow.LabelInfo.setDone(Lorg/objectweb/asm/Label;)V
    [junit] 	at org.jacoco.core.internal.flow.LabelInfoTest.testSetResetDone1(LabelInfoTest.java:94)
    [junit] 
    [junit] 
    [junit] Testcase: testSetResetDone2(org.jacoco.core.internal.flow.LabelInfoTest):	Caused an ERROR
    [junit] org.jacoco.core.internal.flow.LabelInfo.setDone(Lorg/objectweb/asm/Label;)V
    [junit] java.lang.NoSuchMethodError: org.jacoco.core.internal.flow.LabelInfo.setDone(Lorg/objectweb/asm/Label;)V
    [junit] 	at org.jacoco.core.internal.flow.LabelInfoTest.testSetResetDone2(LabelInfoTest.java:103)
    [junit] 
    [junit] 
    [junit] dir attribute ignored if running in the same VM
    [junit] Running org.jacoco.core.internal.flow.MethodProbesAdapterTest
    [junit] Testsuite: org.jacoco.core.internal.flow.MethodProbesAdapterTest
    [junit] Tests run: 1, Failures: 0, Errors: 1, Time elapsed: 0 sec
    [junit] Tests run: 1, Failures: 0, Errors: 1, Time elapsed: 0 sec
    [junit] 
    [junit] Null Test: 	Caused an ERROR
    [junit] (class: org/jacoco/core/internal/flow/MethodProbesAdapterTest, method: setup signature: ()V) Incompatible argument to function
    [junit] java.lang.VerifyError: (class: org/jacoco/core/internal/flow/MethodProbesAdapterTest, method: setup signature: ()V) Incompatible argument to function
    [junit] 	at java.lang.Class.forName0(Native Method)
    [junit] 	at java.lang.Class.forName(Class.java:270)
    [junit] 
    [junit] 
    [junit] dir attribute ignored if running in the same VM
    [junit] Running org.jacoco.core.internal.flow.MethodSanitizerTest
    [junit] Testsuite: org.jacoco.core.internal.flow.MethodSanitizerTest
    [junit] Tests run: 1, Failures: 0, Errors: 1, Time elapsed: 0 sec
    [junit] Tests run: 1, Failures: 0, Errors: 1, Time elapsed: 0 sec
    [junit] 
    [junit] Null Test: 	Caused an ERROR
    [junit] (class: org/jacoco/core/internal/flow/MethodSanitizerTest, method: setup signature: ()V) Bad type in putfield/putstatic
    [junit] java.lang.VerifyError: (class: org/jacoco/core/internal/flow/MethodSanitizerTest, method: setup signature: ()V) Bad type in putfield/putstatic
    [junit] 	at java.lang.Class.forName0(Native Method)
    [junit] 	at java.lang.Class.forName(Class.java:270)
    [junit] 
    [junit] 
    [junit] dir attribute ignored if running in the same VM
    [junit] Running org.jacoco.core.internal.instr.ClassInstrumenterTest
    [junit] Testsuite: org.jacoco.core.internal.instr.ClassInstrumenterTest
    [junit] Tests run: 3, Failures: 0, Errors: 3, Time elapsed: 0.008 sec
    [junit] Tests run: 3, Failures: 0, Errors: 3, Time elapsed: 0.008 sec
    [junit] 
    [junit] Testcase: testInstrumentInstrumentedClass2(org.jacoco.core.internal.instr.ClassInstrumenterTest):	Caused an ERROR
    [junit] org.jacoco.core.internal.instr.ClassInstrumenter.<init>(JLorg/jacoco/core/runtime/IExecutionDataAccessorGenerator;Lorg/objectweb/asm/ClassVisitor;)V
    [junit] java.lang.NoSuchMethodError: org.jacoco.core.internal.instr.ClassInstrumenter.<init>(JLorg/jacoco/core/runtime/IExecutionDataAccessorGenerator;Lorg/objectweb/asm/ClassVisitor;)V
    [junit] 	at org.jacoco.core.internal.instr.ClassInstrumenterTest.setup(ClassInstrumenterTest.java:36)
    [junit] 
    [junit] 
    [junit] Testcase: testInstrumentInstrumentedClass1(org.jacoco.core.internal.instr.ClassInstrumenterTest):	Caused an ERROR
    [junit] org.jacoco.core.internal.instr.ClassInstrumenter.<init>(JLorg/jacoco/core/runtime/IExecutionDataAccessorGenerator;Lorg/objectweb/asm/ClassVisitor;)V
    [junit] java.lang.NoSuchMethodError: org.jacoco.core.internal.instr.ClassInstrumenter.<init>(JLorg/jacoco/core/runtime/IExecutionDataAccessorGenerator;Lorg/objectweb/asm/ClassVisitor;)V
    [junit] 	at org.jacoco.core.internal.instr.ClassInstrumenterTest.setup(ClassInstrumenterTest.java:36)
    [junit] 
    [junit] 
    [junit] Testcase: testNoMethodVisitor(org.jacoco.core.internal.instr.ClassInstrumenterTest):	Caused an ERROR
    [junit] org.jacoco.core.internal.instr.ClassInstrumenter.<init>(JLorg/jacoco/core/runtime/IExecutionDataAccessorGenerator;Lorg/objectweb/asm/ClassVisitor;)V
    [junit] java.lang.NoSuchMethodError: org.jacoco.core.internal.instr.ClassInstrumenter.<init>(JLorg/jacoco/core/runtime/IExecutionDataAccessorGenerator;Lorg/objectweb/asm/ClassVisitor;)V
    [junit] 	at org.jacoco.core.internal.instr.ClassInstrumenterTest.setup(ClassInstrumenterTest.java:36)
    [junit] 
    [junit] 
    [junit] dir attribute ignored if running in the same VM
    [junit] Running org.jacoco.core.internal.instr.DuplicateFrameEliminatorTest
    [junit] Testsuite: org.jacoco.core.internal.instr.DuplicateFrameEliminatorTest
    [junit] Tests run: 1, Failures: 0, Errors: 1, Time elapsed: 0 sec
    [junit] Tests run: 1, Failures: 0, Errors: 1, Time elapsed: 0 sec
    [junit] 
    [junit] Null Test: 	Caused an ERROR
    [junit] (class: org/jacoco/core/internal/instr/DuplicateFrameEliminatorTest, method: setup signature: ()V) Bad type in putfield/putstatic
    [junit] java.lang.VerifyError: (class: org/jacoco/core/internal/instr/DuplicateFrameEliminatorTest, method: setup signature: ()V) Bad type in putfield/putstatic
    [junit] 	at java.lang.Class.forName0(Native Method)
    [junit] 	at java.lang.Class.forName(Class.java:270)
    [junit] 
    [junit] 
    [junit] dir attribute ignored if running in the same VM
    [junit] Running org.jacoco.core.internal.instr.InstrSupportTest
    [junit] Testsuite: org.jacoco.core.internal.instr.InstrSupportTest
    [junit] Tests run: 16, Failures: 0, Errors: 13, Time elapsed: 0.012 sec
    [junit] Tests run: 16, Failures: 0, Errors: 13, Time elapsed: 0.012 sec
    [junit] 
    [junit] Testcase: testPushInt2147483647(org.jacoco.core.internal.instr.InstrSupportTest):	Caused an ERROR
    [junit] org.jacoco.core.internal.instr.InstrSupport.push(Lorg/objectweb/asm/MethodVisitor;I)V
    [junit] java.lang.NoSuchMethodError: org.jacoco.core.internal.instr.InstrSupport.push(Lorg/objectweb/asm/MethodVisitor;I)V
    [junit] 	at org.jacoco.core.internal.instr.InstrSupportTest.testPushInt2147483647(InstrSupportTest.java:125)
    [junit] 
    [junit] 
    [junit] Testcase: testPushInt127(org.jacoco.core.internal.instr.InstrSupportTest):	Caused an ERROR
    [junit] org.jacoco.core.internal.instr.InstrSupport.push(Lorg/objectweb/asm/MethodVisitor;I)V
    [junit] java.lang.NoSuchMethodError: org.jacoco.core.internal.instr.InstrSupport.push(Lorg/objectweb/asm/MethodVisitor;I)V
    [junit] 	at org.jacoco.core.internal.instr.InstrSupportTest.testPushInt127(InstrSupportTest.java:113)
    [junit] 
    [junit] 
    [junit] Testcase: testPushInt32767(org.jacoco.core.internal.instr.InstrSupportTest):	Caused an ERROR
    [junit] org.jacoco.core.internal.instr.InstrSupport.push(Lorg/objectweb/asm/MethodVisitor;I)V
    [junit] java.lang.NoSuchMethodError: org.jacoco.core.internal.instr.InstrSupport.push(Lorg/objectweb/asm/MethodVisitor;I)V
    [junit] 	at org.jacoco.core.internal.instr.InstrSupportTest.testPushInt32767(InstrSupportTest.java:119)
    [junit] 
    [junit] 
    [junit] Testcase: testPushInt3(org.jacoco.core.internal.instr.InstrSupportTest):	Caused an ERROR
    [junit] org.jacoco.core.internal.instr.InstrSupport.push(Lorg/objectweb/asm/MethodVisitor;I)V
    [junit] java.lang.NoSuchMethodError: org.jacoco.core.internal.instr.InstrSupport.push(Lorg/objectweb/asm/MethodVisitor;I)V
    [junit] 	at org.jacoco.core.internal.instr.InstrSupportTest.testPushInt3(InstrSupportTest.java:95)
    [junit] 
    [junit] 
    [junit] Testcase: testPushInt5(org.jacoco.core.internal.instr.InstrSupportTest):	Caused an ERROR
    [junit] org.jacoco.core.internal.instr.InstrSupport.push(Lorg/objectweb/asm/MethodVisitor;I)V
    [junit] java.lang.NoSuchMethodError: org.jacoco.core.internal.instr.InstrSupport.push(Lorg/objectweb/asm/MethodVisitor;I)V
    [junit] 	at org.jacoco.core.internal.instr.InstrSupportTest.testPushInt5(InstrSupportTest.java:107)
    [junit] 
    [junit] 
    [junit] Testcase: testPushIntM32768(org.jacoco.core.internal.instr.InstrSupportTest):	Caused an ERROR
    [junit] org.jacoco.core.internal.instr.InstrSupport.push(Lorg/objectweb/asm/MethodVisitor;I)V
    [junit] java.lang.NoSuchMethodError: org.jacoco.core.internal.instr.InstrSupport.push(Lorg/objectweb/asm/MethodVisitor;I)V
    [junit] 	at org.jacoco.core.internal.instr.InstrSupportTest.testPushIntM32768(InstrSupportTest.java:59)
    [junit] 
    [junit] 
    [junit] Testcase: testPushInt4(org.jacoco.core.internal.instr.InstrSupportTest):	Caused an ERROR
    [junit] org.jacoco.core.internal.instr.InstrSupport.push(Lorg/objectweb/asm/MethodVisitor;I)V
    [junit] java.lang.NoSuchMethodError: org.jacoco.core.internal.instr.InstrSupport.push(Lorg/objectweb/asm/MethodVisitor;I)V
    [junit] 	at org.jacoco.core.internal.instr.InstrSupportTest.testPushInt4(InstrSupportTest.java:101)
    [junit] 
    [junit] 
    [junit] Testcase: testPushIntM1(org.jacoco.core.internal.instr.InstrSupportTest):	Caused an ERROR
    [junit] org.jacoco.core.internal.instr.InstrSupport.push(Lorg/objectweb/asm/MethodVisitor;I)V
    [junit] java.lang.NoSuchMethodError: org.jacoco.core.internal.instr.InstrSupport.push(Lorg/objectweb/asm/MethodVisitor;I)V
    [junit] 	at org.jacoco.core.internal.instr.InstrSupportTest.testPushIntM1(InstrSupportTest.java:71)
    [junit] 
    [junit] 
    [junit] Testcase: testPushInt1(org.jacoco.core.internal.instr.InstrSupportTest):	Caused an ERROR
    [junit] org.jacoco.core.internal.instr.InstrSupport.push(Lorg/objectweb/asm/MethodVisitor;I)V
    [junit] java.lang.NoSuchMethodError: org.jacoco.core.internal.instr.InstrSupport.push(Lorg/objectweb/asm/MethodVisitor;I)V
    [junit] 	at org.jacoco.core.internal.instr.InstrSupportTest.testPushInt1(InstrSupportTest.java:83)
    [junit] 
    [junit] 
    [junit] Testcase: testPushInt2(org.jacoco.core.internal.instr.InstrSupportTest):	Caused an ERROR
    [junit] org.jacoco.core.internal.instr.InstrSupport.push(Lorg/objectweb/asm/MethodVisitor;I)V
    [junit] java.lang.NoSuchMethodError: org.jacoco.core.internal.instr.InstrSupport.push(Lorg/objectweb/asm/MethodVisitor;I)V
    [junit] 	at org.jacoco.core.internal.instr.InstrSupportTest.testPushInt2(InstrSupportTest.java:89)
    [junit] 
    [junit] 
    [junit] Testcase: testPushInt0(org.jacoco.core.internal.instr.InstrSupportTest):	Caused an ERROR
    [junit] org.jacoco.core.internal.instr.InstrSupport.push(Lorg/objectweb/asm/MethodVisitor;I)V
    [junit] java.lang.NoSuchMethodError: org.jacoco.core.internal.instr.InstrSupport.push(Lorg/objectweb/asm/MethodVisitor;I)V
    [junit] 	at org.jacoco.core.internal.instr.InstrSupportTest.testPushInt0(InstrSupportTest.java:77)
    [junit] 
    [junit] 
    [junit] Testcase: testPushIntM128(org.jacoco.core.internal.instr.InstrSupportTest):	Caused an ERROR
    [junit] org.jacoco.core.internal.instr.InstrSupport.push(Lorg/objectweb/asm/MethodVisitor;I)V
    [junit] java.lang.NoSuchMethodError: org.jacoco.core.internal.instr.InstrSupport.push(Lorg/objectweb/asm/MethodVisitor;I)V
    [junit] 	at org.jacoco.core.internal.instr.InstrSupportTest.testPushIntM128(InstrSupportTest.java:65)
    [junit] 
    [junit] 
    [junit] Testcase: testPushIntM2147483648(org.jacoco.core.internal.instr.InstrSupportTest):	Caused an ERROR
    [junit] org.jacoco.core.internal.instr.InstrSupport.push(Lorg/objectweb/asm/MethodVisitor;I)V
    [junit] java.lang.NoSuchMethodError: org.jacoco.core.internal.instr.InstrSupport.push(Lorg/objectweb/asm/MethodVisitor;I)V
    [junit] 	at org.jacoco.core.internal.instr.InstrSupportTest.testPushIntM2147483648(InstrSupportTest.java:53)
    [junit] 
    [junit] 
    [junit] dir attribute ignored if running in the same VM
    [junit] Running org.jacoco.core.internal.instr.MethodInstrumenterTest
    [junit] Testsuite: org.jacoco.core.internal.instr.MethodInstrumenterTest
    [junit] Tests run: 22, Failures: 0, Errors: 22, Time elapsed: 0.013 sec
    [junit] Tests run: 22, Failures: 0, Errors: 22, Time elapsed: 0.013 sec
    [junit] 
    [junit] Testcase: testVisitProbe(org.jacoco.core.internal.instr.MethodInstrumenterTest):	Caused an ERROR
    [junit] class org.jacoco.core.internal.instr.MethodInstrumenterTest$1 cannot access its superinterface org.jacoco.core.internal.instr.IProbeInserter
    [junit] java.lang.IllegalAccessError: class org.jacoco.core.internal.instr.MethodInstrumenterTest$1 cannot access its superinterface org.jacoco.core.internal.instr.IProbeInserter
    [junit] 	at java.lang.ClassLoader.defineClass1(Native Method)
    [junit] 	at java.lang.ClassLoader.defineClass(ClassLoader.java:800)
    [junit] 	at java.lang.ClassLoader.loadClass(ClassLoader.java:358)
    [junit] 	at org.jacoco.core.internal.instr.MethodInstrumenterTest.setup(MethodInstrumenterTest.java:43)
    [junit] 
    [junit] 
    [junit] Testcase: testVisitJumpInsnWithProbe_GOTO(org.jacoco.core.internal.instr.MethodInstrumenterTest):	Caused an ERROR
    [junit] org/jacoco/core/internal/instr/MethodInstrumenterTest$1
    [junit] java.lang.IllegalAccessError: org/jacoco/core/internal/instr/MethodInstrumenterTest$1
    [junit] 	at org.jacoco.core.internal.instr.MethodInstrumenterTest.setup(MethodInstrumenterTest.java:43)
    [junit] 
    [junit] 
    [junit] Testcase: testVisitJumpInsnWithProbe_IFEQ(org.jacoco.core.internal.instr.MethodInstrumenterTest):	Caused an ERROR
    [junit] org/jacoco/core/internal/instr/MethodInstrumenterTest$1
    [junit] java.lang.IllegalAccessError: org/jacoco/core/internal/instr/MethodInstrumenterTest$1
    [junit] 	at org.jacoco.core.internal.instr.MethodInstrumenterTest.setup(MethodInstrumenterTest.java:43)
    [junit] 
    [junit] 
    [junit] Testcase: testVisitJumpInsnWithProbe_IFLE(org.jacoco.core.internal.instr.MethodInstrumenterTest):	Caused an ERROR
    [junit] org/jacoco/core/internal/instr/MethodInstrumenterTest$1
    [junit] java.lang.IllegalAccessError: org/jacoco/core/internal/instr/MethodInstrumenterTest$1
    [junit] 	at org.jacoco.core.internal.instr.MethodInstrumenterTest.setup(MethodInstrumenterTest.java:43)
    [junit] 
    [junit] 
    [junit] Testcase: testVisitJumpInsnWithProbe_IFLT(org.jacoco.core.internal.instr.MethodInstrumenterTest):	Caused an ERROR
    [junit] org/jacoco/core/internal/instr/MethodInstrumenterTest$1
    [junit] java.lang.IllegalAccessError: org/jacoco/core/internal/instr/MethodInstrumenterTest$1
    [junit] 	at org.jacoco.core.internal.instr.MethodInstrumenterTest.setup(MethodInstrumenterTest.java:43)
    [junit] 
    [junit] 
    [junit] Testcase: testVisitJumpInsnWithProbe_IFNE(org.jacoco.core.internal.instr.MethodInstrumenterTest):	Caused an ERROR
    [junit] org/jacoco/core/internal/instr/MethodInstrumenterTest$1
    [junit] java.lang.IllegalAccessError: org/jacoco/core/internal/instr/MethodInstrumenterTest$1
    [junit] 	at org.jacoco.core.internal.instr.MethodInstrumenterTest.setup(MethodInstrumenterTest.java:43)
    [junit] 
    [junit] 
    [junit] Testcase: testVisitJumpInsnWithProbe_IF_ICMPGE(org.jacoco.core.internal.instr.MethodInstrumenterTest):	Caused an ERROR
    [junit] org/jacoco/core/internal/instr/MethodInstrumenterTest$1
    [junit] java.lang.IllegalAccessError: org/jacoco/core/internal/instr/MethodInstrumenterTest$1
    [junit] 	at org.jacoco.core.internal.instr.MethodInstrumenterTest.setup(MethodInstrumenterTest.java:43)
    [junit] 
    [junit] 
    [junit] Testcase: testVisitJumpInsnWithProbe_IF_ICMPGT(org.jacoco.core.internal.instr.MethodInstrumenterTest):	Caused an ERROR
    [junit] org/jacoco/core/internal/instr/MethodInstrumenterTest$1
    [junit] java.lang.IllegalAccessError: org/jacoco/core/internal/instr/MethodInstrumenterTest$1
    [junit] 	at org.jacoco.core.internal.instr.MethodInstrumenterTest.setup(MethodInstrumenterTest.java:43)
    [junit] 
    [junit] 
    [junit] Testcase: testVisitJumpInsnWithProbe_IF_ICMPLE(org.jacoco.core.internal.instr.MethodInstrumenterTest):	Caused an ERROR
    [junit] org/jacoco/core/internal/instr/MethodInstrumenterTest$1
    [junit] java.lang.IllegalAccessError: org/jacoco/core/internal/instr/MethodInstrumenterTest$1
    [junit] 	at org.jacoco.core.internal.instr.MethodInstrumenterTest.setup(MethodInstrumenterTest.java:43)
    [junit] 
    [junit] 
    [junit] Testcase: testVisitJumpInsnWithProbe_IF_ICMPLT(org.jacoco.core.internal.instr.MethodInstrumenterTest):	Caused an ERROR
    [junit] org/jacoco/core/internal/instr/MethodInstrumenterTest$1
    [junit] java.lang.IllegalAccessError: org/jacoco/core/internal/instr/MethodInstrumenterTest$1
    [junit] 	at org.jacoco.core.internal.instr.MethodInstrumenterTest.setup(MethodInstrumenterTest.java:43)
    [junit] 
    [junit] 
    [junit] Testcase: testVisitJumpInsnWithProbe_IF_ICMPNE(org.jacoco.core.internal.instr.MethodInstrumenterTest):	Caused an ERROR
    [junit] org/jacoco/core/internal/instr/MethodInstrumenterTest$1
    [junit] java.lang.IllegalAccessError: org/jacoco/core/internal/instr/MethodInstrumenterTest$1
    [junit] 	at org.jacoco.core.internal.instr.MethodInstrumenterTest.setup(MethodInstrumenterTest.java:43)
    [junit] 
    [junit] 
    [junit] Testcase: testVisitJumpInsnWithProbe_IFNULL(org.jacoco.core.internal.instr.MethodInstrumenterTest):	Caused an ERROR
    [junit] org/jacoco/core/internal/instr/MethodInstrumenterTest$1
    [junit] java.lang.IllegalAccessError: org/jacoco/core/internal/instr/MethodInstrumenterTest$1
    [junit] 	at org.jacoco.core.internal.instr.MethodInstrumenterTest.setup(MethodInstrumenterTest.java:43)
    [junit] 
    [junit] 
    [junit] Testcase: testVisitJumpInsnWithProbe_IFNONNULL(org.jacoco.core.internal.instr.MethodInstrumenterTest):	Caused an ERROR
    [junit] org/jacoco/core/internal/instr/MethodInstrumenterTest$1
    [junit] java.lang.IllegalAccessError: org/jacoco/core/internal/instr/MethodInstrumenterTest$1
    [junit] 	at org.jacoco.core.internal.instr.MethodInstrumenterTest.setup(MethodInstrumenterTest.java:43)
    [junit] 
    [junit] 
    [junit] Testcase: testVisitJumpInsnWithProbe_IF_ACMPEQ(org.jacoco.core.internal.instr.MethodInstrumenterTest):	Caused an ERROR
    [junit] org/jacoco/core/internal/instr/MethodInstrumenterTest$1
    [junit] java.lang.IllegalAccessError: org/jacoco/core/internal/instr/MethodInstrumenterTest$1
    [junit] 	at org.jacoco.core.internal.instr.MethodInstrumenterTest.setup(MethodInstrumenterTest.java:43)
    [junit] 
    [junit] 
    [junit] Testcase: testVisitJumpInsnWithProbe_IF_ACMPNE(org.jacoco.core.internal.instr.MethodInstrumenterTest):	Caused an ERROR
    [junit] org/jacoco/core/internal/instr/MethodInstrumenterTest$1
    [junit] java.lang.IllegalAccessError: org/jacoco/core/internal/instr/MethodInstrumenterTest$1
    [junit] 	at org.jacoco.core.internal.instr.MethodInstrumenterTest.setup(MethodInstrumenterTest.java:43)
    [junit] 
    [junit] 
    [junit] Testcase: testVisitJumpInsnWithProbe_IF_ICMPEQ(org.jacoco.core.internal.instr.MethodInstrumenterTest):	Caused an ERROR
    [junit] org/jacoco/core/internal/instr/MethodInstrumenterTest$1
    [junit] java.lang.IllegalAccessError: org/jacoco/core/internal/instr/MethodInstrumenterTest$1
    [junit] 	at org.jacoco.core.internal.instr.MethodInstrumenterTest.setup(MethodInstrumenterTest.java:43)
    [junit] 
    [junit] 
    [junit] Testcase: testVisitJumpInsnWithProbe_IFGE(org.jacoco.core.internal.instr.MethodInstrumenterTest):	Caused an ERROR
    [junit] org/jacoco/core/internal/instr/MethodInstrumenterTest$1
    [junit] java.lang.IllegalAccessError: org/jacoco/core/internal/instr/MethodInstrumenterTest$1
    [junit] 	at org.jacoco.core.internal.instr.MethodInstrumenterTest.setup(MethodInstrumenterTest.java:43)
    [junit] 
    [junit] 
    [junit] Testcase: testVisitJumpInsnWithProbe_IFGT(org.jacoco.core.internal.instr.MethodInstrumenterTest):	Caused an ERROR
    [junit] org/jacoco/core/internal/instr/MethodInstrumenterTest$1
    [junit] java.lang.IllegalAccessError: org/jacoco/core/internal/instr/MethodInstrumenterTest$1
    [junit] 	at org.jacoco.core.internal.instr.MethodInstrumenterTest.setup(MethodInstrumenterTest.java:43)
    [junit] 
    [junit] 
    [junit] Testcase: testVisitInsnWithProbe(org.jacoco.core.internal.instr.MethodInstrumenterTest):	Caused an ERROR
    [junit] org/jacoco/core/internal/instr/MethodInstrumenterTest$1
    [junit] java.lang.IllegalAccessError: org/jacoco/core/internal/instr/MethodInstrumenterTest$1
    [junit] 	at org.jacoco.core.internal.instr.MethodInstrumenterTest.setup(MethodInstrumenterTest.java:43)
    [junit] 
    [junit] 
    [junit] Testcase: testVisitJumpInsnWithProbe_InvalidOpcode(org.jacoco.core.internal.instr.MethodInstrumenterTest):	Caused an ERROR
    [junit] org/jacoco/core/internal/instr/MethodInstrumenterTest$1
    [junit] java.lang.IllegalAccessError: org/jacoco/core/internal/instr/MethodInstrumenterTest$1
    [junit] 	at org.jacoco.core.internal.instr.MethodInstrumenterTest.setup(MethodInstrumenterTest.java:43)
    [junit] 
    [junit] 
    [junit] Testcase: testVisitTableSwitchInsnWithProbes(org.jacoco.core.internal.instr.MethodInstrumenterTest):	Caused an ERROR
    [junit] org/jacoco/core/internal/instr/MethodInstrumenterTest$1
    [junit] java.lang.IllegalAccessError: org/jacoco/core/internal/instr/MethodInstrumenterTest$1
    [junit] 	at org.jacoco.core.internal.instr.MethodInstrumenterTest.setup(MethodInstrumenterTest.java:43)
    [junit] 
    [junit] 
    [junit] Testcase: testVisitLookupSwitchInsnWithProbes(org.jacoco.core.internal.instr.MethodInstrumenterTest):	Caused an ERROR
    [junit] org/jacoco/core/internal/instr/MethodInstrumenterTest$1
    [junit] java.lang.IllegalAccessError: org/jacoco/core/internal/instr/MethodInstrumenterTest$1
    [junit] 	at org.jacoco.core.internal.instr.MethodInstrumenterTest.setup(MethodInstrumenterTest.java:43)
    [junit] 
    [junit] 
    [junit] dir attribute ignored if running in the same VM
    [junit] Running org.jacoco.core.internal.instr.ProbeInserterTest
    [junit] Testsuite: org.jacoco.core.internal.instr.ProbeInserterTest
    [junit] Tests run: 17, Failures: 0, Errors: 17, Time elapsed: 0.013 sec
    [junit] Tests run: 17, Failures: 0, Errors: 17, Time elapsed: 0.013 sec
    [junit] 
    [junit] Testcase: testVisitFrameNoLocals(org.jacoco.core.internal.instr.ProbeInserterTest):	Caused an ERROR
    [junit] class org.jacoco.core.internal.instr.ProbeInserterTest$1 cannot access its superinterface org.jacoco.core.internal.instr.IProbeArrayStrategy
    [junit] java.lang.IllegalAccessError: class org.jacoco.core.internal.instr.ProbeInserterTest$1 cannot access its superinterface org.jacoco.core.internal.instr.IProbeArrayStrategy
    [junit] 	at java.lang.ClassLoader.defineClass1(Native Method)
    [junit] 	at java.lang.ClassLoader.defineClass(ClassLoader.java:800)
    [junit] 	at java.lang.ClassLoader.loadClass(ClassLoader.java:358)
    [junit] 	at org.jacoco.core.internal.instr.ProbeInserterTest.setup(ProbeInserterTest.java:41)
    [junit] 
    [junit] 
    [junit] Testcase: testVisitFrameProbeAt0(org.jacoco.core.internal.instr.ProbeInserterTest):	Caused an ERROR
    [junit] org/jacoco/core/internal/instr/ProbeInserterTest$1
    [junit] java.lang.IllegalAccessError: org/jacoco/core/internal/instr/ProbeInserterTest$1
    [junit] 	at org.jacoco.core.internal.instr.ProbeInserterTest.setup(ProbeInserterTest.java:41)
    [junit] 
    [junit] 
    [junit] Testcase: testFillOneWord(org.jacoco.core.internal.instr.ProbeInserterTest):	Caused an ERROR
    [junit] org/jacoco/core/internal/instr/ProbeInserterTest$1
    [junit] java.lang.IllegalAccessError: org/jacoco/core/internal/instr/ProbeInserterTest$1
    [junit] 	at org.jacoco.core.internal.instr.ProbeInserterTest.setup(ProbeInserterTest.java:41)
    [junit] 
    [junit] 
    [junit] Testcase: testVisitCode(org.jacoco.core.internal.instr.ProbeInserterTest):	Caused an ERROR
    [junit] org/jacoco/core/internal/instr/ProbeInserterTest$1
    [junit] java.lang.IllegalAccessError: org/jacoco/core/internal/instr/ProbeInserterTest$1
    [junit] 	at org.jacoco.core.internal.instr.ProbeInserterTest.setup(ProbeInserterTest.java:41)
    [junit] 
    [junit] 
    [junit] Testcase: testVariableNonStatic_JD(org.jacoco.core.internal.instr.ProbeInserterTest):	Caused an ERROR
    [junit] org/jacoco/core/internal/instr/ProbeInserterTest$1
    [junit] java.lang.IllegalAccessError: org/jacoco/core/internal/instr/ProbeInserterTest$1
    [junit] 	at org.jacoco.core.internal.instr.ProbeInserterTest.setup(ProbeInserterTest.java:41)
    [junit] 
    [junit] 
    [junit] Testcase: testVisitVarIns(org.jacoco.core.internal.instr.ProbeInserterTest):	Caused an ERROR
    [junit] org/jacoco/core/internal/instr/ProbeInserterTest$1
    [junit] java.lang.IllegalAccessError: org/jacoco/core/internal/instr/ProbeInserterTest$1
    [junit] 	at org.jacoco.core.internal.instr.ProbeInserterTest.setup(ProbeInserterTest.java:41)
    [junit] 
    [junit] 
    [junit] Testcase: testFillTwoWord(org.jacoco.core.internal.instr.ProbeInserterTest):	Caused an ERROR
    [junit] org/jacoco/core/internal/instr/ProbeInserterTest$1
    [junit] java.lang.IllegalAccessError: org/jacoco/core/internal/instr/ProbeInserterTest$1
    [junit] 	at org.jacoco.core.internal.instr.ProbeInserterTest.setup(ProbeInserterTest.java:41)
    [junit] 
    [junit] 
    [junit] Testcase: testFillPartly(org.jacoco.core.internal.instr.ProbeInserterTest):	Caused an ERROR
    [junit] org/jacoco/core/internal/instr/ProbeInserterTest$1
    [junit] java.lang.IllegalAccessError: org/jacoco/core/internal/instr/ProbeInserterTest$1
    [junit] 	at org.jacoco.core.internal.instr.ProbeInserterTest.setup(ProbeInserterTest.java:41)
    [junit] 
    [junit] 
    [junit] Testcase: testVisitFrame_invalidType(org.jacoco.core.internal.instr.ProbeInserterTest):	Caused an ERROR
    [junit] org/jacoco/core/internal/instr/ProbeInserterTest$1
    [junit] java.lang.IllegalAccessError: org/jacoco/core/internal/instr/ProbeInserterTest$1
    [junit] 	at org.jacoco.core.internal.instr.ProbeInserterTest.setup(ProbeInserterTest.java:41)
    [junit] 
    [junit] 
    [junit] Testcase: testVisitIincInsn(org.jacoco.core.internal.instr.ProbeInserterTest):	Caused an ERROR
    [junit] org/jacoco/core/internal/instr/ProbeInserterTest$1
    [junit] java.lang.IllegalAccessError: org/jacoco/core/internal/instr/ProbeInserterTest$1
    [junit] 	at org.jacoco.core.internal.instr.ProbeInserterTest.setup(ProbeInserterTest.java:41)
    [junit] 
    [junit] 
    [junit] Testcase: testVisitLocalVariable(org.jacoco.core.internal.instr.ProbeInserterTest):	Caused an ERROR
    [junit] org/jacoco/core/internal/instr/ProbeInserterTest$1
    [junit] java.lang.IllegalAccessError: org/jacoco/core/internal/instr/ProbeInserterTest$1
    [junit] 	at org.jacoco.core.internal.instr.ProbeInserterTest.setup(ProbeInserterTest.java:41)
    [junit] 
    [junit] 
    [junit] Testcase: testVariableStatic(org.jacoco.core.internal.instr.ProbeInserterTest):	Caused an ERROR
    [junit] org/jacoco/core/internal/instr/ProbeInserterTest$1
    [junit] java.lang.IllegalAccessError: org/jacoco/core/internal/instr/ProbeInserterTest$1
    [junit] 	at org.jacoco.core.internal.instr.ProbeInserterTest.setup(ProbeInserterTest.java:41)
    [junit] 
    [junit] 
    [junit] Testcase: testVariableNonStatic(org.jacoco.core.internal.instr.ProbeInserterTest):	Caused an ERROR
    [junit] org/jacoco/core/internal/instr/ProbeInserterTest$1
    [junit] java.lang.IllegalAccessError: org/jacoco/core/internal/instr/ProbeInserterTest$1
    [junit] 	at org.jacoco.core.internal.instr.ProbeInserterTest.setup(ProbeInserterTest.java:41)
    [junit] 
    [junit] 
    [junit] Testcase: testVisitMaxs1(org.jacoco.core.internal.instr.ProbeInserterTest):	Caused an ERROR
    [junit] org/jacoco/core/internal/instr/ProbeInserterTest$1
    [junit] java.lang.IllegalAccessError: org/jacoco/core/internal/instr/ProbeInserterTest$1
    [junit] 	at org.jacoco.core.internal.instr.ProbeInserterTest.setup(ProbeInserterTest.java:41)
    [junit] 
    [junit] 
    [junit] Testcase: testVisitMaxs2(org.jacoco.core.internal.instr.ProbeInserterTest):	Caused an ERROR
    [junit] org/jacoco/core/internal/instr/ProbeInserterTest$1
    [junit] java.lang.IllegalAccessError: org/jacoco/core/internal/instr/ProbeInserterTest$1
    [junit] 	at org.jacoco.core.internal.instr.ProbeInserterTest.setup(ProbeInserterTest.java:41)
    [junit] 
    [junit] 
    [junit] Testcase: testVisitFrame(org.jacoco.core.internal.instr.ProbeInserterTest):	Caused an ERROR
    [junit] org/jacoco/core/internal/instr/ProbeInserterTest$1
    [junit] java.lang.IllegalAccessError: org/jacoco/core/internal/instr/ProbeInserterTest$1
    [junit] 	at org.jacoco.core.internal.instr.ProbeInserterTest.setup(ProbeInserterTest.java:41)
    [junit] 
    [junit] 
    [junit] Testcase: testVariableNonStatic_IZObject(org.jacoco.core.internal.instr.ProbeInserterTest):	Caused an ERROR
    [junit] org/jacoco/core/internal/instr/ProbeInserterTest$1
    [junit] java.lang.IllegalAccessError: org/jacoco/core/internal/instr/ProbeInserterTest$1
    [junit] 	at org.jacoco.core.internal.instr.ProbeInserterTest.setup(ProbeInserterTest.java:41)
    [junit] 
    [junit] 
    [junit] dir attribute ignored if running in the same VM
    [junit] Running org.jacoco.core.internal.instr.SignatureRemoverTest
    [junit] Testsuite: org.jacoco.core.internal.instr.SignatureRemoverTest
    [junit] Tests run: 10, Failures: 0, Errors: 0, Time elapsed: 0.002 sec
    [junit] Tests run: 10, Failures: 0, Errors: 0, Time elapsed: 0.002 sec
    [junit] 
    [junit] dir attribute ignored if running in the same VM
    [junit] Running org.jacoco.core.runtime.AgentOptionsTest
    [junit] Testsuite: org.jacoco.core.runtime.AgentOptionsTest
    [junit] Tests run: 46, Failures: 0, Errors: 0, Time elapsed: 0.013 sec
    [junit] Tests run: 46, Failures: 0, Errors: 0, Time elapsed: 0.013 sec
    [junit] 
    [junit] dir attribute ignored if running in the same VM
    [junit] Running org.jacoco.core.runtime.CommandLineSupportTest
    [junit] Testsuite: org.jacoco.core.runtime.CommandLineSupportTest
    [junit] Tests run: 19, Failures: 0, Errors: 19, Time elapsed: 0.008 sec
    [junit] Tests run: 19, Failures: 0, Errors: 19, Time elapsed: 0.008 sec
    [junit] 
    [junit] Testcase: testSplit7(org.jacoco.core.runtime.CommandLineSupportTest):	Caused an ERROR
    [junit] tried to access class org.jacoco.core.runtime.CommandLineSupport from class org.jacoco.core.runtime.CommandLineSupportTest
    [junit] java.lang.IllegalAccessError: tried to access class org.jacoco.core.runtime.CommandLineSupport from class org.jacoco.core.runtime.CommandLineSupportTest
    [junit] 	at org.jacoco.core.runtime.CommandLineSupportTest.testSplit7(CommandLineSupportTest.java:106)
    [junit] 
    [junit] 
    [junit] Testcase: testSplit8(org.jacoco.core.runtime.CommandLineSupportTest):	Caused an ERROR
    [junit] org/jacoco/core/runtime/CommandLineSupport
    [junit] java.lang.IllegalAccessError: org/jacoco/core/runtime/CommandLineSupport
    [junit] 	at org.jacoco.core.runtime.CommandLineSupportTest.testSplit8(CommandLineSupportTest.java:111)
    [junit] 
    [junit] 
    [junit] Testcase: testSplit9(org.jacoco.core.runtime.CommandLineSupportTest):	Caused an ERROR
    [junit] org/jacoco/core/runtime/CommandLineSupport
    [junit] java.lang.IllegalAccessError: org/jacoco/core/runtime/CommandLineSupport
    [junit] 	at org.jacoco.core.runtime.CommandLineSupportTest.testSplit9(CommandLineSupportTest.java:116)
    [junit] 
    [junit] 
    [junit] Testcase: testSplit10(org.jacoco.core.runtime.CommandLineSupportTest):	Caused an ERROR
    [junit] org/jacoco/core/runtime/CommandLineSupport
    [junit] java.lang.IllegalAccessError: org/jacoco/core/runtime/CommandLineSupport
    [junit] 	at org.jacoco.core.runtime.CommandLineSupportTest.testSplit10(CommandLineSupportTest.java:122)
    [junit] 
    [junit] 
    [junit] Testcase: testQuoteList1(org.jacoco.core.runtime.CommandLineSupportTest):	Caused an ERROR
    [junit] org/jacoco/core/runtime/CommandLineSupport
    [junit] java.lang.IllegalAccessError: org/jacoco/core/runtime/CommandLineSupport
    [junit] 	at org.jacoco.core.runtime.CommandLineSupportTest.testQuoteList1(CommandLineSupportTest.java:52)
    [junit] 
    [junit] 
    [junit] Testcase: testQuoteList2(org.jacoco.core.runtime.CommandLineSupportTest):	Caused an ERROR
    [junit] org/jacoco/core/runtime/CommandLineSupport
    [junit] java.lang.IllegalAccessError: org/jacoco/core/runtime/CommandLineSupport
    [junit] 	at org.jacoco.core.runtime.CommandLineSupportTest.testQuoteList2(CommandLineSupportTest.java:57)
    [junit] 
    [junit] 
    [junit] Testcase: testQuoteList3(org.jacoco.core.runtime.CommandLineSupportTest):	Caused an ERROR
    [junit] org/jacoco/core/runtime/CommandLineSupport
    [junit] java.lang.IllegalAccessError: org/jacoco/core/runtime/CommandLineSupport
    [junit] 	at org.jacoco.core.runtime.CommandLineSupportTest.testQuoteList3(CommandLineSupportTest.java:62)
    [junit] 
    [junit] 
    [junit] Testcase: testQuote2(org.jacoco.core.runtime.CommandLineSupportTest):	Caused an ERROR
    [junit] org/jacoco/core/runtime/CommandLineSupport
    [junit] java.lang.IllegalAccessError: org/jacoco/core/runtime/CommandLineSupport
    [junit] 	at org.jacoco.core.runtime.CommandLineSupportTest.testQuote2(CommandLineSupportTest.java:32)
    [junit] 
    [junit] 
    [junit] Testcase: testQuote3(org.jacoco.core.runtime.CommandLineSupportTest):	Caused an ERROR
    [junit] org/jacoco/core/runtime/CommandLineSupport
    [junit] java.lang.IllegalAccessError: org/jacoco/core/runtime/CommandLineSupport
    [junit] 	at org.jacoco.core.runtime.CommandLineSupportTest.testQuote3(CommandLineSupportTest.java:37)
    [junit] 
    [junit] 
    [junit] Testcase: testQuote4(org.jacoco.core.runtime.CommandLineSupportTest):	Caused an ERROR
    [junit] org/jacoco/core/runtime/CommandLineSupport
    [junit] java.lang.IllegalAccessError: org/jacoco/core/runtime/CommandLineSupport
    [junit] 	at org.jacoco.core.runtime.CommandLineSupportTest.testQuote4(CommandLineSupportTest.java:42)
    [junit] 
    [junit] 
    [junit] Testcase: testQuote5(org.jacoco.core.runtime.CommandLineSupportTest):	Caused an ERROR
    [junit] org/jacoco/core/runtime/CommandLineSupport
    [junit] java.lang.IllegalAccessError: org/jacoco/core/runtime/CommandLineSupport
    [junit] 	at org.jacoco.core.runtime.CommandLineSupportTest.testQuote5(CommandLineSupportTest.java:47)
    [junit] 
    [junit] 
    [junit] Testcase: testQuoteList4(org.jacoco.core.runtime.CommandLineSupportTest):	Caused an ERROR
    [junit] org/jacoco/core/runtime/CommandLineSupport
    [junit] java.lang.IllegalAccessError: org/jacoco/core/runtime/CommandLineSupport
    [junit] 	at org.jacoco.core.runtime.CommandLineSupportTest.testQuoteList4(CommandLineSupportTest.java:68)
    [junit] 
    [junit] 
    [junit] Testcase: testSplit1(org.jacoco.core.runtime.CommandLineSupportTest):	Caused an ERROR
    [junit] org/jacoco/core/runtime/CommandLineSupport
    [junit] java.lang.IllegalAccessError: org/jacoco/core/runtime/CommandLineSupport
    [junit] 	at org.jacoco.core.runtime.CommandLineSupportTest.testSplit1(CommandLineSupportTest.java:74)
    [junit] 
    [junit] 
    [junit] Testcase: testSplit2(org.jacoco.core.runtime.CommandLineSupportTest):	Caused an ERROR
    [junit] org/jacoco/core/runtime/CommandLineSupport
    [junit] java.lang.IllegalAccessError: org/jacoco/core/runtime/CommandLineSupport
    [junit] 	at org.jacoco.core.runtime.CommandLineSupportTest.testSplit2(CommandLineSupportTest.java:79)
    [junit] 
    [junit] 
    [junit] Testcase: testSplit3(org.jacoco.core.runtime.CommandLineSupportTest):	Caused an ERROR
    [junit] org/jacoco/core/runtime/CommandLineSupport
    [junit] java.lang.IllegalAccessError: org/jacoco/core/runtime/CommandLineSupport
    [junit] 	at org.jacoco.core.runtime.CommandLineSupportTest.testSplit3(CommandLineSupportTest.java:84)
    [junit] 
    [junit] 
    [junit] Testcase: testSplit4(org.jacoco.core.runtime.CommandLineSupportTest):	Caused an ERROR
    [junit] org/jacoco/core/runtime/CommandLineSupport
    [junit] java.lang.IllegalAccessError: org/jacoco/core/runtime/CommandLineSupport
    [junit] 	at org.jacoco.core.runtime.CommandLineSupportTest.testSplit4(CommandLineSupportTest.java:89)
    [junit] 
    [junit] 
    [junit] Testcase: testSplit5(org.jacoco.core.runtime.CommandLineSupportTest):	Caused an ERROR
    [junit] org/jacoco/core/runtime/CommandLineSupport
    [junit] java.lang.IllegalAccessError: org/jacoco/core/runtime/CommandLineSupport
    [junit] 	at org.jacoco.core.runtime.CommandLineSupportTest.testSplit5(CommandLineSupportTest.java:95)
    [junit] 
    [junit] 
    [junit] Testcase: testSplit6(org.jacoco.core.runtime.CommandLineSupportTest):	Caused an ERROR
    [junit] org/jacoco/core/runtime/CommandLineSupport
    [junit] java.lang.IllegalAccessError: org/jacoco/core/runtime/CommandLineSupport
    [junit] 	at org.jacoco.core.runtime.CommandLineSupportTest.testSplit6(CommandLineSupportTest.java:101)
    [junit] 
    [junit] 
    [junit] Testcase: testQuote1(org.jacoco.core.runtime.CommandLineSupportTest):	Caused an ERROR
    [junit] org/jacoco/core/runtime/CommandLineSupport
    [junit] java.lang.IllegalAccessError: org/jacoco/core/runtime/CommandLineSupport
    [junit] 	at org.jacoco.core.runtime.CommandLineSupportTest.testQuote1(CommandLineSupportTest.java:27)
    [junit] 
    [junit] 
    [junit] dir attribute ignored if running in the same VM
    [junit] Running org.jacoco.core.runtime.LoggerRuntimeTest
    [junit] Testsuite: org.jacoco.core.runtime.LoggerRuntimeTest
    [junit] Tests run: 6, Failures: 0, Errors: 5, Time elapsed: 0.009 sec
    [junit] Tests run: 6, Failures: 0, Errors: 5, Time elapsed: 0.009 sec
    [junit] 
    [junit] Testcase: testDataAccessor(org.jacoco.core.runtime.LoggerRuntimeTest):	Caused an ERROR
    [junit] org.jacoco.core.runtime.IRuntime.generateDataAccessor(JLjava/lang/String;ILorg/objectweb/asm/MethodVisitor;)I
    [junit] java.lang.NoSuchMethodError: org.jacoco.core.runtime.IRuntime.generateDataAccessor(JLjava/lang/String;ILorg/objectweb/asm/MethodVisitor;)I
    [junit] 	at org.jacoco.core.runtime.RuntimeTestBase.generateAndInstantiateClass(RuntimeTestBase.java:149)
    [junit] 	at org.jacoco.core.runtime.RuntimeTestBase.testDataAccessor(RuntimeTestBase.java:61)
    [junit] 
    [junit] 
    [junit] Testcase: testNoLocalVariablesInDataAccessor(org.jacoco.core.runtime.LoggerRuntimeTest):	Caused an ERROR
    [junit] org.jacoco.core.runtime.IRuntime.generateDataAccessor(JLjava/lang/String;ILorg/objectweb/asm/MethodVisitor;)I
    [junit] java.lang.NoSuchMethodError: org.jacoco.core.runtime.IRuntime.generateDataAccessor(JLjava/lang/String;ILorg/objectweb/asm/MethodVisitor;)I
    [junit] 	at org.jacoco.core.runtime.RuntimeTestBase.testNoLocalVariablesInDataAccessor(RuntimeTestBase.java:69)
    [junit] 
    [junit] 
    [junit] Testcase: testExecutionRecording(org.jacoco.core.runtime.LoggerRuntimeTest):	Caused an ERROR
    [junit] org.jacoco.core.runtime.IRuntime.generateDataAccessor(JLjava/lang/String;ILorg/objectweb/asm/MethodVisitor;)I
    [junit] java.lang.NoSuchMethodError: org.jacoco.core.runtime.IRuntime.generateDataAccessor(JLjava/lang/String;ILorg/objectweb/asm/MethodVisitor;)I
    [junit] 	at org.jacoco.core.runtime.RuntimeTestBase.generateAndInstantiateClass(RuntimeTestBase.java:149)
    [junit] 	at org.jacoco.core.runtime.RuntimeTestBase.testExecutionRecording(RuntimeTestBase.java:81)
    [junit] 
    [junit] 
    [junit] Testcase: testLoadSameClassTwice(org.jacoco.core.runtime.LoggerRuntimeTest):	Caused an ERROR
    [junit] org.jacoco.core.runtime.IRuntime.generateDataAccessor(JLjava/lang/String;ILorg/objectweb/asm/MethodVisitor;)I
    [junit] java.lang.NoSuchMethodError: org.jacoco.core.runtime.IRuntime.generateDataAccessor(JLjava/lang/String;ILorg/objectweb/asm/MethodVisitor;)I
    [junit] 	at org.jacoco.core.runtime.RuntimeTestBase.generateAndInstantiateClass(RuntimeTestBase.java:149)
    [junit] 	at org.jacoco.core.runtime.RuntimeTestBase.testLoadSameClassTwice(RuntimeTestBase.java:92)
    [junit] 
    [junit] 
    [junit] Testcase: testDisconnect(org.jacoco.core.runtime.LoggerRuntimeTest):	Caused an ERROR
    [junit] org.jacoco.core.runtime.IRuntime.generateDataAccessor(JLjava/lang/String;ILorg/objectweb/asm/MethodVisitor;)I
    [junit] java.lang.NoSuchMethodError: org.jacoco.core.runtime.IRuntime.generateDataAccessor(JLjava/lang/String;ILorg/objectweb/asm/MethodVisitor;)I
    [junit] 	at org.jacoco.core.runtime.RuntimeTestBase.generateAndInstantiateClass(RuntimeTestBase.java:149)
    [junit] 	at org.jacoco.core.runtime.RuntimeTestBase.testDisconnect(RuntimeTestBase.java:103)
    [junit] 
    [junit] 
    [junit] dir attribute ignored if running in the same VM
    [junit] Running org.jacoco.core.runtime.ModifiedSystemClassRuntimeTest
    [junit] Testsuite: org.jacoco.core.runtime.ModifiedSystemClassRuntimeTest
    [junit] Tests run: 7, Failures: 0, Errors: 5, Time elapsed: 0.011 sec
    [junit] Tests run: 7, Failures: 0, Errors: 5, Time elapsed: 0.011 sec
    [junit] 
    [junit] Testcase: testDataAccessor(org.jacoco.core.runtime.ModifiedSystemClassRuntimeTest):	Caused an ERROR
    [junit] org.jacoco.core.runtime.IRuntime.generateDataAccessor(JLjava/lang/String;ILorg/objectweb/asm/MethodVisitor;)I
    [junit] java.lang.NoSuchMethodError: org.jacoco.core.runtime.IRuntime.generateDataAccessor(JLjava/lang/String;ILorg/objectweb/asm/MethodVisitor;)I
    [junit] 	at org.jacoco.core.runtime.RuntimeTestBase.generateAndInstantiateClass(RuntimeTestBase.java:149)
    [junit] 	at org.jacoco.core.runtime.RuntimeTestBase.testDataAccessor(RuntimeTestBase.java:61)
    [junit] 
    [junit] 
    [junit] Testcase: testNoLocalVariablesInDataAccessor(org.jacoco.core.runtime.ModifiedSystemClassRuntimeTest):	Caused an ERROR
    [junit] org.jacoco.core.runtime.IRuntime.generateDataAccessor(JLjava/lang/String;ILorg/objectweb/asm/MethodVisitor;)I
    [junit] java.lang.NoSuchMethodError: org.jacoco.core.runtime.IRuntime.generateDataAccessor(JLjava/lang/String;ILorg/objectweb/asm/MethodVisitor;)I
    [junit] 	at org.jacoco.core.runtime.RuntimeTestBase.testNoLocalVariablesInDataAccessor(RuntimeTestBase.java:69)
    [junit] 
    [junit] 
    [junit] Testcase: testExecutionRecording(org.jacoco.core.runtime.ModifiedSystemClassRuntimeTest):	Caused an ERROR
    [junit] org.jacoco.core.runtime.IRuntime.generateDataAccessor(JLjava/lang/String;ILorg/objectweb/asm/MethodVisitor;)I
    [junit] java.lang.NoSuchMethodError: org.jacoco.core.runtime.IRuntime.generateDataAccessor(JLjava/lang/String;ILorg/objectweb/asm/MethodVisitor;)I
    [junit] 	at org.jacoco.core.runtime.RuntimeTestBase.generateAndInstantiateClass(RuntimeTestBase.java:149)
    [junit] 	at org.jacoco.core.runtime.RuntimeTestBase.testExecutionRecording(RuntimeTestBase.java:81)
    [junit] 
    [junit] 
    [junit] Testcase: testLoadSameClassTwice(org.jacoco.core.runtime.ModifiedSystemClassRuntimeTest):	Caused an ERROR
    [junit] org.jacoco.core.runtime.IRuntime.generateDataAccessor(JLjava/lang/String;ILorg/objectweb/asm/MethodVisitor;)I
    [junit] java.lang.NoSuchMethodError: org.jacoco.core.runtime.IRuntime.generateDataAccessor(JLjava/lang/String;ILorg/objectweb/asm/MethodVisitor;)I
    [junit] 	at org.jacoco.core.runtime.RuntimeTestBase.generateAndInstantiateClass(RuntimeTestBase.java:149)
    [junit] 	at org.jacoco.core.runtime.RuntimeTestBase.testLoadSameClassTwice(RuntimeTestBase.java:92)
    [junit] 
    [junit] 
    [junit] Testcase: testDisconnect(org.jacoco.core.runtime.ModifiedSystemClassRuntimeTest):	Caused an ERROR
    [junit] org.jacoco.core.runtime.IRuntime.generateDataAccessor(JLjava/lang/String;ILorg/objectweb/asm/MethodVisitor;)I
    [junit] java.lang.NoSuchMethodError: org.jacoco.core.runtime.IRuntime.generateDataAccessor(JLjava/lang/String;ILorg/objectweb/asm/MethodVisitor;)I
    [junit] 	at org.jacoco.core.runtime.RuntimeTestBase.generateAndInstantiateClass(RuntimeTestBase.java:149)
    [junit] 	at org.jacoco.core.runtime.RuntimeTestBase.testDisconnect(RuntimeTestBase.java:103)
    [junit] 
    [junit] 
    [junit] dir attribute ignored if running in the same VM
    [junit] Running org.jacoco.core.runtime.OfflineInstrumentationAccessGeneratorTest
    [junit] Testsuite: org.jacoco.core.runtime.OfflineInstrumentationAccessGeneratorTest
    [junit] Tests run: 2, Failures: 0, Errors: 2, Time elapsed: 0.001 sec
    [junit] Tests run: 2, Failures: 0, Errors: 2, Time elapsed: 0.001 sec
    [junit] 
    [junit] Testcase: testRuntimeClassName(org.jacoco.core.runtime.OfflineInstrumentationAccessGeneratorTest):	Caused an ERROR
    [junit] tried to access method org.jacoco.core.runtime.OfflineInstrumentationAccessGenerator.<init>(Ljava/lang/String;)V from class org.jacoco.core.runtime.OfflineInstrumentationAccessGeneratorTest
    [junit] java.lang.IllegalAccessError: tried to access method org.jacoco.core.runtime.OfflineInstrumentationAccessGenerator.<init>(Ljava/lang/String;)V from class org.jacoco.core.runtime.OfflineInstrumentationAccessGeneratorTest
    [junit] 	at org.jacoco.core.runtime.OfflineInstrumentationAccessGeneratorTest.setup(OfflineInstrumentationAccessGeneratorTest.java:53)
    [junit] 
    [junit] 
    [junit] Testcase: testRuntimeAccess(org.jacoco.core.runtime.OfflineInstrumentationAccessGeneratorTest):	Caused an ERROR
    [junit] tried to access method org.jacoco.core.runtime.OfflineInstrumentationAccessGenerator.<init>(Ljava/lang/String;)V from class org.jacoco.core.runtime.OfflineInstrumentationAccessGeneratorTest
    [junit] java.lang.IllegalAccessError: tried to access method org.jacoco.core.runtime.OfflineInstrumentationAccessGenerator.<init>(Ljava/lang/String;)V from class org.jacoco.core.runtime.OfflineInstrumentationAccessGeneratorTest
    [junit] 	at org.jacoco.core.runtime.OfflineInstrumentationAccessGeneratorTest.setup(OfflineInstrumentationAccessGeneratorTest.java:53)
    [junit] 
    [junit] 
    [junit] dir attribute ignored if running in the same VM
    [junit] Running org.jacoco.core.runtime.RemoteControlReaderWriterTest
    [junit] Testsuite: org.jacoco.core.runtime.RemoteControlReaderWriterTest
    [junit] Tests run: 27, Failures: 0, Errors: 0, Time elapsed: 0.006 sec
    [junit] Tests run: 27, Failures: 0, Errors: 0, Time elapsed: 0.006 sec
    [junit] 
    [junit] dir attribute ignored if running in the same VM
    [junit] Running org.jacoco.core.runtime.RuntimeDataTest
    [junit] Testsuite: org.jacoco.core.runtime.RuntimeDataTest
    [junit] Tests run: 9, Failures: 0, Errors: 2, Time elapsed: 0.003 sec
    [junit] Tests run: 9, Failures: 0, Errors: 2, Time elapsed: 0.003 sec
    [junit] 
    [junit] Testcase: testGenerateArgumentArray(org.jacoco.core.runtime.RuntimeDataTest):	Caused an ERROR
    [junit] org.objectweb.asm.MethodVisitor.visitMethodInsn(ILjava/lang/String;Ljava/lang/String;Ljava/lang/String;Z)V
    [junit] java.lang.NoSuchMethodError: org.objectweb.asm.MethodVisitor.visitMethodInsn(ILjava/lang/String;Ljava/lang/String;Ljava/lang/String;Z)V
    [junit] 	at org.jacoco.core.runtime.RuntimeData.generateArgumentArray(RuntimeData.java:190)
    [junit] 	at org.jacoco.core.runtime.RuntimeDataTest.testGenerateArgumentArray(RuntimeDataTest.java:134)
    [junit] 
    [junit] 
    [junit] Testcase: testGenerateAccessCall(org.jacoco.core.runtime.RuntimeDataTest):	Caused an ERROR
    [junit] org.objectweb.asm.MethodVisitor.visitMethodInsn(ILjava/lang/String;Ljava/lang/String;Ljava/lang/String;Z)V
    [junit] java.lang.NoSuchMethodError: org.objectweb.asm.MethodVisitor.visitMethodInsn(ILjava/lang/String;Ljava/lang/String;Ljava/lang/String;Z)V
    [junit] 	at org.jacoco.core.runtime.RuntimeData.generateArgumentArray(RuntimeData.java:190)
    [junit] 	at org.jacoco.core.runtime.RuntimeData.generateAccessCall(RuntimeData.java:229)
    [junit] 	at org.jacoco.core.runtime.RuntimeDataTest.testGenerateAccessCall(RuntimeDataTest.java:182)
    [junit] 
    [junit] 
    [junit] dir attribute ignored if running in the same VM
    [junit] Running org.jacoco.core.runtime.SystemPropertiesRuntimeTest
    [junit] Testsuite: org.jacoco.core.runtime.SystemPropertiesRuntimeTest
    [junit] Tests run: 6, Failures: 0, Errors: 5, Time elapsed: 0.006 sec
    [junit] Tests run: 6, Failures: 0, Errors: 5, Time elapsed: 0.006 sec
    [junit] 
    [junit] Testcase: testDataAccessor(org.jacoco.core.runtime.SystemPropertiesRuntimeTest):	Caused an ERROR
    [junit] org.jacoco.core.runtime.IRuntime.generateDataAccessor(JLjava/lang/String;ILorg/objectweb/asm/MethodVisitor;)I
    [junit] java.lang.NoSuchMethodError: org.jacoco.core.runtime.IRuntime.generateDataAccessor(JLjava/lang/String;ILorg/objectweb/asm/MethodVisitor;)I
    [junit] 	at org.jacoco.core.runtime.RuntimeTestBase.generateAndInstantiateClass(RuntimeTestBase.java:149)
    [junit] 	at org.jacoco.core.runtime.RuntimeTestBase.testDataAccessor(RuntimeTestBase.java:61)
    [junit] 
    [junit] 
    [junit] Testcase: testNoLocalVariablesInDataAccessor(org.jacoco.core.runtime.SystemPropertiesRuntimeTest):	Caused an ERROR
    [junit] org.jacoco.core.runtime.IRuntime.generateDataAccessor(JLjava/lang/String;ILorg/objectweb/asm/MethodVisitor;)I
    [junit] java.lang.NoSuchMethodError: org.jacoco.core.runtime.IRuntime.generateDataAccessor(JLjava/lang/String;ILorg/objectweb/asm/MethodVisitor;)I
    [junit] 	at org.jacoco.core.runtime.RuntimeTestBase.testNoLocalVariablesInDataAccessor(RuntimeTestBase.java:69)
    [junit] 
    [junit] 
    [junit] Testcase: testExecutionRecording(org.jacoco.core.runtime.SystemPropertiesRuntimeTest):	Caused an ERROR
    [junit] org.jacoco.core.runtime.IRuntime.generateDataAccessor(JLjava/lang/String;ILorg/objectweb/asm/MethodVisitor;)I
    [junit] java.lang.NoSuchMethodError: org.jacoco.core.runtime.IRuntime.generateDataAccessor(JLjava/lang/String;ILorg/objectweb/asm/MethodVisitor;)I
    [junit] 	at org.jacoco.core.runtime.RuntimeTestBase.generateAndInstantiateClass(RuntimeTestBase.java:149)
    [junit] 	at org.jacoco.core.runtime.RuntimeTestBase.testExecutionRecording(RuntimeTestBase.java:81)
    [junit] 
    [junit] 
    [junit] Testcase: testLoadSameClassTwice(org.jacoco.core.runtime.SystemPropertiesRuntimeTest):	Caused an ERROR
    [junit] org.jacoco.core.runtime.IRuntime.generateDataAccessor(JLjava/lang/String;ILorg/objectweb/asm/MethodVisitor;)I
    [junit] java.lang.NoSuchMethodError: org.jacoco.core.runtime.IRuntime.generateDataAccessor(JLjava/lang/String;ILorg/objectweb/asm/MethodVisitor;)I
    [junit] 	at org.jacoco.core.runtime.RuntimeTestBase.generateAndInstantiateClass(RuntimeTestBase.java:149)
    [junit] 	at org.jacoco.core.runtime.RuntimeTestBase.testLoadSameClassTwice(RuntimeTestBase.java:92)
    [junit] 
    [junit] 
    [junit] Testcase: testDisconnect(org.jacoco.core.runtime.SystemPropertiesRuntimeTest):	Caused an ERROR
    [junit] org.jacoco.core.runtime.IRuntime.generateDataAccessor(JLjava/lang/String;ILorg/objectweb/asm/MethodVisitor;)I
    [junit] java.lang.NoSuchMethodError: org.jacoco.core.runtime.IRuntime.generateDataAccessor(JLjava/lang/String;ILorg/objectweb/asm/MethodVisitor;)I
    [junit] 	at org.jacoco.core.runtime.RuntimeTestBase.generateAndInstantiateClass(RuntimeTestBase.java:149)
    [junit] 	at org.jacoco.core.runtime.RuntimeTestBase.testDisconnect(RuntimeTestBase.java:103)
    [junit] 
    [junit] 
    [junit] dir attribute ignored if running in the same VM
    [junit] Running org.jacoco.core.runtime.URLStreamHandlerRuntimeTest
    [junit] Testsuite: org.jacoco.core.runtime.URLStreamHandlerRuntimeTest
    [junit] Tests run: 6, Failures: 0, Errors: 5, Time elapsed: 0.015 sec
    [junit] Tests run: 6, Failures: 0, Errors: 5, Time elapsed: 0.015 sec
    [junit] 
    [junit] Testcase: testDataAccessor(org.jacoco.core.runtime.URLStreamHandlerRuntimeTest):	Caused an ERROR
    [junit] org.jacoco.core.runtime.IRuntime.generateDataAccessor(JLjava/lang/String;ILorg/objectweb/asm/MethodVisitor;)I
    [junit] java.lang.NoSuchMethodError: org.jacoco.core.runtime.IRuntime.generateDataAccessor(JLjava/lang/String;ILorg/objectweb/asm/MethodVisitor;)I
    [junit] 	at org.jacoco.core.runtime.RuntimeTestBase.generateAndInstantiateClass(RuntimeTestBase.java:149)
    [junit] 	at org.jacoco.core.runtime.RuntimeTestBase.testDataAccessor(RuntimeTestBase.java:61)
    [junit] 
    [junit] 
    [junit] Testcase: testNoLocalVariablesInDataAccessor(org.jacoco.core.runtime.URLStreamHandlerRuntimeTest):	Caused an ERROR
    [junit] org.jacoco.core.runtime.IRuntime.generateDataAccessor(JLjava/lang/String;ILorg/objectweb/asm/MethodVisitor;)I
    [junit] java.lang.NoSuchMethodError: org.jacoco.core.runtime.IRuntime.generateDataAccessor(JLjava/lang/String;ILorg/objectweb/asm/MethodVisitor;)I
    [junit] 	at org.jacoco.core.runtime.RuntimeTestBase.testNoLocalVariablesInDataAccessor(RuntimeTestBase.java:69)
    [junit] 
    [junit] 
    [junit] Testcase: testExecutionRecording(org.jacoco.core.runtime.URLStreamHandlerRuntimeTest):	Caused an ERROR
    [junit] org.jacoco.core.runtime.IRuntime.generateDataAccessor(JLjava/lang/String;ILorg/objectweb/asm/MethodVisitor;)I
    [junit] java.lang.NoSuchMethodError: org.jacoco.core.runtime.IRuntime.generateDataAccessor(JLjava/lang/String;ILorg/objectweb/asm/MethodVisitor;)I
    [junit] 	at org.jacoco.core.runtime.RuntimeTestBase.generateAndInstantiateClass(RuntimeTestBase.java:149)
    [junit] 	at org.jacoco.core.runtime.RuntimeTestBase.testExecutionRecording(RuntimeTestBase.java:81)
    [junit] 
    [junit] 
    [junit] Testcase: testLoadSameClassTwice(org.jacoco.core.runtime.URLStreamHandlerRuntimeTest):	Caused an ERROR
    [junit] org.jacoco.core.runtime.IRuntime.generateDataAccessor(JLjava/lang/String;ILorg/objectweb/asm/MethodVisitor;)I
    [junit] java.lang.NoSuchMethodError: org.jacoco.core.runtime.IRuntime.generateDataAccessor(JLjava/lang/String;ILorg/objectweb/asm/MethodVisitor;)I
    [junit] 	at org.jacoco.core.runtime.RuntimeTestBase.generateAndInstantiateClass(RuntimeTestBase.java:149)
    [junit] 	at org.jacoco.core.runtime.RuntimeTestBase.testLoadSameClassTwice(RuntimeTestBase.java:92)
    [junit] 
    [junit] 
    [junit] Testcase: testDisconnect(org.jacoco.core.runtime.URLStreamHandlerRuntimeTest):	Caused an ERROR
    [junit] org.jacoco.core.runtime.IRuntime.generateDataAccessor(JLjava/lang/String;ILorg/objectweb/asm/MethodVisitor;)I
    [junit] java.lang.NoSuchMethodError: org.jacoco.core.runtime.IRuntime.generateDataAccessor(JLjava/lang/String;ILorg/objectweb/asm/MethodVisitor;)I
    [junit] 	at org.jacoco.core.runtime.RuntimeTestBase.generateAndInstantiateClass(RuntimeTestBase.java:149)
    [junit] 	at org.jacoco.core.runtime.RuntimeTestBase.testDisconnect(RuntimeTestBase.java:103)
    [junit] 
    [junit] 
    [junit] dir attribute ignored if running in the same VM
    [junit] Running org.jacoco.core.runtime.WildcardMatcherTest
    [junit] Testsuite: org.jacoco.core.runtime.WildcardMatcherTest
    [junit] Tests run: 7, Failures: 0, Errors: 0, Time elapsed: 0.004 sec
    [junit] Tests run: 7, Failures: 0, Errors: 0, Time elapsed: 0.004 sec
    [junit] 
    [junit] dir attribute ignored if running in the same VM
    [junit] Running org.jacoco.core.test.validation.BooleanExpressionsTest
    [junit] Testsuite: org.jacoco.core.test.validation.BooleanExpressionsTest
    [junit] Tests run: 1, Failures: 0, Errors: 1, Time elapsed: 0.002 sec
    [junit] Tests run: 1, Failures: 0, Errors: 1, Time elapsed: 0.002 sec
    [junit] 
    [junit] Testcase: testCoverageResult(org.jacoco.core.test.validation.BooleanExpressionsTest):	Caused an ERROR
    [junit] org.jacoco.core.instr.Instrumenter.instrument(Lorg/objectweb/asm/ClassReader;)[B
    [junit] java.lang.NoSuchMethodError: org.jacoco.core.instr.Instrumenter.instrument(Lorg/objectweb/asm/ClassReader;)[B
    [junit] 	at org.jacoco.core.test.validation.ValidationTestBase.execute(ValidationTestBase.java:76)
    [junit] 	at org.jacoco.core.test.validation.ValidationTestBase.setup(ValidationTestBase.java:66)
    [junit] 
    [junit] 
    [junit] dir attribute ignored if running in the same VM
    [junit] Running org.jacoco.core.test.validation.ClassFileVersionsTest
    [junit] Testsuite: org.jacoco.core.test.validation.ClassFileVersionsTest
    [junit] Tests run: 7, Failures: 0, Errors: 7, Time elapsed: 0.006 sec
    [junit] Tests run: 7, Failures: 0, Errors: 7, Time elapsed: 0.006 sec
    [junit] 
    [junit] Testcase: test_1_7(org.jacoco.core.test.validation.ClassFileVersionsTest):	Caused an ERROR
    [junit] org.jacoco.core.runtime.SystemPropertiesRuntime.generateDataAccessor(JLjava/lang/String;ILorg/jacoco/asm/MethodVisitor;)I
    [junit] java.lang.AbstractMethodError: org.jacoco.core.runtime.SystemPropertiesRuntime.generateDataAccessor(JLjava/lang/String;ILorg/jacoco/asm/MethodVisitor;)I
    [junit] 	at org.jacoco.core.internal.instr.ClassInstrumenter$ClassTypeStrategy.genInitializeDataField(ClassInstrumenter.java:183)
    [junit] 	at org.jacoco.core.internal.instr.ClassInstrumenter$ClassTypeStrategy.createInitMethod(ClassInstrumenter.java:157)
    [junit] 	at org.jacoco.core.internal.instr.ClassInstrumenter$ClassTypeStrategy.addMembers(ClassInstrumenter.java:127)
    [junit] 	at org.jacoco.core.internal.instr.ClassInstrumenter.visitEnd(ClassInstrumenter.java:109)
    [junit] 	at org.jacoco.asm.ClassVisitor.visitEnd(ClassVisitor.java:317)
    [junit] 	at org.jacoco.core.internal.flow.ClassProbesAdapter.visitEnd(ClassProbesAdapter.java:156)
    [junit] 	at org.jacoco.asm.ClassReader.accept(ClassReader.java:697)
    [junit] 	at org.jacoco.asm.ClassReader.accept(ClassReader.java:506)
    [junit] 	at org.jacoco.core.instr.Instrumenter.instrument(Instrumenter.java:95)
    [junit] 	at org.jacoco.core.instr.Instrumenter.instrument(Instrumenter.java:113)
    [junit] 	at org.jacoco.core.test.validation.ClassFileVersionsTest.testVersion(ClassFileVersionsTest.java:85)
    [junit] 	at org.jacoco.core.test.validation.ClassFileVersionsTest.test_1_7(ClassFileVersionsTest.java:77)
    [junit] 
    [junit] 
    [junit] Testcase: test_1_4(org.jacoco.core.test.validation.ClassFileVersionsTest):	Caused an ERROR
    [junit] org.jacoco.core.runtime.SystemPropertiesRuntime.generateDataAccessor(JLjava/lang/String;ILorg/jacoco/asm/MethodVisitor;)I
    [junit] java.lang.AbstractMethodError: org.jacoco.core.runtime.SystemPropertiesRuntime.generateDataAccessor(JLjava/lang/String;ILorg/jacoco/asm/MethodVisitor;)I
    [junit] 	at org.jacoco.core.internal.instr.ClassInstrumenter$ClassTypeStrategy.genInitializeDataField(ClassInstrumenter.java:183)
    [junit] 	at org.jacoco.core.internal.instr.ClassInstrumenter$ClassTypeStrategy.createInitMethod(ClassInstrumenter.java:157)
    [junit] 	at org.jacoco.core.internal.instr.ClassInstrumenter$ClassTypeStrategy.addMembers(ClassInstrumenter.java:127)
    [junit] 	at org.jacoco.core.internal.instr.ClassInstrumenter.visitEnd(ClassInstrumenter.java:109)
    [junit] 	at org.jacoco.asm.ClassVisitor.visitEnd(ClassVisitor.java:317)
    [junit] 	at org.jacoco.core.internal.flow.ClassProbesAdapter.visitEnd(ClassProbesAdapter.java:156)
    [junit] 	at org.jacoco.asm.ClassReader.accept(ClassReader.java:697)
    [junit] 	at org.jacoco.asm.ClassReader.accept(ClassReader.java:506)
    [junit] 	at org.jacoco.core.instr.Instrumenter.instrument(Instrumenter.java:95)
    [junit] 	at org.jacoco.core.instr.Instrumenter.instrument(Instrumenter.java:113)
    [junit] 	at org.jacoco.core.test.validation.ClassFileVersionsTest.testVersion(ClassFileVersionsTest.java:85)
    [junit] 	at org.jacoco.core.test.validation.ClassFileVersionsTest.test_1_4(ClassFileVersionsTest.java:62)
    [junit] 
    [junit] 
    [junit] Testcase: test_1_1(org.jacoco.core.test.validation.ClassFileVersionsTest):	Caused an ERROR
    [junit] org.jacoco.core.runtime.SystemPropertiesRuntime.generateDataAccessor(JLjava/lang/String;ILorg/jacoco/asm/MethodVisitor;)I
    [junit] java.lang.AbstractMethodError: org.jacoco.core.runtime.SystemPropertiesRuntime.generateDataAccessor(JLjava/lang/String;ILorg/jacoco/asm/MethodVisitor;)I
    [junit] 	at org.jacoco.core.internal.instr.ClassInstrumenter$ClassTypeStrategy.genInitializeDataField(ClassInstrumenter.java:183)
    [junit] 	at org.jacoco.core.internal.instr.ClassInstrumenter$ClassTypeStrategy.createInitMethod(ClassInstrumenter.java:157)
    [junit] 	at org.jacoco.core.internal.instr.ClassInstrumenter$ClassTypeStrategy.addMembers(ClassInstrumenter.java:127)
    [junit] 	at org.jacoco.core.internal.instr.ClassInstrumenter.visitEnd(ClassInstrumenter.java:109)
    [junit] 	at org.jacoco.asm.ClassVisitor.visitEnd(ClassVisitor.java:317)
    [junit] 	at org.jacoco.core.internal.flow.ClassProbesAdapter.visitEnd(ClassProbesAdapter.java:156)
    [junit] 	at org.jacoco.asm.ClassReader.accept(ClassReader.java:697)
    [junit] 	at org.jacoco.asm.ClassReader.accept(ClassReader.java:506)
    [junit] 	at org.jacoco.core.instr.Instrumenter.instrument(Instrumenter.java:95)
    [junit] 	at org.jacoco.core.instr.Instrumenter.instrument(Instrumenter.java:113)
    [junit] 	at org.jacoco.core.test.validation.ClassFileVersionsTest.testVersion(ClassFileVersionsTest.java:85)
    [junit] 	at org.jacoco.core.test.validation.ClassFileVersionsTest.test_1_1(ClassFileVersionsTest.java:47)
    [junit] 
    [junit] 
    [junit] Testcase: test_1_3(org.jacoco.core.test.validation.ClassFileVersionsTest):	Caused an ERROR
    [junit] org.jacoco.core.runtime.SystemPropertiesRuntime.generateDataAccessor(JLjava/lang/String;ILorg/jacoco/asm/MethodVisitor;)I
    [junit] java.lang.AbstractMethodError: org.jacoco.core.runtime.SystemPropertiesRuntime.generateDataAccessor(JLjava/lang/String;ILorg/jacoco/asm/MethodVisitor;)I
    [junit] 	at org.jacoco.core.internal.instr.ClassInstrumenter$ClassTypeStrategy.genInitializeDataField(ClassInstrumenter.java:183)
    [junit] 	at org.jacoco.core.internal.instr.ClassInstrumenter$ClassTypeStrategy.createInitMethod(ClassInstrumenter.java:157)
    [junit] 	at org.jacoco.core.internal.instr.ClassInstrumenter$ClassTypeStrategy.addMembers(ClassInstrumenter.java:127)
    [junit] 	at org.jacoco.core.internal.instr.ClassInstrumenter.visitEnd(ClassInstrumenter.java:109)
    [junit] 	at org.jacoco.asm.ClassVisitor.visitEnd(ClassVisitor.java:317)
    [junit] 	at org.jacoco.core.internal.flow.ClassProbesAdapter.visitEnd(ClassProbesAdapter.java:156)
    [junit] 	at org.jacoco.asm.ClassReader.accept(ClassReader.java:697)
    [junit] 	at org.jacoco.asm.ClassReader.accept(ClassReader.java:506)
    [junit] 	at org.jacoco.core.instr.Instrumenter.instrument(Instrumenter.java:95)
    [junit] 	at org.jacoco.core.instr.Instrumenter.instrument(Instrumenter.java:113)
    [junit] 	at org.jacoco.core.test.validation.ClassFileVersionsTest.testVersion(ClassFileVersionsTest.java:85)
    [junit] 	at org.jacoco.core.test.validation.ClassFileVersionsTest.test_1_3(ClassFileVersionsTest.java:57)
    [junit] 
    [junit] 
    [junit] Testcase: test_1_5(org.jacoco.core.test.validation.ClassFileVersionsTest):	Caused an ERROR
    [junit] org.jacoco.core.runtime.SystemPropertiesRuntime.generateDataAccessor(JLjava/lang/String;ILorg/jacoco/asm/MethodVisitor;)I
    [junit] java.lang.AbstractMethodError: org.jacoco.core.runtime.SystemPropertiesRuntime.generateDataAccessor(JLjava/lang/String;ILorg/jacoco/asm/MethodVisitor;)I
    [junit] 	at org.jacoco.core.internal.instr.ClassInstrumenter$ClassTypeStrategy.genInitializeDataField(ClassInstrumenter.java:183)
    [junit] 	at org.jacoco.core.internal.instr.ClassInstrumenter$ClassTypeStrategy.createInitMethod(ClassInstrumenter.java:157)
    [junit] 	at org.jacoco.core.internal.instr.ClassInstrumenter$ClassTypeStrategy.addMembers(ClassInstrumenter.java:127)
    [junit] 	at org.jacoco.core.internal.instr.ClassInstrumenter.visitEnd(ClassInstrumenter.java:109)
    [junit] 	at org.jacoco.asm.ClassVisitor.visitEnd(ClassVisitor.java:317)
    [junit] 	at org.jacoco.core.internal.flow.ClassProbesAdapter.visitEnd(ClassProbesAdapter.java:156)
    [junit] 	at org.jacoco.asm.ClassReader.accept(ClassReader.java:697)
    [junit] 	at org.jacoco.asm.ClassReader.accept(ClassReader.java:506)
    [junit] 	at org.jacoco.core.instr.Instrumenter.instrument(Instrumenter.java:95)
    [junit] 	at org.jacoco.core.instr.Instrumenter.instrument(Instrumenter.java:113)
    [junit] 	at org.jacoco.core.test.validation.ClassFileVersionsTest.testVersion(ClassFileVersionsTest.java:85)
    [junit] 	at org.jacoco.core.test.validation.ClassFileVersionsTest.test_1_5(ClassFileVersionsTest.java:67)
    [junit] 
    [junit] 
    [junit] Testcase: test_1_6(org.jacoco.core.test.validation.ClassFileVersionsTest):	Caused an ERROR
    [junit] org.jacoco.core.runtime.SystemPropertiesRuntime.generateDataAccessor(JLjava/lang/String;ILorg/jacoco/asm/MethodVisitor;)I
    [junit] java.lang.AbstractMethodError: org.jacoco.core.runtime.SystemPropertiesRuntime.generateDataAccessor(JLjava/lang/String;ILorg/jacoco/asm/MethodVisitor;)I
    [junit] 	at org.jacoco.core.internal.instr.ClassInstrumenter$ClassTypeStrategy.genInitializeDataField(ClassInstrumenter.java:183)
    [junit] 	at org.jacoco.core.internal.instr.ClassInstrumenter$ClassTypeStrategy.createInitMethod(ClassInstrumenter.java:157)
    [junit] 	at org.jacoco.core.internal.instr.ClassInstrumenter$ClassTypeStrategy.addMembers(ClassInstrumenter.java:127)
    [junit] 	at org.jacoco.core.internal.instr.ClassInstrumenter.visitEnd(ClassInstrumenter.java:109)
    [junit] 	at org.jacoco.asm.ClassVisitor.visitEnd(ClassVisitor.java:317)
    [junit] 	at org.jacoco.core.internal.flow.ClassProbesAdapter.visitEnd(ClassProbesAdapter.java:156)
    [junit] 	at org.jacoco.asm.ClassReader.accept(ClassReader.java:697)
    [junit] 	at org.jacoco.asm.ClassReader.accept(ClassReader.java:506)
    [junit] 	at org.jacoco.core.instr.Instrumenter.instrument(Instrumenter.java:95)
    [junit] 	at org.jacoco.core.instr.Instrumenter.instrument(Instrumenter.java:113)
    [junit] 	at org.jacoco.core.test.validation.ClassFileVersionsTest.testVersion(ClassFileVersionsTest.java:85)
    [junit] 	at org.jacoco.core.test.validation.ClassFileVersionsTest.test_1_6(ClassFileVersionsTest.java:72)
    [junit] 
    [junit] 
    [junit] Testcase: test_1_2(org.jacoco.core.test.validation.ClassFileVersionsTest):	Caused an ERROR
    [junit] org.jacoco.core.runtime.SystemPropertiesRuntime.generateDataAccessor(JLjava/lang/String;ILorg/jacoco/asm/MethodVisitor;)I
    [junit] java.lang.AbstractMethodError: org.jacoco.core.runtime.SystemPropertiesRuntime.generateDataAccessor(JLjava/lang/String;ILorg/jacoco/asm/MethodVisitor;)I
    [junit] 	at org.jacoco.core.internal.instr.ClassInstrumenter$ClassTypeStrategy.genInitializeDataField(ClassInstrumenter.java:183)
    [junit] 	at org.jacoco.core.internal.instr.ClassInstrumenter$ClassTypeStrategy.createInitMethod(ClassInstrumenter.java:157)
    [junit] 	at org.jacoco.core.internal.instr.ClassInstrumenter$ClassTypeStrategy.addMembers(ClassInstrumenter.java:127)
    [junit] 	at org.jacoco.core.internal.instr.ClassInstrumenter.visitEnd(ClassInstrumenter.java:109)
    [junit] 	at org.jacoco.asm.ClassVisitor.visitEnd(ClassVisitor.java:317)
    [junit] 	at org.jacoco.core.internal.flow.ClassProbesAdapter.visitEnd(ClassProbesAdapter.java:156)
    [junit] 	at org.jacoco.asm.ClassReader.accept(ClassReader.java:697)
    [junit] 	at org.jacoco.asm.ClassReader.accept(ClassReader.java:506)
    [junit] 	at org.jacoco.core.instr.Instrumenter.instrument(Instrumenter.java:95)
    [junit] 	at org.jacoco.core.instr.Instrumenter.instrument(Instrumenter.java:113)
    [junit] 	at org.jacoco.core.test.validation.ClassFileVersionsTest.testVersion(ClassFileVersionsTest.java:85)
    [junit] 	at org.jacoco.core.test.validation.ClassFileVersionsTest.test_1_2(ClassFileVersionsTest.java:52)
    [junit] 
    [junit] 
    [junit] dir attribute ignored if running in the same VM
    [junit] Running org.jacoco.core.test.validation.ClassInitializerTest
    [junit] Testsuite: org.jacoco.core.test.validation.ClassInitializerTest
    [junit] Tests run: 1, Failures: 0, Errors: 1, Time elapsed: 0.003 sec
    [junit] Tests run: 1, Failures: 0, Errors: 1, Time elapsed: 0.003 sec
    [junit] 
    [junit] Testcase: testCoverageResult(org.jacoco.core.test.validation.ClassInitializerTest):	Caused an ERROR
    [junit] org.jacoco.core.instr.Instrumenter.instrument(Lorg/objectweb/asm/ClassReader;)[B
    [junit] java.lang.NoSuchMethodError: org.jacoco.core.instr.Instrumenter.instrument(Lorg/objectweb/asm/ClassReader;)[B
    [junit] 	at org.jacoco.core.test.validation.ValidationTestBase.execute(ValidationTestBase.java:76)
    [junit] 	at org.jacoco.core.test.validation.ValidationTestBase.setup(ValidationTestBase.java:66)
    [junit] 
    [junit] 
    [junit] dir attribute ignored if running in the same VM
    [junit] Running org.jacoco.core.test.validation.ControlStructuresTest
    [junit] Testsuite: org.jacoco.core.test.validation.ControlStructuresTest
    [junit] Tests run: 1, Failures: 0, Errors: 1, Time elapsed: 0.003 sec
    [junit] Tests run: 1, Failures: 0, Errors: 1, Time elapsed: 0.003 sec
    [junit] 
    [junit] Testcase: testCoverageResult(org.jacoco.core.test.validation.ControlStructuresTest):	Caused an ERROR
    [junit] org.jacoco.core.instr.Instrumenter.instrument(Lorg/objectweb/asm/ClassReader;)[B
    [junit] java.lang.NoSuchMethodError: org.jacoco.core.instr.Instrumenter.instrument(Lorg/objectweb/asm/ClassReader;)[B
    [junit] 	at org.jacoco.core.test.validation.ValidationTestBase.execute(ValidationTestBase.java:76)
    [junit] 	at org.jacoco.core.test.validation.ValidationTestBase.setup(ValidationTestBase.java:66)
    [junit] 
    [junit] 
    [junit] dir attribute ignored if running in the same VM
    [junit] Running org.jacoco.core.test.validation.CyclomaticComplexityTest
    [junit] Testsuite: org.jacoco.core.test.validation.CyclomaticComplexityTest
    [junit] Tests run: 17, Failures: 0, Errors: 17, Time elapsed: 0.017 sec
    [junit] Tests run: 17, Failures: 0, Errors: 17, Time elapsed: 0.017 sec
    [junit] 
    [junit] Testcase: testIf2(org.jacoco.core.test.validation.CyclomaticComplexityTest):	Caused an ERROR
    [junit] org.jacoco.core.instr.Instrumenter.instrument(Lorg/objectweb/asm/ClassReader;)[B
    [junit] java.lang.NoSuchMethodError: org.jacoco.core.instr.Instrumenter.instrument(Lorg/objectweb/asm/ClassReader;)[B
    [junit] 	at org.jacoco.core.test.validation.CyclomaticComplexityTest.instrument(CyclomaticComplexityTest.java:257)
    [junit] 	at org.jacoco.core.test.validation.CyclomaticComplexityTest.testIf2(CyclomaticComplexityTest.java:103)
    [junit] 
    [junit] 
    [junit] Testcase: testIf3(org.jacoco.core.test.validation.CyclomaticComplexityTest):	Caused an ERROR
    [junit] org.jacoco.core.instr.Instrumenter.instrument(Lorg/objectweb/asm/ClassReader;)[B
    [junit] java.lang.NoSuchMethodError: org.jacoco.core.instr.Instrumenter.instrument(Lorg/objectweb/asm/ClassReader;)[B
    [junit] 	at org.jacoco.core.test.validation.CyclomaticComplexityTest.instrument(CyclomaticComplexityTest.java:257)
    [junit] 	at org.jacoco.core.test.validation.CyclomaticComplexityTest.testIf3(CyclomaticComplexityTest.java:111)
    [junit] 
    [junit] 
    [junit] Testcase: testTwoIf1(org.jacoco.core.test.validation.CyclomaticComplexityTest):	Caused an ERROR
    [junit] org.jacoco.core.instr.Instrumenter.instrument(Lorg/objectweb/asm/ClassReader;)[B
    [junit] java.lang.NoSuchMethodError: org.jacoco.core.instr.Instrumenter.instrument(Lorg/objectweb/asm/ClassReader;)[B
    [junit] 	at org.jacoco.core.test.validation.CyclomaticComplexityTest.instrument(CyclomaticComplexityTest.java:257)
    [junit] 	at org.jacoco.core.test.validation.CyclomaticComplexityTest.testTwoIf1(CyclomaticComplexityTest.java:131)
    [junit] 
    [junit] 
    [junit] Testcase: testTwoIf2(org.jacoco.core.test.validation.CyclomaticComplexityTest):	Caused an ERROR
    [junit] org.jacoco.core.instr.Instrumenter.instrument(Lorg/objectweb/asm/ClassReader;)[B
    [junit] java.lang.NoSuchMethodError: org.jacoco.core.instr.Instrumenter.instrument(Lorg/objectweb/asm/ClassReader;)[B
    [junit] 	at org.jacoco.core.test.validation.CyclomaticComplexityTest.instrument(CyclomaticComplexityTest.java:257)
    [junit] 	at org.jacoco.core.test.validation.CyclomaticComplexityTest.testTwoIf2(CyclomaticComplexityTest.java:138)
    [junit] 
    [junit] 
    [junit] Testcase: testNestedIf3(org.jacoco.core.test.validation.CyclomaticComplexityTest):	Caused an ERROR
    [junit] org.jacoco.core.instr.Instrumenter.instrument(Lorg/objectweb/asm/ClassReader;)[B
    [junit] java.lang.NoSuchMethodError: org.jacoco.core.instr.Instrumenter.instrument(Lorg/objectweb/asm/ClassReader;)[B
    [junit] 	at org.jacoco.core.test.validation.CyclomaticComplexityTest.instrument(CyclomaticComplexityTest.java:257)
    [junit] 	at org.jacoco.core.test.validation.CyclomaticComplexityTest.testNestedIf3(CyclomaticComplexityTest.java:190)
    [junit] 
    [junit] 
    [junit] Testcase: testNestedIf4(org.jacoco.core.test.validation.CyclomaticComplexityTest):	Caused an ERROR
    [junit] org.jacoco.core.instr.Instrumenter.instrument(Lorg/objectweb/asm/ClassReader;)[B
    [junit] java.lang.NoSuchMethodError: org.jacoco.core.instr.Instrumenter.instrument(Lorg/objectweb/asm/ClassReader;)[B
    [junit] 	at org.jacoco.core.test.validation.CyclomaticComplexityTest.instrument(CyclomaticComplexityTest.java:257)
    [junit] 	at org.jacoco.core.test.validation.CyclomaticComplexityTest.testNestedIf4(CyclomaticComplexityTest.java:199)
    [junit] 
    [junit] 
    [junit] Testcase: testSwitch1(org.jacoco.core.test.validation.CyclomaticComplexityTest):	Caused an ERROR
    [junit] org.jacoco.core.instr.Instrumenter.instrument(Lorg/objectweb/asm/ClassReader;)[B
    [junit] java.lang.NoSuchMethodError: org.jacoco.core.instr.Instrumenter.instrument(Lorg/objectweb/asm/ClassReader;)[B
    [junit] 	at org.jacoco.core.test.validation.CyclomaticComplexityTest.instrument(CyclomaticComplexityTest.java:257)
    [junit] 	at org.jacoco.core.test.validation.CyclomaticComplexityTest.testSwitch1(CyclomaticComplexityTest.java:222)
    [junit] 
    [junit] 
    [junit] Testcase: testSwitch2(org.jacoco.core.test.validation.CyclomaticComplexityTest):	Caused an ERROR
    [junit] org.jacoco.core.instr.Instrumenter.instrument(Lorg/objectweb/asm/ClassReader;)[B
    [junit] java.lang.NoSuchMethodError: org.jacoco.core.instr.Instrumenter.instrument(Lorg/objectweb/asm/ClassReader;)[B
    [junit] 	at org.jacoco.core.test.validation.CyclomaticComplexityTest.instrument(CyclomaticComplexityTest.java:257)
    [junit] 	at org.jacoco.core.test.validation.CyclomaticComplexityTest.testSwitch2(CyclomaticComplexityTest.java:229)
    [junit] 
    [junit] 
    [junit] Testcase: testSwitch3(org.jacoco.core.test.validation.CyclomaticComplexityTest):	Caused an ERROR
    [junit] org.jacoco.core.instr.Instrumenter.instrument(Lorg/objectweb/asm/ClassReader;)[B
    [junit] java.lang.NoSuchMethodError: org.jacoco.core.instr.Instrumenter.instrument(Lorg/objectweb/asm/ClassReader;)[B
    [junit] 	at org.jacoco.core.test.validation.CyclomaticComplexityTest.instrument(CyclomaticComplexityTest.java:257)
    [junit] 	at org.jacoco.core.test.validation.CyclomaticComplexityTest.testSwitch3(CyclomaticComplexityTest.java:237)
    [junit] 
    [junit] 
    [junit] Testcase: testSwitch4(org.jacoco.core.test.validation.CyclomaticComplexityTest):	Caused an ERROR
    [junit] org.jacoco.core.instr.Instrumenter.instrument(Lorg/objectweb/asm/ClassReader;)[B
    [junit] java.lang.NoSuchMethodError: org.jacoco.core.instr.Instrumenter.instrument(Lorg/objectweb/asm/ClassReader;)[B
    [junit] 	at org.jacoco.core.test.validation.CyclomaticComplexityTest.instrument(CyclomaticComplexityTest.java:257)
    [junit] 	at org.jacoco.core.test.validation.CyclomaticComplexityTest.testSwitch4(CyclomaticComplexityTest.java:246)
    [junit] 
    [junit] 
    [junit] Testcase: testSimple1(org.jacoco.core.test.validation.CyclomaticComplexityTest):	Caused an ERROR
    [junit] org.jacoco.core.instr.Instrumenter.instrument(Lorg/objectweb/asm/ClassReader;)[B
    [junit] java.lang.NoSuchMethodError: org.jacoco.core.instr.Instrumenter.instrument(Lorg/objectweb/asm/ClassReader;)[B
    [junit] 	at org.jacoco.core.test.validation.CyclomaticComplexityTest.instrument(CyclomaticComplexityTest.java:257)
    [junit] 	at org.jacoco.core.test.validation.CyclomaticComplexityTest.testSimple1(CyclomaticComplexityTest.java:73)
    [junit] 
    [junit] 
    [junit] Testcase: testSimple2(org.jacoco.core.test.validation.CyclomaticComplexityTest):	Caused an ERROR
    [junit] org.jacoco.core.instr.Instrumenter.instrument(Lorg/objectweb/asm/ClassReader;)[B
    [junit] java.lang.NoSuchMethodError: org.jacoco.core.instr.Instrumenter.instrument(Lorg/objectweb/asm/ClassReader;)[B
    [junit] 	at org.jacoco.core.test.validation.CyclomaticComplexityTest.instrument(CyclomaticComplexityTest.java:257)
    [junit] 	at org.jacoco.core.test.validation.CyclomaticComplexityTest.testSimple2(CyclomaticComplexityTest.java:80)
    [junit] 
    [junit] 
    [junit] Testcase: testIf1(org.jacoco.core.test.validation.CyclomaticComplexityTest):	Caused an ERROR
    [junit] org.jacoco.core.instr.Instrumenter.instrument(Lorg/objectweb/asm/ClassReader;)[B
    [junit] java.lang.NoSuchMethodError: org.jacoco.core.instr.Instrumenter.instrument(Lorg/objectweb/asm/ClassReader;)[B
    [junit] 	at org.jacoco.core.test.validation.CyclomaticComplexityTest.instrument(CyclomaticComplexityTest.java:257)
    [junit] 	at org.jacoco.core.test.validation.CyclomaticComplexityTest.testIf1(CyclomaticComplexityTest.java:96)
    [junit] 
    [junit] 
    [junit] Testcase: testTwoIf3(org.jacoco.core.test.validation.CyclomaticComplexityTest):	Caused an ERROR
    [junit] org.jacoco.core.instr.Instrumenter.instrument(Lorg/objectweb/asm/ClassReader;)[B
    [junit] java.lang.NoSuchMethodError: org.jacoco.core.instr.Instrumenter.instrument(Lorg/objectweb/asm/ClassReader;)[B
    [junit] 	at org.jacoco.core.test.validation.CyclomaticComplexityTest.instrument(CyclomaticComplexityTest.java:257)
    [junit] 	at org.jacoco.core.test.validation.CyclomaticComplexityTest.testTwoIf3(CyclomaticComplexityTest.java:146)
    [junit] 
    [junit] 
    [junit] Testcase: testTwoIf4(org.jacoco.core.test.validation.CyclomaticComplexityTest):	Caused an ERROR
    [junit] org.jacoco.core.instr.Instrumenter.instrument(Lorg/objectweb/asm/ClassReader;)[B
    [junit] java.lang.NoSuchMethodError: org.jacoco.core.instr.Instrumenter.instrument(Lorg/objectweb/asm/ClassReader;)[B
    [junit] 	at org.jacoco.core.test.validation.CyclomaticComplexityTest.instrument(CyclomaticComplexityTest.java:257)
    [junit] 	at org.jacoco.core.test.validation.CyclomaticComplexityTest.testTwoIf4(CyclomaticComplexityTest.java:155)
    [junit] 
    [junit] 
    [junit] Testcase: testNestedIf1(org.jacoco.core.test.validation.CyclomaticComplexityTest):	Caused an ERROR
    [junit] org.jacoco.core.instr.Instrumenter.instrument(Lorg/objectweb/asm/ClassReader;)[B
    [junit] java.lang.NoSuchMethodError: org.jacoco.core.instr.Instrumenter.instrument(Lorg/objectweb/asm/ClassReader;)[B
    [junit] 	at org.jacoco.core.test.validation.CyclomaticComplexityTest.instrument(CyclomaticComplexityTest.java:257)
    [junit] 	at org.jacoco.core.test.validation.CyclomaticComplexityTest.testNestedIf1(CyclomaticComplexityTest.java:175)
    [junit] 
    [junit] 
    [junit] Testcase: testNestedIf2(org.jacoco.core.test.validation.CyclomaticComplexityTest):	Caused an ERROR
    [junit] org.jacoco.core.instr.Instrumenter.instrument(Lorg/objectweb/asm/ClassReader;)[B
    [junit] java.lang.NoSuchMethodError: org.jacoco.core.instr.Instrumenter.instrument(Lorg/objectweb/asm/ClassReader;)[B
    [junit] 	at org.jacoco.core.test.validation.CyclomaticComplexityTest.instrument(CyclomaticComplexityTest.java:257)
    [junit] 	at org.jacoco.core.test.validation.CyclomaticComplexityTest.testNestedIf2(CyclomaticComplexityTest.java:182)
    [junit] 
    [junit] 
    [junit] dir attribute ignored if running in the same VM
    [junit] Running org.jacoco.core.test.validation.ExceptionsTest
    [junit] Testsuite: org.jacoco.core.test.validation.ExceptionsTest
    [junit] Tests run: 1, Failures: 0, Errors: 1, Time elapsed: 0.002 sec
    [junit] Tests run: 1, Failures: 0, Errors: 1, Time elapsed: 0.002 sec
    [junit] 
    [junit] Testcase: testCoverageResult(org.jacoco.core.test.validation.ExceptionsTest):	Caused an ERROR
    [junit] org.jacoco.core.instr.Instrumenter.instrument(Lorg/objectweb/asm/ClassReader;)[B
    [junit] java.lang.NoSuchMethodError: org.jacoco.core.instr.Instrumenter.instrument(Lorg/objectweb/asm/ClassReader;)[B
    [junit] 	at org.jacoco.core.test.validation.ValidationTestBase.execute(ValidationTestBase.java:76)
    [junit] 	at org.jacoco.core.test.validation.ValidationTestBase.setup(ValidationTestBase.java:66)
    [junit] 
    [junit] 
    [junit] dir attribute ignored if running in the same VM
    [junit] Running org.jacoco.core.test.validation.ExplicitInitialFrameTest
    [junit] Testsuite: org.jacoco.core.test.validation.ExplicitInitialFrameTest
    [junit] Tests run: 1, Failures: 0, Errors: 1, Time elapsed: 0.002 sec
    [junit] Tests run: 1, Failures: 0, Errors: 1, Time elapsed: 0.002 sec
    [junit] 
    [junit] Testcase: testCoverageResult(org.jacoco.core.test.validation.ExplicitInitialFrameTest):	Caused an ERROR
    [junit] org.jacoco.core.instr.Instrumenter.instrument(Lorg/objectweb/asm/ClassReader;)[B
    [junit] java.lang.NoSuchMethodError: org.jacoco.core.instr.Instrumenter.instrument(Lorg/objectweb/asm/ClassReader;)[B
    [junit] 	at org.jacoco.core.test.validation.ValidationTestBase.execute(ValidationTestBase.java:76)
    [junit] 	at org.jacoco.core.test.validation.ValidationTestBase.setup(ValidationTestBase.java:66)
    [junit] 
    [junit] 
    [junit] dir attribute ignored if running in the same VM
    [junit] Running org.jacoco.core.test.validation.FieldInitializationInTwoConstructorsTest
    [junit] Testsuite: org.jacoco.core.test.validation.FieldInitializationInTwoConstructorsTest
    [junit] Tests run: 1, Failures: 0, Errors: 1, Time elapsed: 0.002 sec
    [junit] Tests run: 1, Failures: 0, Errors: 1, Time elapsed: 0.002 sec
    [junit] 
    [junit] Testcase: testCoverageResult(org.jacoco.core.test.validation.FieldInitializationInTwoConstructorsTest):	Caused an ERROR
    [junit] org.jacoco.core.instr.Instrumenter.instrument(Lorg/objectweb/asm/ClassReader;)[B
    [junit] java.lang.NoSuchMethodError: org.jacoco.core.instr.Instrumenter.instrument(Lorg/objectweb/asm/ClassReader;)[B
    [junit] 	at org.jacoco.core.test.validation.ValidationTestBase.execute(ValidationTestBase.java:76)
    [junit] 	at org.jacoco.core.test.validation.ValidationTestBase.setup(ValidationTestBase.java:66)
    [junit] 
    [junit] 
    [junit] dir attribute ignored if running in the same VM
    [junit] Running org.jacoco.core.test.validation.FramesTest
    [junit] Testsuite: org.jacoco.core.test.validation.FramesTest
    [junit] Tests run: 11, Failures: 0, Errors: 11, Time elapsed: 0.034 sec
    [junit] Tests run: 11, Failures: 0, Errors: 11, Time elapsed: 0.034 sec
    [junit] 
    [junit] Testcase: testTarget01(org.jacoco.core.test.validation.FramesTest):	Caused an ERROR
    [junit] org.jacoco.core.runtime.SystemPropertiesRuntime.generateDataAccessor(JLjava/lang/String;ILorg/jacoco/asm/MethodVisitor;)I
    [junit] java.lang.AbstractMethodError: org.jacoco.core.runtime.SystemPropertiesRuntime.generateDataAccessor(JLjava/lang/String;ILorg/jacoco/asm/MethodVisitor;)I
    [junit] 	at org.jacoco.core.internal.instr.ClassInstrumenter$ClassTypeStrategy.genInitializeDataField(ClassInstrumenter.java:183)
    [junit] 	at org.jacoco.core.internal.instr.ClassInstrumenter$ClassTypeStrategy.createInitMethod(ClassInstrumenter.java:157)
    [junit] 	at org.jacoco.core.internal.instr.ClassInstrumenter$ClassTypeStrategy.addMembers(ClassInstrumenter.java:127)
    [junit] 	at org.jacoco.core.internal.instr.ClassInstrumenter.visitEnd(ClassInstrumenter.java:109)
    [junit] 	at org.jacoco.asm.ClassVisitor.visitEnd(ClassVisitor.java:317)
    [junit] 	at org.jacoco.core.internal.flow.ClassProbesAdapter.visitEnd(ClassProbesAdapter.java:156)
    [junit] 	at org.jacoco.asm.ClassReader.accept(ClassReader.java:697)
    [junit] 	at org.jacoco.asm.ClassReader.accept(ClassReader.java:506)
    [junit] 	at org.jacoco.core.instr.Instrumenter.instrument(Instrumenter.java:95)
    [junit] 	at org.jacoco.core.instr.Instrumenter.instrument(Instrumenter.java:113)
    [junit] 	at org.jacoco.core.test.validation.FramesTest.testFrames(FramesTest.java:82)
    [junit] 	at org.jacoco.core.test.validation.FramesTest.testFrames(FramesTest.java:75)
    [junit] 	at org.jacoco.core.test.validation.FramesTest.testTarget01(FramesTest.java:115)
    [junit] 
    [junit] 
    [junit] Testcase: testTarget06(org.jacoco.core.test.validation.FramesTest):	Caused an ERROR
    [junit] org.jacoco.core.runtime.SystemPropertiesRuntime.generateDataAccessor(JLjava/lang/String;ILorg/jacoco/asm/MethodVisitor;)I
    [junit] java.lang.AbstractMethodError: org.jacoco.core.runtime.SystemPropertiesRuntime.generateDataAccessor(JLjava/lang/String;ILorg/jacoco/asm/MethodVisitor;)I
    [junit] 	at org.jacoco.core.internal.instr.ClassInstrumenter$ClassTypeStrategy.genInitializeDataField(ClassInstrumenter.java:183)
    [junit] 	at org.jacoco.core.internal.instr.ClassInstrumenter$ClassTypeStrategy.createInitMethod(ClassInstrumenter.java:157)
    [junit] 	at org.jacoco.core.internal.instr.ClassInstrumenter$ClassTypeStrategy.addMembers(ClassInstrumenter.java:127)
    [junit] 	at org.jacoco.core.internal.instr.ClassInstrumenter.visitEnd(ClassInstrumenter.java:109)
    [junit] 	at org.jacoco.asm.ClassVisitor.visitEnd(ClassVisitor.java:317)
    [junit] 	at org.jacoco.core.internal.flow.ClassProbesAdapter.visitEnd(ClassProbesAdapter.java:156)
    [junit] 	at org.jacoco.asm.ClassReader.accept(ClassReader.java:697)
    [junit] 	at org.jacoco.asm.ClassReader.accept(ClassReader.java:506)
    [junit] 	at org.jacoco.core.instr.Instrumenter.instrument(Instrumenter.java:95)
    [junit] 	at org.jacoco.core.instr.Instrumenter.instrument(Instrumenter.java:113)
    [junit] 	at org.jacoco.core.test.validation.FramesTest.testFrames(FramesTest.java:82)
    [junit] 	at org.jacoco.core.test.validation.FramesTest.testFrames(FramesTest.java:75)
    [junit] 	at org.jacoco.core.test.validation.FramesTest.testTarget06(FramesTest.java:140)
    [junit] 
    [junit] 
    [junit] Testcase: testTarget07(org.jacoco.core.test.validation.FramesTest):	Caused an ERROR
    [junit] org.jacoco.core.runtime.SystemPropertiesRuntime.generateDataAccessor(JLjava/lang/String;ILorg/jacoco/asm/MethodVisitor;)I
    [junit] java.lang.AbstractMethodError: org.jacoco.core.runtime.SystemPropertiesRuntime.generateDataAccessor(JLjava/lang/String;ILorg/jacoco/asm/MethodVisitor;)I
    [junit] 	at org.jacoco.core.internal.instr.ClassInstrumenter$ClassTypeStrategy.genInitializeDataField(ClassInstrumenter.java:183)
    [junit] 	at org.jacoco.core.internal.instr.ClassInstrumenter$ClassTypeStrategy.createInitMethod(ClassInstrumenter.java:157)
    [junit] 	at org.jacoco.core.internal.instr.ClassInstrumenter$ClassTypeStrategy.addMembers(ClassInstrumenter.java:127)
    [junit] 	at org.jacoco.core.internal.instr.ClassInstrumenter.visitEnd(ClassInstrumenter.java:109)
    [junit] 	at org.jacoco.asm.ClassVisitor.visitEnd(ClassVisitor.java:317)
    [junit] 	at org.jacoco.core.internal.flow.ClassProbesAdapter.visitEnd(ClassProbesAdapter.java:156)
    [junit] 	at org.jacoco.asm.ClassReader.accept(ClassReader.java:697)
    [junit] 	at org.jacoco.asm.ClassReader.accept(ClassReader.java:506)
    [junit] 	at org.jacoco.core.instr.Instrumenter.instrument(Instrumenter.java:95)
    [junit] 	at org.jacoco.core.instr.Instrumenter.instrument(Instrumenter.java:113)
    [junit] 	at org.jacoco.core.test.validation.FramesTest.testFrames(FramesTest.java:82)
    [junit] 	at org.jacoco.core.test.validation.FramesTest.testFrames(FramesTest.java:75)
    [junit] 	at org.jacoco.core.test.validation.FramesTest.testTarget07(FramesTest.java:145)
    [junit] 
    [junit] 
    [junit] Testcase: testTarget08(org.jacoco.core.test.validation.FramesTest):	Caused an ERROR
    [junit] org.jacoco.core.runtime.SystemPropertiesRuntime.generateDataAccessor(JLjava/lang/String;ILorg/jacoco/asm/MethodVisitor;)I
    [junit] java.lang.AbstractMethodError: org.jacoco.core.runtime.SystemPropertiesRuntime.generateDataAccessor(JLjava/lang/String;ILorg/jacoco/asm/MethodVisitor;)I
    [junit] 	at org.jacoco.core.internal.instr.ClassInstrumenter$ClassTypeStrategy.genInitializeDataField(ClassInstrumenter.java:183)
    [junit] 	at org.jacoco.core.internal.instr.ClassInstrumenter$ClassTypeStrategy.createInitMethod(ClassInstrumenter.java:157)
    [junit] 	at org.jacoco.core.internal.instr.ClassInstrumenter$ClassTypeStrategy.addMembers(ClassInstrumenter.java:127)
    [junit] 	at org.jacoco.core.internal.instr.ClassInstrumenter.visitEnd(ClassInstrumenter.java:109)
    [junit] 	at org.jacoco.asm.ClassVisitor.visitEnd(ClassVisitor.java:317)
    [junit] 	at org.jacoco.core.internal.flow.ClassProbesAdapter.visitEnd(ClassProbesAdapter.java:156)
    [junit] 	at org.jacoco.asm.ClassReader.accept(ClassReader.java:697)
    [junit] 	at org.jacoco.asm.ClassReader.accept(ClassReader.java:506)
    [junit] 	at org.jacoco.core.instr.Instrumenter.instrument(Instrumenter.java:95)
    [junit] 	at org.jacoco.core.instr.Instrumenter.instrument(Instrumenter.java:113)
    [junit] 	at org.jacoco.core.test.validation.FramesTest.testFrames(FramesTest.java:82)
    [junit] 	at org.jacoco.core.test.validation.FramesTest.testFrames(FramesTest.java:75)
    [junit] 	at org.jacoco.core.test.validation.FramesTest.testTarget08(FramesTest.java:150)
    [junit] 
    [junit] 
    [junit] Testcase: testTarget09(org.jacoco.core.test.validation.FramesTest):	Caused an ERROR
    [junit] org.jacoco.core.runtime.SystemPropertiesRuntime.generateDataAccessor(JLjava/lang/String;ILorg/jacoco/asm/MethodVisitor;)I
    [junit] java.lang.AbstractMethodError: org.jacoco.core.runtime.SystemPropertiesRuntime.generateDataAccessor(JLjava/lang/String;ILorg/jacoco/asm/MethodVisitor;)I
    [junit] 	at org.jacoco.core.internal.instr.ClassInstrumenter$ClassTypeStrategy.genInitializeDataField(ClassInstrumenter.java:183)
    [junit] 	at org.jacoco.core.internal.instr.ClassInstrumenter$ClassTypeStrategy.createInitMethod(ClassInstrumenter.java:157)
    [junit] 	at org.jacoco.core.internal.instr.ClassInstrumenter$ClassTypeStrategy.addMembers(ClassInstrumenter.java:127)
    [junit] 	at org.jacoco.core.internal.instr.ClassInstrumenter.visitEnd(ClassInstrumenter.java:109)
    [junit] 	at org.jacoco.asm.ClassVisitor.visitEnd(ClassVisitor.java:317)
    [junit] 	at org.jacoco.core.internal.flow.ClassProbesAdapter.visitEnd(ClassProbesAdapter.java:156)
    [junit] 	at org.jacoco.asm.ClassReader.accept(ClassReader.java:697)
    [junit] 	at org.jacoco.asm.ClassReader.accept(ClassReader.java:506)
    [junit] 	at org.jacoco.core.instr.Instrumenter.instrument(Instrumenter.java:95)
    [junit] 	at org.jacoco.core.instr.Instrumenter.instrument(Instrumenter.java:113)
    [junit] 	at org.jacoco.core.test.validation.FramesTest.testFrames(FramesTest.java:82)
    [junit] 	at org.jacoco.core.test.validation.FramesTest.testFrames(FramesTest.java:75)
    [junit] 	at org.jacoco.core.test.validation.FramesTest.testTarget09(FramesTest.java:155)
    [junit] 
    [junit] 
    [junit] Testcase: testTarget10(org.jacoco.core.test.validation.FramesTest):	Caused an ERROR
    [junit] org.jacoco.core.runtime.SystemPropertiesRuntime.generateDataAccessor(JLjava/lang/String;ILorg/jacoco/asm/MethodVisitor;)I
    [junit] java.lang.AbstractMethodError: org.jacoco.core.runtime.SystemPropertiesRuntime.generateDataAccessor(JLjava/lang/String;ILorg/jacoco/asm/MethodVisitor;)I
    [junit] 	at org.jacoco.core.internal.instr.ClassInstrumenter$ClassTypeStrategy.genInitializeDataField(ClassInstrumenter.java:183)
    [junit] 	at org.jacoco.core.internal.instr.ClassInstrumenter$ClassTypeStrategy.createInitMethod(ClassInstrumenter.java:157)
    [junit] 	at org.jacoco.core.internal.instr.ClassInstrumenter$ClassTypeStrategy.addMembers(ClassInstrumenter.java:127)
    [junit] 	at org.jacoco.core.internal.instr.ClassInstrumenter.visitEnd(ClassInstrumenter.java:109)
    [junit] 	at org.jacoco.asm.ClassVisitor.visitEnd(ClassVisitor.java:317)
    [junit] 	at org.jacoco.core.internal.flow.ClassProbesAdapter.visitEnd(ClassProbesAdapter.java:156)
    [junit] 	at org.jacoco.asm.ClassReader.accept(ClassReader.java:697)
    [junit] 	at org.jacoco.asm.ClassReader.accept(ClassReader.java:506)
    [junit] 	at org.jacoco.core.instr.Instrumenter.instrument(Instrumenter.java:95)
    [junit] 	at org.jacoco.core.instr.Instrumenter.instrument(Instrumenter.java:113)
    [junit] 	at org.jacoco.core.test.validation.FramesTest.testFrames(FramesTest.java:82)
    [junit] 	at org.jacoco.core.test.validation.FramesTest.testFrames(FramesTest.java:75)
    [junit] 	at org.jacoco.core.test.validation.FramesTest.testTarget10(FramesTest.java:160)
    [junit] 
    [junit] 
    [junit] Testcase: testTarget11(org.jacoco.core.test.validation.FramesTest):	Caused an ERROR
    [junit] org.jacoco.core.runtime.SystemPropertiesRuntime.generateDataAccessor(JLjava/lang/String;ILorg/jacoco/asm/MethodVisitor;)I
    [junit] java.lang.AbstractMethodError: org.jacoco.core.runtime.SystemPropertiesRuntime.generateDataAccessor(JLjava/lang/String;ILorg/jacoco/asm/MethodVisitor;)I
    [junit] 	at org.jacoco.core.internal.instr.ClassInstrumenter$ClassTypeStrategy.genInitializeDataField(ClassInstrumenter.java:183)
    [junit] 	at org.jacoco.core.internal.instr.ClassInstrumenter$ClassTypeStrategy.createInitMethod(ClassInstrumenter.java:157)
    [junit] 	at org.jacoco.core.internal.instr.ClassInstrumenter$ClassTypeStrategy.addMembers(ClassInstrumenter.java:127)
    [junit] 	at org.jacoco.core.internal.instr.ClassInstrumenter.visitEnd(ClassInstrumenter.java:109)
    [junit] 	at org.jacoco.asm.ClassVisitor.visitEnd(ClassVisitor.java:317)
    [junit] 	at org.jacoco.core.internal.flow.ClassProbesAdapter.visitEnd(ClassProbesAdapter.java:156)
    [junit] 	at org.jacoco.asm.ClassReader.accept(ClassReader.java:697)
    [junit] 	at org.jacoco.asm.ClassReader.accept(ClassReader.java:506)
    [junit] 	at org.jacoco.core.instr.Instrumenter.instrument(Instrumenter.java:95)
    [junit] 	at org.jacoco.core.instr.Instrumenter.instrument(Instrumenter.java:113)
    [junit] 	at org.jacoco.core.test.validation.FramesTest.testFrames(FramesTest.java:82)
    [junit] 	at org.jacoco.core.test.validation.FramesTest.testFrames(FramesTest.java:75)
    [junit] 	at org.jacoco.core.test.validation.FramesTest.testTarget11(FramesTest.java:165)
    [junit] 
    [junit] 
    [junit] Testcase: testTarget02(org.jacoco.core.test.validation.FramesTest):	Caused an ERROR
    [junit] org.jacoco.core.runtime.SystemPropertiesRuntime.generateDataAccessor(JLjava/lang/String;ILorg/jacoco/asm/MethodVisitor;)I
    [junit] java.lang.AbstractMethodError: org.jacoco.core.runtime.SystemPropertiesRuntime.generateDataAccessor(JLjava/lang/String;ILorg/jacoco/asm/MethodVisitor;)I
    [junit] 	at org.jacoco.core.internal.instr.ClassInstrumenter$ClassTypeStrategy.genInitializeDataField(ClassInstrumenter.java:183)
    [junit] 	at org.jacoco.core.internal.instr.ClassInstrumenter$ClassTypeStrategy.createInitMethod(ClassInstrumenter.java:157)
    [junit] 	at org.jacoco.core.internal.instr.ClassInstrumenter$ClassTypeStrategy.addMembers(ClassInstrumenter.java:127)
    [junit] 	at org.jacoco.core.internal.instr.ClassInstrumenter.visitEnd(ClassInstrumenter.java:109)
    [junit] 	at org.jacoco.asm.ClassVisitor.visitEnd(ClassVisitor.java:317)
    [junit] 	at org.jacoco.core.internal.flow.ClassProbesAdapter.visitEnd(ClassProbesAdapter.java:156)
    [junit] 	at org.jacoco.asm.ClassReader.accept(ClassReader.java:697)
    [junit] 	at org.jacoco.asm.ClassReader.accept(ClassReader.java:506)
    [junit] 	at org.jacoco.core.instr.Instrumenter.instrument(Instrumenter.java:95)
    [junit] 	at org.jacoco.core.instr.Instrumenter.instrument(Instrumenter.java:113)
    [junit] 	at org.jacoco.core.test.validation.FramesTest.testFrames(FramesTest.java:82)
    [junit] 	at org.jacoco.core.test.validation.FramesTest.testFrames(FramesTest.java:75)
    [junit] 	at org.jacoco.core.test.validation.FramesTest.testTarget02(FramesTest.java:120)
    [junit] 
    [junit] 
    [junit] Testcase: testTarget03(org.jacoco.core.test.validation.FramesTest):	Caused an ERROR
    [junit] org.jacoco.core.runtime.SystemPropertiesRuntime.generateDataAccessor(JLjava/lang/String;ILorg/jacoco/asm/MethodVisitor;)I
    [junit] java.lang.AbstractMethodError: org.jacoco.core.runtime.SystemPropertiesRuntime.generateDataAccessor(JLjava/lang/String;ILorg/jacoco/asm/MethodVisitor;)I
    [junit] 	at org.jacoco.core.internal.instr.ClassInstrumenter$ClassTypeStrategy.genInitializeDataField(ClassInstrumenter.java:183)
    [junit] 	at org.jacoco.core.internal.instr.ClassInstrumenter$ClassTypeStrategy.createInitMethod(ClassInstrumenter.java:157)
    [junit] 	at org.jacoco.core.internal.instr.ClassInstrumenter$ClassTypeStrategy.addMembers(ClassInstrumenter.java:127)
    [junit] 	at org.jacoco.core.internal.instr.ClassInstrumenter.visitEnd(ClassInstrumenter.java:109)
    [junit] 	at org.jacoco.asm.ClassVisitor.visitEnd(ClassVisitor.java:317)
    [junit] 	at org.jacoco.core.internal.flow.ClassProbesAdapter.visitEnd(ClassProbesAdapter.java:156)
    [junit] 	at org.jacoco.asm.ClassReader.accept(ClassReader.java:697)
    [junit] 	at org.jacoco.asm.ClassReader.accept(ClassReader.java:506)
    [junit] 	at org.jacoco.core.instr.Instrumenter.instrument(Instrumenter.java:95)
    [junit] 	at org.jacoco.core.instr.Instrumenter.instrument(Instrumenter.java:113)
    [junit] 	at org.jacoco.core.test.validation.FramesTest.testFrames(FramesTest.java:82)
    [junit] 	at org.jacoco.core.test.validation.FramesTest.testFrames(FramesTest.java:75)
    [junit] 	at org.jacoco.core.test.validation.FramesTest.testTarget03(FramesTest.java:125)
    [junit] 
    [junit] 
    [junit] Testcase: testTarget04(org.jacoco.core.test.validation.FramesTest):	Caused an ERROR
    [junit] org.jacoco.core.runtime.SystemPropertiesRuntime.generateDataAccessor(JLjava/lang/String;ILorg/jacoco/asm/MethodVisitor;)I
    [junit] java.lang.AbstractMethodError: org.jacoco.core.runtime.SystemPropertiesRuntime.generateDataAccessor(JLjava/lang/String;ILorg/jacoco/asm/MethodVisitor;)I
    [junit] 	at org.jacoco.core.internal.instr.ClassInstrumenter$InterfaceTypeStrategy.storeInstance(ClassInstrumenter.java:205)
    [junit] 	at org.jacoco.core.internal.instr.ProbeInserter.visitCode(ProbeInserter.java:85)
    [junit] 	at org.jacoco.asm.MethodVisitor.visitCode(MethodVisitor.java:228)
    [junit] 	at org.jacoco.asm.MethodVisitor.visitCode(MethodVisitor.java:228)
    [junit] 	at org.jacoco.asm.MethodVisitor.visitCode(MethodVisitor.java:228)
    [junit] 	at org.jacoco.asm.tree.MethodNode.accept(MethodNode.java:807)
    [junit] 	at org.jacoco.core.internal.flow.ClassProbesAdapter$1.visitEnd(ClassProbesAdapter.java:143)
    [junit] 	at org.jacoco.asm.ClassReader.readMethod(ClassReader.java:1021)
    [junit] 	at org.jacoco.asm.ClassReader.accept(ClassReader.java:693)
    [junit] 	at org.jacoco.asm.ClassReader.accept(ClassReader.java:506)
    [junit] 	at org.jacoco.core.instr.Instrumenter.instrument(Instrumenter.java:95)
    [junit] 	at org.jacoco.core.instr.Instrumenter.instrument(Instrumenter.java:113)
    [junit] 	at org.jacoco.core.test.validation.FramesTest.testFrames(FramesTest.java:82)
    [junit] 	at org.jacoco.core.test.validation.FramesTest.testFrames(FramesTest.java:75)
    [junit] 	at org.jacoco.core.test.validation.FramesTest.testTarget04(FramesTest.java:130)
    [junit] 
    [junit] 
    [junit] Testcase: testTarget05(org.jacoco.core.test.validation.FramesTest):	Caused an ERROR
    [junit] org.jacoco.core.runtime.SystemPropertiesRuntime.generateDataAccessor(JLjava/lang/String;ILorg/jacoco/asm/MethodVisitor;)I
    [junit] java.lang.AbstractMethodError: org.jacoco.core.runtime.SystemPropertiesRuntime.generateDataAccessor(JLjava/lang/String;ILorg/jacoco/asm/MethodVisitor;)I
    [junit] 	at org.jacoco.core.internal.instr.ClassInstrumenter$ClassTypeStrategy.genInitializeDataField(ClassInstrumenter.java:183)
    [junit] 	at org.jacoco.core.internal.instr.ClassInstrumenter$ClassTypeStrategy.createInitMethod(ClassInstrumenter.java:157)
    [junit] 	at org.jacoco.core.internal.instr.ClassInstrumenter$ClassTypeStrategy.addMembers(ClassInstrumenter.java:127)
    [junit] 	at org.jacoco.core.internal.instr.ClassInstrumenter.visitEnd(ClassInstrumenter.java:109)
    [junit] 	at org.jacoco.asm.ClassVisitor.visitEnd(ClassVisitor.java:317)
    [junit] 	at org.jacoco.core.internal.flow.ClassProbesAdapter.visitEnd(ClassProbesAdapter.java:156)
    [junit] 	at org.jacoco.asm.ClassReader.accept(ClassReader.java:697)
    [junit] 	at org.jacoco.asm.ClassReader.accept(ClassReader.java:506)
    [junit] 	at org.jacoco.core.instr.Instrumenter.instrument(Instrumenter.java:95)
    [junit] 	at org.jacoco.core.instr.Instrumenter.instrument(Instrumenter.java:113)
    [junit] 	at org.jacoco.core.test.validation.FramesTest.testFrames(FramesTest.java:82)
    [junit] 	at org.jacoco.core.test.validation.FramesTest.testFrames(FramesTest.java:75)
    [junit] 	at org.jacoco.core.test.validation.FramesTest.testTarget05(FramesTest.java:135)
    [junit] 
    [junit] 
    [junit] dir attribute ignored if running in the same VM
    [junit] Running org.jacoco.core.test.validation.ImplicitDefaultConstructorTest
    [junit] Testsuite: org.jacoco.core.test.validation.ImplicitDefaultConstructorTest
    [junit] Tests run: 1, Failures: 0, Errors: 1, Time elapsed: 0.002 sec
    [junit] Tests run: 1, Failures: 0, Errors: 1, Time elapsed: 0.002 sec
    [junit] 
    [junit] Testcase: testCoverageResult(org.jacoco.core.test.validation.ImplicitDefaultConstructorTest):	Caused an ERROR
    [junit] org.jacoco.core.instr.Instrumenter.instrument(Lorg/objectweb/asm/ClassReader;)[B
    [junit] java.lang.NoSuchMethodError: org.jacoco.core.instr.Instrumenter.instrument(Lorg/objectweb/asm/ClassReader;)[B
    [junit] 	at org.jacoco.core.test.validation.ValidationTestBase.execute(ValidationTestBase.java:76)
    [junit] 	at org.jacoco.core.test.validation.ValidationTestBase.setup(ValidationTestBase.java:66)
    [junit] 
    [junit] 
    [junit] dir attribute ignored if running in the same VM
    [junit] Running org.jacoco.core.test.validation.ImplicitFieldInitializationTest
    [junit] Testsuite: org.jacoco.core.test.validation.ImplicitFieldInitializationTest
    [junit] Tests run: 1, Failures: 0, Errors: 1, Time elapsed: 0.004 sec
    [junit] Tests run: 1, Failures: 0, Errors: 1, Time elapsed: 0.004 sec
    [junit] 
    [junit] Testcase: testCoverageResult(org.jacoco.core.test.validation.ImplicitFieldInitializationTest):	Caused an ERROR
    [junit] org.jacoco.core.instr.Instrumenter.instrument(Lorg/objectweb/asm/ClassReader;)[B
    [junit] java.lang.NoSuchMethodError: org.jacoco.core.instr.Instrumenter.instrument(Lorg/objectweb/asm/ClassReader;)[B
    [junit] 	at org.jacoco.core.test.validation.ValidationTestBase.execute(ValidationTestBase.java:76)
    [junit] 	at org.jacoco.core.test.validation.ValidationTestBase.setup(ValidationTestBase.java:66)
    [junit] 
    [junit] 
    [junit] dir attribute ignored if running in the same VM
    [junit] Running org.jacoco.core.test.validation.InterfaceClassInitializerTest
    [junit] Testsuite: org.jacoco.core.test.validation.InterfaceClassInitializerTest
    [junit] Tests run: 1, Failures: 0, Errors: 1, Time elapsed: 0.002 sec
    [junit] Tests run: 1, Failures: 0, Errors: 1, Time elapsed: 0.002 sec
    [junit] 
    [junit] Testcase: testCoverageResult(org.jacoco.core.test.validation.InterfaceClassInitializerTest):	Caused an ERROR
    [junit] org.jacoco.core.instr.Instrumenter.instrument(Lorg/objectweb/asm/ClassReader;)[B
    [junit] java.lang.NoSuchMethodError: org.jacoco.core.instr.Instrumenter.instrument(Lorg/objectweb/asm/ClassReader;)[B
    [junit] 	at org.jacoco.core.test.validation.ValidationTestBase.execute(ValidationTestBase.java:76)
    [junit] 	at org.jacoco.core.test.validation.ValidationTestBase.setup(ValidationTestBase.java:66)
    [junit] 
    [junit] 
    [junit] dir attribute ignored if running in the same VM
    [junit] Running org.jacoco.core.test.validation.PrivateEmptyDefaultConstructorTest
    [junit] Testsuite: org.jacoco.core.test.validation.PrivateEmptyDefaultConstructorTest
    [junit] Tests run: 1, Failures: 0, Errors: 1, Time elapsed: 0.002 sec
    [junit] Tests run: 1, Failures: 0, Errors: 1, Time elapsed: 0.002 sec
    [junit] 
    [junit] Testcase: testCoverageResult(org.jacoco.core.test.validation.PrivateEmptyDefaultConstructorTest):	Caused an ERROR
    [junit] org.jacoco.core.instr.Instrumenter.instrument(Lorg/objectweb/asm/ClassReader;)[B
    [junit] java.lang.NoSuchMethodError: org.jacoco.core.instr.Instrumenter.instrument(Lorg/objectweb/asm/ClassReader;)[B
    [junit] 	at org.jacoco.core.test.validation.ValidationTestBase.execute(ValidationTestBase.java:76)
    [junit] 	at org.jacoco.core.test.validation.ValidationTestBase.setup(ValidationTestBase.java:66)
    [junit] 
    [junit] 
    [junit] dir attribute ignored if running in the same VM
    [junit] Running org.jacoco.core.test.validation.ProbesBeforeSuperConstructorTest
    [junit] Testsuite: org.jacoco.core.test.validation.ProbesBeforeSuperConstructorTest
    [junit] Tests run: 1, Failures: 0, Errors: 1, Time elapsed: 0.002 sec
    [junit] Tests run: 1, Failures: 0, Errors: 1, Time elapsed: 0.002 sec
    [junit] 
    [junit] Testcase: testCoverageResult(org.jacoco.core.test.validation.ProbesBeforeSuperConstructorTest):	Caused an ERROR
    [junit] org.jacoco.core.instr.Instrumenter.instrument(Lorg/objectweb/asm/ClassReader;)[B
    [junit] java.lang.NoSuchMethodError: org.jacoco.core.instr.Instrumenter.instrument(Lorg/objectweb/asm/ClassReader;)[B
    [junit] 	at org.jacoco.core.test.validation.ValidationTestBase.execute(ValidationTestBase.java:76)
    [junit] 	at org.jacoco.core.test.validation.ValidationTestBase.setup(ValidationTestBase.java:66)
    [junit] 
    [junit] 
    [junit] dir attribute ignored if running in the same VM
    [junit] Running org.jacoco.core.test.validation.SourceTest
    [junit] Testsuite: org.jacoco.core.test.validation.SourceTest
    [junit] Tests run: 8, Failures: 0, Errors: 1, Time elapsed: 0.004 sec
    [junit] Tests run: 8, Failures: 0, Errors: 1, Time elapsed: 0.004 sec
    [junit] 
    [junit] Testcase: testGetSourceFor(org.jacoco.core.test.validation.SourceTest):	Caused an ERROR
    [junit] src/org/jacoco/core/test/validation/SourceTest.java (No such file or directory)
    [junit] java.io.FileNotFoundException: src/org/jacoco/core/test/validation/SourceTest.java (No such file or directory)
    [junit] 	at java.io.FileInputStream.open(Native Method)
    [junit] 	at java.io.FileInputStream.<init>(FileInputStream.java:146)
    [junit] 	at java.io.FileInputStream.<init>(FileInputStream.java:101)
    [junit] 	at java.io.FileReader.<init>(FileReader.java:58)
    [junit] 	at org.jacoco.core.test.validation.Source.getSourceFor(Source.java:44)
    [junit] 	at org.jacoco.core.test.validation.SourceTest.testGetSourceFor(SourceTest.java:81)
    [junit] 
    [junit] 
    [junit] dir attribute ignored if running in the same VM
    [junit] Running org.jacoco.core.tools.ExecDumpClientTest
    [junit] Testsuite: org.jacoco.core.tools.ExecDumpClientTest
    [junit] Tests run: 4, Failures: 0, Errors: 0, Time elapsed: 0.084 sec
    [junit] Tests run: 4, Failures: 0, Errors: 0, Time elapsed: 0.084 sec
    [junit] 
    [junit] dir attribute ignored if running in the same VM
    [junit] Running org.jacoco.core.tools.ExecFileLoaderTest
    [junit] Testsuite: org.jacoco.core.tools.ExecFileLoaderTest
    [junit] Tests run: 6, Failures: 0, Errors: 0, Time elapsed: 0.006 sec
    [junit] Tests run: 6, Failures: 0, Errors: 0, Time elapsed: 0.006 sec
    [junit] 

BUILD SUCCESSFUL
Total time: 2 seconds
