    [junit] Testsuite: com.sap.netweaver.porta.core.TestServerFactory
    [junit] Tests run: 1, Failures: 0, Errors: 1, Time elapsed: 0.021 sec
    [junit] Tests run: 1, Failures: 0, Errors: 1, Time elapsed: 0.021 sec
    [junit] 
    [junit] Testcase: initializationError took 0.003 sec
    [junit] 	Caused an ERROR
    [junit] No runnable methods
    [junit] java.lang.Exception: No runnable methods
    [junit] 	at java.lang.reflect.Constructor.newInstance(Constructor.java:526)
    [junit] 
    [junit] Test com.sap.netweaver.porta.core.TestServerFactory FAILED

    [junit] Testsuite: com.sap.netweaver.porta.ide.eclipse.tests.junitcompatibility.ArrayComparisonFailure
    [junit] Tests run: 2, Failures: 0, Errors: 2, Time elapsed: 0.033 sec
    [junit] Tests run: 2, Failures: 0, Errors: 2, Time elapsed: 0.033 sec
    [junit] 
    [junit] Testcase: initializationError took 0.004 sec
    [junit] 	Caused an ERROR
    [junit] Test class should have exactly one public zero-argument constructor
    [junit] java.lang.Exception: Test class should have exactly one public zero-argument constructor
    [junit] 	at java.lang.reflect.Constructor.newInstance(Constructor.java:526)
    [junit] 
    [junit] Testcase: initializationError took 0 sec
    [junit] 	Caused an ERROR
    [junit] No runnable methods
    [junit] java.lang.Exception: No runnable methods
    [junit] 	at java.lang.reflect.Constructor.newInstance(Constructor.java:526)
    [junit] 
    [junit] Test com.sap.netweaver.porta.ide.eclipse.tests.junitcompatibility.ArrayComparisonFailure FAILED

