 [junit] Running org.apache.commons.io.input.ReversedLinesFileReaderTestParamBlockSize
    [junit] Tests run: 65, Failures: 0, Errors: 65, Time elapsed: 0.087 sec
    [junit] TEST org.apache.commons.io.input.ReversedLinesFileReaderTestParamBlockSize FAILED

    [junit] Running org.apache.commons.io.input.ReversedLinesFileReaderTestParamFile
    [junit] Tests run: 13, Failures: 0, Errors: 13, Time elapsed: 0.013 sec
    [junit] TEST org.apache.commons.io.input.ReversedLinesFileReaderTestParamFile FAILED

    [junit] Running org.apache.commons.io.input.ReversedLinesFileReaderTestSimple
    [junit] Tests run: 3, Failures: 0, Errors: 3, Time elapsed: 0.002 sec
    [junit] TEST org.apache.commons.io.input.ReversedLinesFileReaderTestSimple FAILED

